[2025-07-02_16-04-54-391] Calling page.goto with args: ["https://stg.my.deliverit.com.au/"]
[2025-07-02_16-04-54-991] Calling page.getByRole with args: ["textbox",{"name":"Email"}]
[2025-07-02_16-04-54-992] Calling locator.click with args: []
[2025-07-02_16-04-55-097] Calling page.getByRole with args: ["textbox",{"name":"Email"}]
[2025-07-02_16-04-55-098] Calling locator.fill with args: ["vin.cuenza@easypos.com.ph"]
[2025-07-02_16-04-55-109] Calling page.getByRole with args: ["textbox",{"name":"Password"}]
[2025-07-02_16-04-55-116] Calling locator.click with args: []
[2025-07-02_16-04-55-163] Calling page.getByRole with args: ["textbox",{"name":"Password"}]
[2025-07-02_16-04-55-164] Calling locator.fill with args: ["Aa1234567890!"]
[2025-07-02_16-04-55-176] Calling page.getByRole with args: ["button",{"name":"Sign in"}]
[2025-07-02_16-04-55-177] Calling locator.click with args: []
[2025-07-02_16-04-55-229] Calling page.waitForTimeout with args: [10000]
[2025-07-02_16-05-05-244] Calling page.locator with args: ["#btn-store-selector"]
[2025-07-02_16-05-05-244] Calling locator.nth with args: [0]
[2025-07-02_16-05-05-245] Calling locator.click with args: []
[2025-07-02_16-05-05-413] Calling page.getByRole with args: ["searchbox",{"name":"Search"}]
[2025-07-02_16-05-05-414] Calling locator.click with args: []
[2025-07-02_16-05-05-617] Calling page.viewportSize with args: []
[2025-07-02_16-05-05-617] Calling page.waitForTimeout with args: [2000]
[2025-07-02_16-05-05-619] Calling page.getByRole with args: ["searchbox",{"name":"Search"}]
[2025-07-02_16-05-05-620] Calling locator.fill with args: ["VS Test Store 03"]
[2025-07-02_16-05-05-646] Calling page.getByRole with args: ["button",{"name":"VS Test Store 03"}]
[2025-07-02_16-05-05-646] Calling locator.click with args: []
[2025-07-02_16-05-05-747] Calling page.waitForTimeout with args: [10000]
[2025-07-02_16-05-15-765] Calling page.getByRole with args: ["textbox",{"name":"Search PLU / Item Name here"}]
[2025-07-02_16-05-15-766] Calling locator.click with args: []
[2025-07-02_16-05-15-813] Calling page.getByRole with args: ["textbox",{"name":"Search PLU / Item Name here"}]
[2025-07-02_16-05-15-814] Calling locator.fill with args: ["STP04"]
[2025-07-02_16-05-15-842] Calling page.locator with args: ["xpath=//div[@id=\"row-0\"]"]
[2025-07-02_16-05-15-843] Calling locator.nth with args: [0]
[2025-07-02_16-05-15-843] Calling locator.click with args: []
[2025-07-02_16-05-15-907] Calling page.waitForTimeout with args: [500]
[2025-07-02_16-05-16-432] Calling page.screenshot with args: [{"path":"screenshots/Single_Item_-_ALL-CHROMIUM-1366x768-2025-07-02_16-05-16-431.jpg"}]
[2025-07-02_16-05-16-696] Calling page.getByRole with args: ["textbox",{"name":"Display Name"}]
[2025-07-02_16-05-16-697] Calling locator.click with args: []
[2025-07-02_16-05-17-626] Calling keyboard.press with args: ["i"]
[2025-07-02_16-05-17-661] Calling keyboard.press with args: ["z"]
[2025-07-02_16-05-17-683] Calling keyboard.press with args: ["d"]
[2025-07-02_16-05-17-723] Calling page.getByRole with args: ["textbox",{"name":"Print Name"}]
[2025-07-02_16-05-17-725] Calling locator.click with args: []
[2025-07-02_16-05-17-819] Calling keyboard.press with args: ["i"]
[2025-07-02_16-05-17-836] Calling keyboard.press with args: ["z"]
[2025-07-02_16-05-17-862] Calling keyboard.press with args: ["d"]
[2025-07-02_16-05-17-880] Calling page.getByRole with args: ["textbox",{"name":"Description"}]
[2025-07-02_16-05-17-881] Calling locator.click with args: []
[2025-07-02_16-05-18-013] Calling keyboard.press with args: ["i"]
[2025-07-02_16-05-18-046] Calling keyboard.press with args: ["z"]
[2025-07-02_16-05-18-065] Calling keyboard.press with args: ["d"]
[2025-07-02_16-05-18-084] Calling page.screenshot with args: [{"path":"screenshots/Single_Item_-_ALL-CHROMIUM-1366x768-2025-07-02_16-05-18-083.jpg"}]
[2025-07-02_16-05-18-248] Calling page.getByRole with args: ["tab",{"name":"Pricing"}]
[2025-07-02_16-05-18-248] Calling locator.click with args: []
[2025-07-02_16-05-18-321] Calling page.screenshot with args: [{"path":"screenshots/Single_Item_-_ALL-CHROMIUM-1366x768-2025-07-02_16-05-18-320.jpg"}]
[2025-07-02_16-05-18-460] Calling page.locator with args: ["input[name=\"applyAll\"]"]
[2025-07-02_16-05-18-460] Calling locator.check with args: []
[2025-07-02_16-05-18-536] Calling page.locator with args: ["input[name=\"SellPrice\"]"]
[2025-07-02_16-05-18-537] Calling locator.inputValue with args: []
[2025-07-02_16-05-18-545] → locator.inputValue returned: "0"
[2025-07-02_16-05-18-546] Calling page.locator with args: ["input[name=\"SellPrice\"]"]
[2025-07-02_16-05-18-547] Calling locator.fill with args: ["4"]
[2025-07-02_16-05-18-586] Calling page.screenshot with args: [{"path":"screenshots/Single_Item_-_ALL-CHROMIUM-1366x768-2025-07-02_16-05-18-585.jpg"}]
[2025-07-02_16-05-18-764] Calling page.locator with args: ["#tabs-edit-menu-item-tab-extras"]
[2025-07-02_16-05-18-764] Calling locator.click with args: []
[2025-07-02_16-05-18-863] Calling page.screenshot with args: [{"path":"screenshots/Single_Item_-_ALL-CHROMIUM-1366x768-2025-07-02_16-05-18-862.jpg"}]
[2025-07-02_16-05-19-085] Calling page.locator with args: ["label[for='extras-selected-0']"]
[2025-07-02_16-05-19-085] Calling locator.isVisible with args: []
[2025-07-02_16-05-19-097] → locator.isVisible returned: true
[2025-07-02_16-05-19-098] Calling locator.click with args: []
[2025-07-02_16-05-19-230] Calling locator.isVisible with args: []
[2025-07-02_16-05-19-248] → locator.isVisible returned: true
[2025-07-02_16-05-19-249] Calling locator.click with args: []
[2025-07-02_16-05-19-327] Calling locator.isVisible with args: []
[2025-07-02_16-05-19-336] → locator.isVisible returned: false
[2025-07-02_16-05-19-337] Calling page.getByRole with args: ["combobox"]
[2025-07-02_16-05-19-340] Calling locator.click with args: []
[2025-07-02_16-05-19-430] Calling page.getByRole with args: ["combobox"]
[2025-07-02_16-05-19-430] Calling locator.locator with args: ["option"]
[2025-07-02_16-05-19-430] Calling locator.allTextContents with args: []
[2025-07-02_16-05-19-461] Calling locator.selectOption with args: [{"label":"Pizza (52)"}]
[2025-07-02_16-05-19-506] Calling page.locator with args: ["label[for='extras-0']"]
[2025-07-02_16-05-19-508] Calling locator.click with args: []
[2025-07-02_16-05-19-597] Calling page.locator with args: ["label[for='extras-1']"]
[2025-07-02_16-05-19-598] Calling locator.click with args: []
[2025-07-02_16-05-19-730] Calling page.locator with args: ["label[for='extras-2']"]
[2025-07-02_16-05-19-730] Calling locator.click with args: []
[2025-07-02_16-05-19-883] Calling page.locator with args: ["label[for='extras-3']"]
[2025-07-02_16-05-19-884] Calling locator.click with args: []
[2025-07-02_16-05-19-996] Calling page.locator with args: ["label[for='extras-4']"]
[2025-07-02_16-05-19-997] Calling locator.click with args: []
[2025-07-02_16-05-20-115] Calling page.screenshot with args: [{"path":"screenshots/Single_Item_-_ALL-CHROMIUM-1366x768-2025-07-02_16-05-20-114.jpg"}]
[2025-07-02_16-05-20-327] Calling page.locator with args: ["#tabs-edit-menu-item-tab-item_options"]
[2025-07-02_16-05-20-328] Calling locator.click with args: []
[2025-07-02_16-05-20-427] Calling page.waitForTimeout with args: [3000]
[2025-07-02_16-05-23-447] Calling page.screenshot with args: [{"path":"screenshots/Single_Item_-_ALL-CHROMIUM-1366x768-2025-07-02_16-05-23-446.jpg"}]
[2025-07-02_16-05-23-616] Calling page.locator with args: ["div.col-2.modal-item-option-right-button > button"]
[2025-07-02_16-05-23-617] Calling locator.nth with args: [0]
[2025-07-02_16-05-23-617] Calling locator.count with args: []
[2025-07-02_16-05-23-637] → locator.count returned: 1
[2025-07-02_16-05-23-637] Calling locator.isVisible with args: []
[2025-07-02_16-05-23-645] → locator.isVisible returned: true
[2025-07-02_16-05-23-645] Calling locator.click with args: []
[2025-07-02_16-05-23-732] Calling page.locator with args: ["div.col-2.modal-item-option-right-button > button"]
[2025-07-02_16-05-23-732] Calling locator.nth with args: [0]
[2025-07-02_16-05-23-733] Calling locator.count with args: []
[2025-07-02_16-05-23-749] → locator.count returned: 1
[2025-07-02_16-05-23-750] Calling locator.isVisible with args: []
[2025-07-02_16-05-23-762] → locator.isVisible returned: true
[2025-07-02_16-05-23-763] Calling locator.click with args: []
[2025-07-02_16-05-23-837] Calling page.locator with args: ["div.col-2.modal-item-option-right-button > button"]
[2025-07-02_16-05-23-838] Calling locator.nth with args: [0]
[2025-07-02_16-05-23-839] Calling locator.count with args: []
[2025-07-02_16-05-23-846] → locator.count returned: 1
[2025-07-02_16-05-23-847] Calling locator.isVisible with args: []
[2025-07-02_16-05-23-857] → locator.isVisible returned: true
[2025-07-02_16-05-23-857] Calling locator.click with args: []
[2025-07-02_16-05-23-903] Calling page.screenshot with args: [{"path":"screenshots/Single_Item_-_ALL-CHROMIUM-1366x768-2025-07-02_16-05-23-902.jpg"}]
[2025-07-02_16-05-24-069] Calling page.locator with args: ["div.col-2.modal-item-option-left-button > button"]
[2025-07-02_16-05-24-069] Calling locator.count with args: []
[2025-07-02_16-05-24-077] → locator.count returned: 3
[2025-07-02_16-05-24-078] Calling page.screenshot with args: [{"path":"screenshots/Single_Item_-_ALL-CHROMIUM-1366x768-2025-07-02_16-05-24-078.jpg"}]
[2025-07-02_16-05-24-204] Calling page.getByRole with args: ["button",{"name":"Save"}]
[2025-07-02_16-05-24-204] Calling locator.click with args: []
[2025-07-02_16-05-24-313] Calling page.waitForTimeout with args: [10000]
[2025-07-02_16-05-34-332] Calling page.locator with args: ["xpath=//button[@id=\"deploy-button\"]"]
[2025-07-02_16-05-34-334] Calling locator.click with args: []
[2025-07-02_16-05-34-388] Calling page.getByRole with args: ["button",{"name":"Next"}]
[2025-07-02_16-05-34-389] Calling locator.click with args: []
[2025-07-02_16-05-34-800] Calling page.getByRole with args: ["button",{"name":"Next"}]
[2025-07-02_16-05-34-801] Calling locator.click with args: []
[2025-07-02_16-05-36-424] Calling page.getByRole with args: ["button",{"name":"Deploy (1)"}]
[2025-07-02_16-05-36-425] Calling locator.click with args: []
[2025-07-02_16-05-37-325] Calling page.getByRole with args: ["button"]
[2025-07-02_16-05-37-326] Calling locator.filter with args: [{"hasText":{}}]
[2025-07-02_16-05-37-327] Calling locator.click with args: []
[2025-07-02_16-05-37-760] Calling page.getByRole with args: ["textbox"]
[2025-07-02_16-05-37-761] Calling locator.press with args: ["ControlOrMeta+a"]
[2025-07-02_16-05-37-783] Calling page.getByRole with args: ["textbox"]
[2025-07-02_16-05-37-784] Calling locator.fill with args: ["Single_Item_-_ALL-CHROMIUM-1366x768-2025-07-02_16-04-54-391"]
[2025-07-02_16-05-37-938] Calling page.getByRole with args: ["button"]
[2025-07-02_16-05-37-939] Calling locator.filter with args: [{"hasText":{}}]
[2025-07-02_16-05-37-939] Calling locator.click with args: []
[2025-07-02_16-05-38-078] Calling page.getByRole with args: ["button",{"name":"Continue Deploy"}]
[2025-07-02_16-05-38-079] Calling locator.click with args: []
[2025-07-02_16-05-38-168] Calling page.waitForTimeout with args: [5000]
[2025-07-02_16-05-43-184] Calling page.goto with args: ["https://stg.my.deliverit.com.au/deployment-log"]
[2025-07-02_16-05-43-471] Calling page.waitForTimeout with args: [10000]
[2025-07-02_16-05-53-478] Calling page.getByRole with args: ["cell",{"name":"Single_Item_-_ALL-CHROMIUM-1366x768-2025-07-02_16-04-54-391"}]
[2025-07-02_16-05-53-478] Calling locator.count with args: []
[2025-07-02_16-05-53-480] Calling page.waitForTimeout with args: [5000]
[2025-07-02_16-05-53-499] → locator.count returned: 1
[2025-07-02_16-05-53-500] Calling locator.isVisible with args: []
[2025-07-02_16-05-53-509] → locator.isVisible returned: true
[2025-07-02_16-05-53-509] Calling locator.click with args: []
[2025-07-02_16-05-58-494] Calling page.locator with args: ["span.styles_id-value__MH_QF"]
[2025-07-02_16-05-58-495] Calling locator.textContent with args: []
[2025-07-02_16-05-58-500] → locator.textContent returned: "DYP-jxzrdtklj0hc9qub49m13pl211016"
