[2025-07-02_13-56-39-277] Calling page.goto with args: ["https://stg.my.deliverit.com.au/"]
[2025-07-02_13-56-39-983] Calling page.getByRole with args: ["textbox",{"name":"Email"}]
[2025-07-02_13-56-39-984] Calling locator.click with args: []
[2025-07-02_13-56-40-104] Calling page.getByRole with args: ["textbox",{"name":"Email"}]
[2025-07-02_13-56-40-104] Calling locator.fill with args: ["vin.cuenza@easypos.com.ph"]
[2025-07-02_13-56-40-140] Calling page.getByRole with args: ["textbox",{"name":"Password"}]
[2025-07-02_13-56-40-140] Calling locator.click with args: []
[2025-07-02_13-56-40-201] Calling page.getByRole with args: ["textbox",{"name":"Password"}]
[2025-07-02_13-56-40-202] Calling locator.fill with args: ["Aa1234567890!"]
[2025-07-02_13-56-40-228] Calling page.getByRole with args: ["button",{"name":"Sign in"}]
[2025-07-02_13-56-40-229] Calling locator.click with args: []
[2025-07-02_13-56-40-306] Calling page.waitForTimeout with args: [10000]
[2025-07-02_13-56-50-338] Calling page.locator with args: ["#btn-store-selector"]
[2025-07-02_13-56-50-339] Calling locator.nth with args: [0]
[2025-07-02_13-56-50-340] Calling locator.click with args: []
[2025-07-02_13-56-50-726] Calling page.getByRole with args: ["searchbox",{"name":"Search"}]
[2025-07-02_13-56-50-727] Calling locator.click with args: []
[2025-07-02_13-56-51-016] Calling page.viewportSize with args: []
[2025-07-02_13-56-51-038] Calling page.getByRole with args: ["searchbox",{"name":"Search"}]
[2025-07-02_13-56-51-039] Calling locator.fill with args: ["VS Test Store 01"]
[2025-07-02_13-56-51-471] Calling page.getByRole with args: ["button",{"name":"VS Test Store 01"}]
[2025-07-02_13-56-51-472] Calling locator.click with args: []
[2025-07-02_13-56-51-600] Calling page.waitForTimeout with args: [10000]
[2025-07-02_13-57-01-627] Calling page.getByRole with args: ["textbox",{"name":"Search PLU / Item Name here"}]
[2025-07-02_13-57-01-627] Calling locator.click with args: []
[2025-07-02_13-57-01-668] Calling page.getByRole with args: ["textbox",{"name":"Search PLU / Item Name here"}]
[2025-07-02_13-57-01-669] Calling locator.fill with args: ["STP03"]
[2025-07-02_13-57-01-855] Calling page.locator with args: ["xpath=//div[@id=\"row-0\"]"]
[2025-07-02_13-57-01-856] Calling locator.nth with args: [0]
[2025-07-02_13-57-01-856] Calling locator.click with args: []
[2025-07-02_13-57-02-004] Calling page.getByRole with args: ["textbox",{"name":"Display Name"}]
[2025-07-02_13-57-02-004] Calling locator.click with args: []
[2025-07-02_13-57-04-076] Calling keyboard.press with args: ["w"]
[2025-07-02_13-57-04-144] Calling keyboard.press with args: ["q"]
[2025-07-02_13-57-04-186] Calling keyboard.press with args: ["f"]
[2025-07-02_13-57-04-310] Calling page.getByRole with args: ["textbox",{"name":"Print Name"}]
[2025-07-02_13-57-04-310] Calling locator.click with args: []
[2025-07-02_13-57-04-520] Calling keyboard.press with args: ["w"]
[2025-07-02_13-57-04-551] Calling keyboard.press with args: ["q"]
[2025-07-02_13-57-04-584] Calling keyboard.press with args: ["f"]
[2025-07-02_13-57-04-610] Calling page.getByRole with args: ["textbox",{"name":"Description"}]
[2025-07-02_13-57-04-610] Calling locator.click with args: []
[2025-07-02_13-57-04-720] Calling keyboard.press with args: ["w"]
[2025-07-02_13-57-04-755] Calling keyboard.press with args: ["q"]
[2025-07-02_13-57-04-783] Calling keyboard.press with args: ["f"]
[2025-07-02_13-57-04-803] Calling page.screenshot with args: [{"path":"screenshots/Single_Item_-_General_Info-CHROMIUM-1920x1080-2025-07-02_13-57-04-803.jpg"}]
[2025-07-02_13-57-05-117] Calling page.getByRole with args: ["button",{"name":"Save"}]
[2025-07-02_13-57-05-119] Calling locator.click with args: []
[2025-07-02_13-57-05-276] Calling page.waitForTimeout with args: [10000]
[2025-07-02_13-57-15-359] Calling page.locator with args: ["xpath=//button[@id=\"deploy-button\"]"]
[2025-07-02_13-57-15-360] Calling locator.click with args: []
[2025-07-02_13-57-15-549] Calling page.getByRole with args: ["button",{"name":"Next"}]
[2025-07-02_13-57-15-549] Calling locator.click with args: []
[2025-07-02_13-57-16-080] Calling page.getByRole with args: ["button",{"name":"Next"}]
[2025-07-02_13-57-16-081] Calling locator.click with args: []
[2025-07-02_13-57-17-662] Calling page.getByRole with args: ["button",{"name":"Deploy (1)"}]
[2025-07-02_13-57-17-662] Calling locator.click with args: []
[2025-07-02_13-57-18-729] Calling page.getByRole with args: ["button"]
[2025-07-02_13-57-18-729] Calling locator.filter with args: [{"hasText":{}}]
[2025-07-02_13-57-18-730] Calling locator.click with args: []
[2025-07-02_13-57-19-373] Calling page.getByRole with args: ["textbox"]
[2025-07-02_13-57-19-374] Calling locator.press with args: ["ControlOrMeta+a"]
[2025-07-02_13-57-19-438] Calling page.getByRole with args: ["textbox"]
[2025-07-02_13-57-19-439] Calling locator.fill with args: ["Single_Item_-_General_Info-CHROMIUM-1920x1080-2025-07-02_13-56-39-277"]
[2025-07-02_13-57-19-521] Calling page.getByRole with args: ["button"]
[2025-07-02_13-57-19-522] Calling locator.filter with args: [{"hasText":{}}]
[2025-07-02_13-57-19-523] Calling locator.click with args: []
[2025-07-02_13-57-19-975] Calling page.getByRole with args: ["button",{"name":"Continue Deploy"}]
[2025-07-02_13-57-19-976] Calling locator.click with args: []
[2025-07-02_13-57-20-157] Calling page.waitForTimeout with args: [5000]
[2025-07-02_13-57-25-174] Calling page.goto with args: ["https://stg.my.deliverit.com.au/deployment-log"]
[2025-07-02_13-57-25-758] Calling page.waitForTimeout with args: [10000]
[2025-07-02_13-57-35-783] Calling page.getByRole with args: ["cell",{"name":"Single_Item_-_General_Info-CHROMIUM-1920x1080-2025-07-02_13-56-39-277"}]
[2025-07-02_13-57-35-783] Calling locator.count with args: []
[2025-07-02_13-57-35-786] Calling page.waitForTimeout with args: [5000]
[2025-07-02_13-57-35-825] → locator.count returned: 1
[2025-07-02_13-57-35-825] Calling locator.isVisible with args: []
[2025-07-02_13-57-35-842] → locator.isVisible returned: true
[2025-07-02_13-57-35-843] Calling locator.click with args: []
[2025-07-02_13-57-40-817] Calling page.locator with args: ["span.styles_id-value__MH_QF"]
[2025-07-02_13-57-40-818] Calling locator.textContent with args: []
[2025-07-02_13-57-40-830] → locator.textContent returned: "DYP-r6o9dp6lfkbid69icuotgotw11014"
