[2025-07-02_16-02-09-555] Calling page.goto with args: ["https://stg.my.deliverit.com.au/"]
[2025-07-02_16-02-10-118] Calling page.getByRole with args: ["textbox",{"name":"Email"}]
[2025-07-02_16-02-10-119] Calling locator.click with args: []
[2025-07-02_16-02-10-228] Calling page.getByRole with args: ["textbox",{"name":"Email"}]
[2025-07-02_16-02-10-229] Calling locator.fill with args: ["vin.cuenza@easypos.com.ph"]
[2025-07-02_16-02-10-243] Calling page.getByRole with args: ["textbox",{"name":"Password"}]
[2025-07-02_16-02-10-250] Calling locator.click with args: []
[2025-07-02_16-02-10-291] Calling page.getByRole with args: ["textbox",{"name":"Password"}]
[2025-07-02_16-02-10-292] Calling locator.fill with args: ["Aa1234567890!"]
[2025-07-02_16-02-10-304] Calling page.getByRole with args: ["button",{"name":"Sign in"}]
[2025-07-02_16-02-10-305] Calling locator.click with args: []
[2025-07-02_16-02-10-353] Calling page.waitForTimeout with args: [10000]
[2025-07-02_16-02-20-366] Calling page.locator with args: ["#btn-store-selector"]
[2025-07-02_16-02-20-367] Calling locator.nth with args: [0]
[2025-07-02_16-02-20-367] Calling locator.click with args: []
[2025-07-02_16-02-20-479] Calling page.getByRole with args: ["searchbox",{"name":"Search"}]
[2025-07-02_16-02-20-480] Calling locator.click with args: []
[2025-07-02_16-02-20-675] Calling page.viewportSize with args: []
[2025-07-02_16-02-20-675] Calling page.waitForTimeout with args: [1000]
[2025-07-02_16-02-20-677] Calling page.getByRole with args: ["searchbox",{"name":"Search"}]
[2025-07-02_16-02-20-678] Calling locator.fill with args: ["VS Test Store 02"]
[2025-07-02_16-02-20-697] Calling page.getByRole with args: ["button",{"name":"VS Test Store 02"}]
[2025-07-02_16-02-20-698] Calling locator.click with args: []
[2025-07-02_16-02-20-781] Calling page.waitForTimeout with args: [10000]
[2025-07-02_16-02-30-787] Calling page.getByRole with args: ["textbox",{"name":"Search PLU / Item Name here"}]
[2025-07-02_16-02-30-787] Calling locator.click with args: []
[2025-07-02_16-02-30-823] Calling page.getByRole with args: ["textbox",{"name":"Search PLU / Item Name here"}]
[2025-07-02_16-02-30-823] Calling locator.fill with args: ["STP03"]
[2025-07-02_16-02-30-842] Calling page.locator with args: ["xpath=//div[@id=\"row-0\"]"]
[2025-07-02_16-02-30-843] Calling locator.nth with args: [0]
[2025-07-02_16-02-30-843] Calling locator.click with args: []
[2025-07-02_16-02-30-902] Calling page.locator with args: ["#tabs-edit-menu-item-tab-item_options"]
[2025-07-02_16-02-30-903] Calling locator.click with args: []
[2025-07-02_16-02-32-308] Calling page.waitForTimeout with args: [3000]
[2025-07-02_16-02-35-322] Calling page.screenshot with args: [{"path":"screenshots/Single_Item_-_Modifiers-CHROMIUM-1680x1050-2025-07-02_16-02-35-322.jpg"}]
[2025-07-02_16-02-35-469] Calling page.locator with args: ["div.col-2.modal-item-option-right-button > button"]
[2025-07-02_16-02-35-470] Calling locator.nth with args: [0]
[2025-07-02_16-02-35-470] Calling locator.count with args: []
[2025-07-02_16-02-35-477] → locator.count returned: 1
[2025-07-02_16-02-35-478] Calling locator.isVisible with args: []
[2025-07-02_16-02-35-485] → locator.isVisible returned: true
[2025-07-02_16-02-35-485] Calling locator.click with args: []
[2025-07-02_16-02-35-545] Calling page.locator with args: ["div.col-2.modal-item-option-right-button > button"]
[2025-07-02_16-02-35-546] Calling locator.nth with args: [0]
[2025-07-02_16-02-35-546] Calling locator.count with args: []
[2025-07-02_16-02-35-564] → locator.count returned: 1
[2025-07-02_16-02-35-565] Calling locator.isVisible with args: []
[2025-07-02_16-02-35-572] → locator.isVisible returned: true
[2025-07-02_16-02-35-573] Calling locator.click with args: []
[2025-07-02_16-02-35-626] Calling page.locator with args: ["div.col-2.modal-item-option-right-button > button"]
[2025-07-02_16-02-35-627] Calling locator.nth with args: [0]
[2025-07-02_16-02-35-627] Calling locator.count with args: []
[2025-07-02_16-02-35-631] → locator.count returned: 1
[2025-07-02_16-02-35-632] Calling locator.isVisible with args: []
[2025-07-02_16-02-35-646] → locator.isVisible returned: true
[2025-07-02_16-02-35-647] Calling locator.click with args: []
[2025-07-02_16-02-35-714] Calling page.screenshot with args: [{"path":"screenshots/Single_Item_-_Modifiers-CHROMIUM-1680x1050-2025-07-02_16-02-35-714.jpg"}]
[2025-07-02_16-02-35-871] Calling page.locator with args: ["div.col-2.modal-item-option-left-button > button"]
[2025-07-02_16-02-35-872] Calling locator.count with args: []
[2025-07-02_16-02-35-876] → locator.count returned: 3
[2025-07-02_16-02-35-877] Calling page.screenshot with args: [{"path":"screenshots/Single_Item_-_Modifiers-CHROMIUM-1680x1050-2025-07-02_16-02-35-876.jpg"}]
[2025-07-02_16-02-36-013] Calling page.getByRole with args: ["button",{"name":"Save"}]
[2025-07-02_16-02-36-014] Calling locator.click with args: []
[2025-07-02_16-02-36-104] Calling page.waitForTimeout with args: [10000]
[2025-07-02_16-02-46-112] Calling page.locator with args: ["xpath=//button[@id=\"deploy-button\"]"]
[2025-07-02_16-02-46-113] Calling locator.click with args: []
[2025-07-02_16-02-46-166] Calling page.getByRole with args: ["button",{"name":"Next"}]
[2025-07-02_16-02-46-169] Calling locator.click with args: []
[2025-07-02_16-02-46-662] Calling page.getByRole with args: ["button",{"name":"Next"}]
[2025-07-02_16-02-46-664] Calling locator.click with args: []
[2025-07-02_16-02-48-077] Calling page.getByRole with args: ["button",{"name":"Deploy (1)"}]
[2025-07-02_16-02-48-077] Calling locator.click with args: []
[2025-07-02_16-02-48-955] Calling page.getByRole with args: ["button"]
[2025-07-02_16-02-48-957] Calling locator.filter with args: [{"hasText":{}}]
[2025-07-02_16-02-48-958] Calling locator.click with args: []
[2025-07-02_16-02-49-074] Calling page.getByRole with args: ["textbox"]
[2025-07-02_16-02-49-075] Calling locator.press with args: ["ControlOrMeta+a"]
[2025-07-02_16-02-49-326] Calling page.getByRole with args: ["textbox"]
[2025-07-02_16-02-49-327] Calling locator.fill with args: ["Single_Item_-_Modifiers-CHROMIUM-1680x1050-2025-07-02_16-02-09-554"]
[2025-07-02_16-02-49-426] Calling page.getByRole with args: ["button"]
[2025-07-02_16-02-49-427] Calling locator.filter with args: [{"hasText":{}}]
[2025-07-02_16-02-49-428] Calling locator.click with args: []
[2025-07-02_16-02-49-542] Calling page.getByRole with args: ["button",{"name":"Continue Deploy"}]
[2025-07-02_16-02-49-542] Calling locator.click with args: []
[2025-07-02_16-02-49-615] Calling page.waitForTimeout with args: [5000]
[2025-07-02_16-02-54-618] Calling page.goto with args: ["https://stg.my.deliverit.com.au/deployment-log"]
[2025-07-02_16-02-55-030] Calling page.waitForTimeout with args: [10000]
[2025-07-02_16-03-05-039] Calling page.getByRole with args: ["cell",{"name":"Single_Item_-_Modifiers-CHROMIUM-1680x1050-2025-07-02_16-02-09-554"}]
[2025-07-02_16-03-05-039] Calling locator.count with args: []
[2025-07-02_16-03-05-042] Calling page.waitForTimeout with args: [5000]
[2025-07-02_16-03-05-062] → locator.count returned: 1
[2025-07-02_16-03-05-063] Calling locator.isVisible with args: []
[2025-07-02_16-03-05-070] → locator.isVisible returned: true
[2025-07-02_16-03-05-071] Calling locator.click with args: []
[2025-07-02_16-03-10-058] Calling page.locator with args: ["span.styles_id-value__MH_QF"]
[2025-07-02_16-03-10-059] Calling locator.textContent with args: []
[2025-07-02_16-03-10-064] → locator.textContent returned: "DYP-andb1a96xjxrams0w1oybm5t11015"
