[2025-07-02_16-10-17-502] Calling page.goto with args: ["https://stg.my.deliverit.com.au/"]
[2025-07-02_16-10-19-467] Calling page.getByRole with args: ["textbox",{"name":"Email"}]
[2025-07-02_16-10-19-469] Calling locator.click with args: []
[2025-07-02_16-10-19-699] Calling page.getByRole with args: ["textbox",{"name":"Email"}]
[2025-07-02_16-10-19-699] Calling locator.fill with args: ["vin.cuenza@easypos.com.ph"]
[2025-07-02_16-10-19-780] Calling page.getByRole with args: ["textbox",{"name":"Password"}]
[2025-07-02_16-10-19-782] Calling locator.click with args: []
[2025-07-02_16-10-19-983] Calling page.getByRole with args: ["textbox",{"name":"Password"}]
[2025-07-02_16-10-19-984] Calling locator.fill with args: ["Aa1234567890!"]
[2025-07-02_16-10-20-096] Calling page.getByRole with args: ["button",{"name":"Sign in"}]
[2025-07-02_16-10-20-097] Calling locator.click with args: []
[2025-07-02_16-10-20-270] Calling page.waitForTimeout with args: [10000]
[2025-07-02_16-10-30-280] Calling page.locator with args: ["#btn-store-selector"]
[2025-07-02_16-10-30-281] Calling locator.nth with args: [0]
[2025-07-02_16-10-30-281] Calling locator.click with args: []
[2025-07-02_16-10-30-484] Calling page.getByRole with args: ["searchbox",{"name":"Search"}]
[2025-07-02_16-10-30-485] Calling locator.click with args: []
[2025-07-02_16-10-30-696] Calling page.viewportSize with args: []
[2025-07-02_16-10-30-696] Calling page.waitForTimeout with args: [2000]
[2025-07-02_16-10-30-698] Calling page.getByRole with args: ["searchbox",{"name":"Search"}]
[2025-07-02_16-10-30-698] Calling locator.fill with args: ["VS Test Store 03"]
[2025-07-02_16-10-30-732] Calling page.getByRole with args: ["button",{"name":"VS Test Store 03"}]
[2025-07-02_16-10-30-733] Calling locator.click with args: []
[2025-07-02_16-10-30-900] Calling page.waitForTimeout with args: [10000]
[2025-07-02_16-10-40-909] Calling page.getByRole with args: ["textbox",{"name":"Search PLU / Item Name here"}]
[2025-07-02_16-10-40-911] Calling locator.click with args: []
[2025-07-02_16-10-40-997] Calling page.getByRole with args: ["textbox",{"name":"Search PLU / Item Name here"}]
[2025-07-02_16-10-40-997] Calling locator.fill with args: ["STP01"]
[2025-07-02_16-10-41-026] Calling page.locator with args: ["xpath=//div[@id=\"row-0\"]"]
[2025-07-02_16-10-41-026] Calling locator.nth with args: [0]
[2025-07-02_16-10-41-027] Calling locator.click with args: []
[2025-07-02_16-10-41-157] Calling page.waitForTimeout with args: [500]
[2025-07-02_16-10-41-676] Calling page.screenshot with args: [{"path":"screenshots/Single_Item_-_ALL-FIREFOX-1366x768-2025-07-02_16-10-41-676.jpg"}]
[2025-07-02_16-10-41-748] Calling page.getByRole with args: ["textbox",{"name":"Display Name"}]
[2025-07-02_16-10-41-748] Calling locator.click with args: []
[2025-07-02_16-10-42-711] Calling keyboard.press with args: ["x"]
[2025-07-02_16-10-42-740] Calling keyboard.press with args: ["l"]
[2025-07-02_16-10-42-761] Calling keyboard.press with args: ["j"]
[2025-07-02_16-10-42-782] Calling page.getByRole with args: ["textbox",{"name":"Print Name"}]
[2025-07-02_16-10-42-782] Calling locator.click with args: []
[2025-07-02_16-10-42-843] Calling keyboard.press with args: ["x"]
[2025-07-02_16-10-42-860] Calling keyboard.press with args: ["l"]
[2025-07-02_16-10-42-871] Calling keyboard.press with args: ["j"]
[2025-07-02_16-10-42-880] Calling page.getByRole with args: ["textbox",{"name":"Description"}]
[2025-07-02_16-10-42-881] Calling locator.click with args: []
[2025-07-02_16-10-42-961] Calling keyboard.press with args: ["x"]
[2025-07-02_16-10-42-983] Calling keyboard.press with args: ["l"]
[2025-07-02_16-10-42-994] Calling keyboard.press with args: ["j"]
[2025-07-02_16-10-43-029] Calling page.screenshot with args: [{"path":"screenshots/Single_Item_-_ALL-FIREFOX-1366x768-2025-07-02_16-10-43-029.jpg"}]
[2025-07-02_16-10-43-100] Calling page.getByRole with args: ["tab",{"name":"Pricing"}]
[2025-07-02_16-10-43-100] Calling locator.click with args: []
[2025-07-02_16-10-43-182] Calling page.screenshot with args: [{"path":"screenshots/Single_Item_-_ALL-FIREFOX-1366x768-2025-07-02_16-10-43-182.jpg"}]
[2025-07-02_16-10-43-246] Calling page.locator with args: ["input[name=\"applyAll\"]"]
[2025-07-02_16-10-43-246] Calling locator.check with args: []
[2025-07-02_16-10-43-343] Calling page.locator with args: ["input[name=\"SellPrice\"]"]
[2025-07-02_16-10-43-343] Calling locator.inputValue with args: []
[2025-07-02_16-10-43-350] → locator.inputValue returned: "0"
[2025-07-02_16-10-43-350] Calling page.locator with args: ["input[name=\"SellPrice\"]"]
[2025-07-02_16-10-43-351] Calling locator.fill with args: ["1"]
[2025-07-02_16-10-43-378] Calling page.screenshot with args: [{"path":"screenshots/Single_Item_-_ALL-FIREFOX-1366x768-2025-07-02_16-10-43-378.jpg"}]
[2025-07-02_16-10-43-457] Calling page.locator with args: ["#tabs-edit-menu-item-tab-extras"]
[2025-07-02_16-10-43-457] Calling locator.click with args: []
[2025-07-02_16-10-43-532] Calling page.screenshot with args: [{"path":"screenshots/Single_Item_-_ALL-FIREFOX-1366x768-2025-07-02_16-10-43-532.jpg"}]
[2025-07-02_16-10-43-600] Calling page.locator with args: ["label[for='extras-selected-0']"]
[2025-07-02_16-10-43-601] Calling locator.isVisible with args: []
[2025-07-02_16-10-43-608] → locator.isVisible returned: false
[2025-07-02_16-10-43-609] Calling locator.isVisible with args: []
[2025-07-02_16-10-43-613] → locator.isVisible returned: false
[2025-07-02_16-10-43-614] Calling locator.isVisible with args: []
[2025-07-02_16-10-43-619] → locator.isVisible returned: false
[2025-07-02_16-10-43-620] Calling page.getByRole with args: ["combobox"]
[2025-07-02_16-10-43-620] Calling locator.click with args: []
[2025-07-02_16-10-43-714] Calling page.getByRole with args: ["combobox"]
[2025-07-02_16-10-43-714] Calling locator.locator with args: ["option"]
[2025-07-02_16-10-43-715] Calling locator.allTextContents with args: []
[2025-07-02_16-10-43-762] Calling locator.selectOption with args: [{"label":"Pizza (52)"}]
[2025-07-02_16-10-43-801] Calling page.locator with args: ["label[for='extras-0']"]
[2025-07-02_16-10-43-802] Calling locator.click with args: []
[2025-07-02_16-10-43-897] Calling page.locator with args: ["label[for='extras-1']"]
[2025-07-02_16-10-43-898] Calling locator.click with args: []
[2025-07-02_16-10-43-983] Calling page.locator with args: ["label[for='extras-2']"]
[2025-07-02_16-10-43-983] Calling locator.click with args: []
[2025-07-02_16-10-44-155] Calling page.locator with args: ["label[for='extras-3']"]
[2025-07-02_16-10-44-156] Calling locator.click with args: []
[2025-07-02_16-10-44-268] Calling page.locator with args: ["label[for='extras-4']"]
[2025-07-02_16-10-44-268] Calling locator.click with args: []
[2025-07-02_16-10-44-364] Calling page.screenshot with args: [{"path":"screenshots/Single_Item_-_ALL-FIREFOX-1366x768-2025-07-02_16-10-44-363.jpg"}]
[2025-07-02_16-10-44-458] Calling page.locator with args: ["#tabs-edit-menu-item-tab-item_options"]
[2025-07-02_16-10-44-459] Calling locator.click with args: []
[2025-07-02_16-10-44-537] Calling page.waitForTimeout with args: [3000]
[2025-07-02_16-10-47-545] Calling page.screenshot with args: [{"path":"screenshots/Single_Item_-_ALL-FIREFOX-1366x768-2025-07-02_16-10-47-545.jpg"}]
[2025-07-02_16-10-47-623] Calling page.locator with args: ["div.col-2.modal-item-option-right-button > button"]
[2025-07-02_16-10-47-623] Calling locator.nth with args: [0]
[2025-07-02_16-10-47-623] Calling locator.count with args: []
[2025-07-02_16-10-47-630] → locator.count returned: 1
[2025-07-02_16-10-47-630] Calling locator.isVisible with args: []
[2025-07-02_16-10-47-638] → locator.isVisible returned: true
[2025-07-02_16-10-47-638] Calling locator.click with args: []
[2025-07-02_16-10-47-738] Calling page.locator with args: ["div.col-2.modal-item-option-right-button > button"]
[2025-07-02_16-10-47-738] Calling locator.nth with args: [0]
[2025-07-02_16-10-47-739] Calling locator.count with args: []
[2025-07-02_16-10-47-745] → locator.count returned: 1
[2025-07-02_16-10-47-746] Calling locator.isVisible with args: []
[2025-07-02_16-10-47-752] → locator.isVisible returned: true
[2025-07-02_16-10-47-752] Calling locator.click with args: []
[2025-07-02_16-10-47-811] Calling page.locator with args: ["div.col-2.modal-item-option-right-button > button"]
[2025-07-02_16-10-47-811] Calling locator.nth with args: [0]
[2025-07-02_16-10-47-811] Calling locator.count with args: []
[2025-07-02_16-10-47-817] → locator.count returned: 1
[2025-07-02_16-10-47-818] Calling locator.isVisible with args: []
[2025-07-02_16-10-47-825] → locator.isVisible returned: true
[2025-07-02_16-10-47-825] Calling locator.click with args: []
[2025-07-02_16-10-47-896] Calling page.screenshot with args: [{"path":"screenshots/Single_Item_-_ALL-FIREFOX-1366x768-2025-07-02_16-10-47-896.jpg"}]
[2025-07-02_16-10-47-970] Calling page.locator with args: ["div.col-2.modal-item-option-left-button > button"]
[2025-07-02_16-10-47-970] Calling locator.count with args: []
[2025-07-02_16-10-47-977] → locator.count returned: 6
[2025-07-02_16-10-47-977] Calling page.locator with args: ["div.col-2.modal-item-option-left-button > button"]
[2025-07-02_16-10-47-977] Calling locator.nth with args: [0]
[2025-07-02_16-10-47-977] Calling locator.click with args: []
[2025-07-02_16-10-48-059] Calling page.locator with args: ["div.col-2.modal-item-option-left-button > button"]
[2025-07-02_16-10-48-059] Calling locator.count with args: []
[2025-07-02_16-10-48-065] → locator.count returned: 5
[2025-07-02_16-10-48-065] Calling page.locator with args: ["div.col-2.modal-item-option-left-button > button"]
[2025-07-02_16-10-48-065] Calling locator.nth with args: [0]
[2025-07-02_16-10-48-066] Calling locator.click with args: []
[2025-07-02_16-10-48-149] Calling page.locator with args: ["div.col-2.modal-item-option-left-button > button"]
[2025-07-02_16-10-48-149] Calling locator.count with args: []
[2025-07-02_16-10-48-158] → locator.count returned: 4
[2025-07-02_16-10-48-158] Calling page.locator with args: ["div.col-2.modal-item-option-left-button > button"]
[2025-07-02_16-10-48-158] Calling locator.nth with args: [0]
[2025-07-02_16-10-48-159] Calling locator.click with args: []
[2025-07-02_16-10-48-228] Calling page.locator with args: ["div.col-2.modal-item-option-left-button > button"]
[2025-07-02_16-10-48-229] Calling locator.count with args: []
[2025-07-02_16-10-48-237] → locator.count returned: 3
[2025-07-02_16-10-48-238] Calling page.screenshot with args: [{"path":"screenshots/Single_Item_-_ALL-FIREFOX-1366x768-2025-07-02_16-10-48-238.jpg"}]
[2025-07-02_16-10-48-320] Calling page.getByRole with args: ["button",{"name":"Save"}]
[2025-07-02_16-10-48-320] Calling locator.click with args: []
[2025-07-02_16-10-48-458] Calling page.waitForTimeout with args: [10000]
[2025-07-02_16-10-58-464] Calling page.locator with args: ["xpath=//button[@id=\"deploy-button\"]"]
[2025-07-02_16-10-58-465] Calling locator.click with args: []
