[2025-07-02_16-04-05-311] Calling page.goto with args: ["https://stg.my.deliverit.com.au/"]
[2025-07-02_16-04-05-862] Calling page.getByRole with args: ["textbox",{"name":"Email"}]
[2025-07-02_16-04-05-862] Calling locator.click with args: []
[2025-07-02_16-04-05-974] Calling page.getByRole with args: ["textbox",{"name":"Email"}]
[2025-07-02_16-04-05-975] Calling locator.fill with args: ["vin.cuenza@easypos.com.ph"]
[2025-07-02_16-04-05-992] Calling page.getByRole with args: ["textbox",{"name":"Password"}]
[2025-07-02_16-04-05-999] Calling locator.click with args: []
[2025-07-02_16-04-06-036] Calling page.getByRole with args: ["textbox",{"name":"Password"}]
[2025-07-02_16-04-06-037] Calling locator.fill with args: ["Aa1234567890!"]
[2025-07-02_16-04-06-046] Calling page.getByRole with args: ["button",{"name":"Sign in"}]
[2025-07-02_16-04-06-046] Calling locator.click with args: []
[2025-07-02_16-04-06-104] Calling page.waitForTimeout with args: [10000]
[2025-07-02_16-04-16-115] Calling page.locator with args: ["#btn-store-selector"]
[2025-07-02_16-04-16-116] Calling locator.nth with args: [0]
[2025-07-02_16-04-16-117] Calling locator.click with args: []
[2025-07-02_16-04-16-307] Calling page.getByRole with args: ["searchbox",{"name":"Search"}]
[2025-07-02_16-04-16-307] Calling locator.click with args: []
[2025-07-02_16-04-16-604] Calling page.viewportSize with args: []
[2025-07-02_16-04-16-605] Calling page.waitForTimeout with args: [2000]
[2025-07-02_16-04-16-609] Calling page.getByRole with args: ["searchbox",{"name":"Search"}]
[2025-07-02_16-04-16-611] Calling locator.fill with args: ["VS Test Store 03"]
[2025-07-02_16-04-16-637] Calling page.getByRole with args: ["button",{"name":"VS Test Store 03"}]
[2025-07-02_16-04-16-637] Calling locator.click with args: []
[2025-07-02_16-04-16-759] Calling page.waitForTimeout with args: [10000]
[2025-07-02_16-04-26-773] Calling page.getByRole with args: ["textbox",{"name":"Search PLU / Item Name here"}]
[2025-07-02_16-04-26-774] Calling locator.click with args: []
[2025-07-02_16-04-26-819] Calling page.getByRole with args: ["textbox",{"name":"Search PLU / Item Name here"}]
[2025-07-02_16-04-26-819] Calling locator.fill with args: ["STP02"]
[2025-07-02_16-04-26-835] Calling page.locator with args: ["xpath=//div[@id=\"row-0\"]"]
[2025-07-02_16-04-26-835] Calling locator.nth with args: [0]
[2025-07-02_16-04-26-836] Calling locator.click with args: []
[2025-07-02_16-04-26-876] Calling page.locator with args: ["#tabs-edit-menu-item-tab-item_options"]
[2025-07-02_16-04-26-876] Calling locator.click with args: []
[2025-07-02_16-04-28-752] Calling page.waitForTimeout with args: [3000]
[2025-07-02_16-04-31-763] Calling page.screenshot with args: [{"path":"screenshots/Single_Item_-_Modifiers-CHROMIUM-1366x768-2025-07-02_16-04-31-762.jpg"}]
[2025-07-02_16-04-31-893] Calling page.locator with args: ["div.col-2.modal-item-option-right-button > button"]
[2025-07-02_16-04-31-894] Calling locator.nth with args: [0]
[2025-07-02_16-04-31-895] Calling locator.count with args: []
[2025-07-02_16-04-31-904] → locator.count returned: 1
[2025-07-02_16-04-31-904] Calling locator.isVisible with args: []
[2025-07-02_16-04-31-911] → locator.isVisible returned: true
[2025-07-02_16-04-31-911] Calling locator.click with args: []
[2025-07-02_16-04-31-957] Calling page.locator with args: ["div.col-2.modal-item-option-right-button > button"]
[2025-07-02_16-04-31-957] Calling locator.nth with args: [0]
[2025-07-02_16-04-31-958] Calling locator.count with args: []
[2025-07-02_16-04-31-983] → locator.count returned: 1
[2025-07-02_16-04-31-984] Calling locator.isVisible with args: []
[2025-07-02_16-04-31-992] → locator.isVisible returned: true
[2025-07-02_16-04-31-992] Calling locator.click with args: []
[2025-07-02_16-04-32-041] Calling page.locator with args: ["div.col-2.modal-item-option-right-button > button"]
[2025-07-02_16-04-32-041] Calling locator.nth with args: [0]
[2025-07-02_16-04-32-042] Calling locator.count with args: []
[2025-07-02_16-04-32-059] → locator.count returned: 1
[2025-07-02_16-04-32-060] Calling locator.isVisible with args: []
[2025-07-02_16-04-32-068] → locator.isVisible returned: true
[2025-07-02_16-04-32-069] Calling locator.click with args: []
[2025-07-02_16-04-32-125] Calling page.screenshot with args: [{"path":"screenshots/Single_Item_-_Modifiers-CHROMIUM-1366x768-2025-07-02_16-04-32-125.jpg"}]
[2025-07-02_16-04-32-256] Calling page.locator with args: ["div.col-2.modal-item-option-left-button > button"]
[2025-07-02_16-04-32-257] Calling locator.count with args: []
[2025-07-02_16-04-32-265] → locator.count returned: 6
[2025-07-02_16-04-32-266] Calling page.locator with args: ["div.col-2.modal-item-option-left-button > button"]
[2025-07-02_16-04-32-267] Calling locator.nth with args: [0]
[2025-07-02_16-04-32-267] Calling locator.click with args: []
[2025-07-02_16-04-32-340] Calling page.locator with args: ["div.col-2.modal-item-option-left-button > button"]
[2025-07-02_16-04-32-341] Calling locator.count with args: []
[2025-07-02_16-04-32-349] → locator.count returned: 5
[2025-07-02_16-04-32-350] Calling page.locator with args: ["div.col-2.modal-item-option-left-button > button"]
[2025-07-02_16-04-32-351] Calling locator.nth with args: [0]
[2025-07-02_16-04-32-351] Calling locator.click with args: []
[2025-07-02_16-04-32-399] Calling page.locator with args: ["div.col-2.modal-item-option-left-button > button"]
[2025-07-02_16-04-32-400] Calling locator.count with args: []
[2025-07-02_16-04-32-407] → locator.count returned: 4
[2025-07-02_16-04-32-408] Calling page.locator with args: ["div.col-2.modal-item-option-left-button > button"]
[2025-07-02_16-04-32-409] Calling locator.nth with args: [0]
[2025-07-02_16-04-32-409] Calling locator.click with args: []
[2025-07-02_16-04-32-475] Calling page.locator with args: ["div.col-2.modal-item-option-left-button > button"]
[2025-07-02_16-04-32-476] Calling locator.count with args: []
[2025-07-02_16-04-32-489] → locator.count returned: 3
[2025-07-02_16-04-32-489] Calling page.screenshot with args: [{"path":"screenshots/Single_Item_-_Modifiers-CHROMIUM-1366x768-2025-07-02_16-04-32-489.jpg"}]
[2025-07-02_16-04-32-580] Calling page.getByRole with args: ["button",{"name":"Save"}]
[2025-07-02_16-04-32-580] Calling locator.click with args: []
[2025-07-02_16-04-32-670] Calling page.waitForTimeout with args: [10000]
[2025-07-02_16-04-42-689] Calling page.locator with args: ["xpath=//button[@id=\"deploy-button\"]"]
[2025-07-02_16-04-42-690] Calling locator.click with args: []
[2025-07-02_16-04-42-736] Calling page.getByRole with args: ["button",{"name":"Next"}]
[2025-07-02_16-04-42-737] Calling locator.click with args: []
[2025-07-02_16-04-43-089] Calling page.getByRole with args: ["button",{"name":"Next"}]
[2025-07-02_16-04-43-090] Calling locator.click with args: []
[2025-07-02_16-04-44-205] Calling page.getByRole with args: ["button",{"name":"Deploy (1)"}]
[2025-07-02_16-04-44-206] Calling locator.click with args: []
[2025-07-02_16-04-45-102] Calling page.getByRole with args: ["button"]
[2025-07-02_16-04-45-103] Calling locator.filter with args: [{"hasText":{}}]
[2025-07-02_16-04-45-103] Calling locator.click with args: []
[2025-07-02_16-04-45-507] Calling page.getByRole with args: ["textbox"]
[2025-07-02_16-04-45-507] Calling locator.press with args: ["ControlOrMeta+a"]
[2025-07-02_16-04-45-527] Calling page.getByRole with args: ["textbox"]
[2025-07-02_16-04-45-528] Calling locator.fill with args: ["Single_Item_-_Modifiers-CHROMIUM-1366x768-2025-07-02_16-04-05-311"]
[2025-07-02_16-04-45-678] Calling page.getByRole with args: ["button"]
[2025-07-02_16-04-45-679] Calling locator.filter with args: [{"hasText":{}}]
[2025-07-02_16-04-45-679] Calling locator.click with args: []
[2025-07-02_16-04-45-819] Calling page.getByRole with args: ["button",{"name":"Continue Deploy"}]
[2025-07-02_16-04-45-820] Calling locator.click with args: []
[2025-07-02_16-04-45-899] Calling page.waitForTimeout with args: [5000]
[2025-07-02_16-04-50-911] Calling page.goto with args: ["https://stg.my.deliverit.com.au/deployment-log"]
[2025-07-02_16-04-51-218] Calling page.waitForTimeout with args: [10000]
[2025-07-02_16-05-01-231] Calling page.getByRole with args: ["cell",{"name":"Single_Item_-_Modifiers-CHROMIUM-1366x768-2025-07-02_16-04-05-311"}]
[2025-07-02_16-05-01-232] Calling locator.count with args: []
[2025-07-02_16-05-01-234] Calling page.waitForTimeout with args: [5000]
[2025-07-02_16-05-01-265] → locator.count returned: 1
[2025-07-02_16-05-01-265] Calling locator.isVisible with args: []
[2025-07-02_16-05-01-273] → locator.isVisible returned: true
[2025-07-02_16-05-01-274] Calling locator.click with args: []
[2025-07-02_16-05-06-241] Calling page.locator with args: ["span.styles_id-value__MH_QF"]
[2025-07-02_16-05-06-242] Calling locator.textContent with args: []
[2025-07-02_16-05-06-249] → locator.textContent returned: "DYP-hjuh2p5ey3hj6cyevovqt1ky11016"
