[2025-07-02_16-12-16-049] Calling page.goto with args: ["https://stg.my.deliverit.com.au/"]
[2025-07-02_16-12-17-594] Calling page.getByRole with args: ["textbox",{"name":"Email"}]
[2025-07-02_16-12-17-594] Calling locator.click with args: []
[2025-07-02_16-12-17-727] Calling page.getByRole with args: ["textbox",{"name":"Email"}]
[2025-07-02_16-12-17-728] Calling locator.fill with args: ["vin.cuenza@easypos.com.ph"]
[2025-07-02_16-12-17-743] Calling page.getByRole with args: ["textbox",{"name":"Password"}]
[2025-07-02_16-12-17-744] Calling locator.click with args: []
[2025-07-02_16-12-17-782] Calling page.getByRole with args: ["textbox",{"name":"Password"}]
[2025-07-02_16-12-17-783] Calling locator.fill with args: ["Aa1234567890!"]
[2025-07-02_16-12-17-798] Calling page.getByRole with args: ["button",{"name":"Sign in"}]
[2025-07-02_16-12-17-798] Calling locator.click with args: []
[2025-07-02_16-12-17-874] Calling page.waitForTimeout with args: [10000]
[2025-07-02_16-12-27-879] Calling page.locator with args: ["#btn-store-selector"]
[2025-07-02_16-12-27-881] Calling locator.nth with args: [0]
[2025-07-02_16-12-27-882] Calling locator.click with args: []
[2025-07-02_16-12-29-958] Calling page.getByRole with args: ["searchbox",{"name":"Search"}]
[2025-07-02_16-12-29-959] Calling locator.click with args: []
[2025-07-02_16-12-30-181] Calling page.viewportSize with args: []
[2025-07-02_16-12-30-182] Calling page.getByRole with args: ["searchbox",{"name":"Search"}]
[2025-07-02_16-12-30-182] Calling locator.fill with args: ["VS Test Store 01"]
[2025-07-02_16-12-30-217] Calling page.getByRole with args: ["button",{"name":"VS Test Store 01"}]
[2025-07-02_16-12-30-217] Calling locator.click with args: []
[2025-07-02_16-12-30-300] Calling page.waitForTimeout with args: [10000]
[2025-07-02_16-12-40-308] Calling page.getByRole with args: ["textbox",{"name":"Search PLU / Item Name here"}]
[2025-07-02_16-12-40-309] Calling locator.click with args: []
[2025-07-02_16-12-40-349] Calling page.getByRole with args: ["textbox",{"name":"Search PLU / Item Name here"}]
[2025-07-02_16-12-40-350] Calling locator.fill with args: ["STP05"]
[2025-07-02_16-12-40-366] Calling page.locator with args: ["xpath=//div[@id=\"row-0\"]"]
[2025-07-02_16-12-40-366] Calling locator.nth with args: [0]
[2025-07-02_16-12-40-367] Calling locator.click with args: []
[2025-07-02_16-12-40-469] Calling page.getByRole with args: ["tab",{"name":"Advanced"}]
[2025-07-02_16-12-40-470] Calling locator.click with args: []
[2025-07-02_16-12-41-906] Calling page.locator with args: ["input[name=\"visual_tag\"]"]
[2025-07-02_16-12-41-907] Calling locator.click with args: []
[2025-07-02_16-12-41-945] Calling keyboard.press with args: ["r"]
[2025-07-02_16-12-41-957] Calling keyboard.press with args: ["q"]
[2025-07-02_16-12-41-970] Calling keyboard.press with args: ["u"]
[2025-07-02_16-12-41-984] Calling page.getByRole with args: ["button",{"name":"Save"}]
[2025-07-02_16-12-41-984] Calling locator.click with args: []
[2025-07-02_16-12-42-063] Calling page.waitForTimeout with args: [10000]
[2025-07-02_16-12-52-073] Calling page.locator with args: ["xpath=//button[@id=\"deploy-button\"]"]
[2025-07-02_16-12-52-073] Calling locator.click with args: []
[2025-07-02_16-12-52-101] Calling page.getByRole with args: ["button",{"name":"Next"}]
[2025-07-02_16-12-52-101] Calling locator.click with args: []
[2025-07-02_16-12-52-568] Calling page.getByRole with args: ["button",{"name":"Next"}]
[2025-07-02_16-12-52-569] Calling locator.click with args: []
[2025-07-02_16-12-53-545] Calling page.getByRole with args: ["button",{"name":"Deploy (1)"}]
[2025-07-02_16-12-53-546] Calling locator.click with args: []
[2025-07-02_16-12-54-433] Calling page.getByRole with args: ["button"]
[2025-07-02_16-12-54-434] Calling locator.filter with args: [{"hasText":{}}]
[2025-07-02_16-12-54-434] Calling locator.click with args: []
[2025-07-02_16-12-54-879] Calling page.getByRole with args: ["textbox"]
[2025-07-02_16-12-54-880] Calling locator.press with args: ["ControlOrMeta+a"]
[2025-07-02_16-12-54-897] Calling page.getByRole with args: ["textbox"]
[2025-07-02_16-12-54-897] Calling locator.fill with args: ["Single_Item_-_Advance-EDGE-1920x1080-2025-07-02_16-12-16-049"]
[2025-07-02_16-12-55-045] Calling page.getByRole with args: ["button"]
[2025-07-02_16-12-55-046] Calling locator.filter with args: [{"hasText":{}}]
[2025-07-02_16-12-55-046] Calling locator.click with args: []
[2025-07-02_16-12-55-123] Calling page.getByRole with args: ["button",{"name":"Continue Deploy"}]
[2025-07-02_16-12-55-127] Calling locator.click with args: []
[2025-07-02_16-12-55-165] Calling page.waitForTimeout with args: [5000]
[2025-07-02_16-13-00-179] Calling page.goto with args: ["https://stg.my.deliverit.com.au/deployment-log"]
[2025-07-02_16-13-00-456] Calling page.waitForTimeout with args: [10000]
[2025-07-02_16-13-10-468] Calling page.getByRole with args: ["cell",{"name":"Single_Item_-_Advance-EDGE-1920x1080-2025-07-02_16-12-16-049"}]
[2025-07-02_16-13-10-470] Calling locator.count with args: []
[2025-07-02_16-13-10-477] Calling page.waitForTimeout with args: [5000]
[2025-07-02_16-13-10-524] → locator.count returned: 1
[2025-07-02_16-13-10-525] Calling locator.isVisible with args: []
[2025-07-02_16-13-10-533] → locator.isVisible returned: true
[2025-07-02_16-13-10-533] Calling locator.click with args: []
[2025-07-02_16-13-15-497] Calling page.locator with args: ["span.styles_id-value__MH_QF"]
[2025-07-02_16-13-15-499] Calling locator.textContent with args: []
[2025-07-02_16-13-15-506] → locator.textContent returned: "DYP-o8t3xt2n04eazw4vomib80ch11014"
