[2025-07-02_16-16-31-126] Calling page.goto with args: ["https://stg.my.deliverit.com.au/"]
[2025-07-02_16-16-33-702] Calling page.getByRole with args: ["textbox",{"name":"Email"}]
[2025-07-02_16-16-33-703] Calling locator.click with args: []
[2025-07-02_16-16-33-821] Calling page.getByRole with args: ["textbox",{"name":"Email"}]
[2025-07-02_16-16-33-822] Calling locator.fill with args: ["vin.cuenza@easypos.com.ph"]
[2025-07-02_16-16-33-832] Calling page.getByRole with args: ["textbox",{"name":"Password"}]
[2025-07-02_16-16-33-840] Calling locator.click with args: []
[2025-07-02_16-16-33-889] Calling page.getByRole with args: ["textbox",{"name":"Password"}]
[2025-07-02_16-16-33-889] Calling locator.fill with args: ["Aa1234567890!"]
[2025-07-02_16-16-33-913] Calling page.getByRole with args: ["button",{"name":"Sign in"}]
[2025-07-02_16-16-33-913] Calling locator.click with args: []
[2025-07-02_16-16-33-974] Calling page.waitForTimeout with args: [10000]
[2025-07-02_16-16-43-986] Calling page.locator with args: ["#btn-store-selector"]
[2025-07-02_16-16-43-987] Calling locator.nth with args: [0]
[2025-07-02_16-16-43-987] Calling locator.click with args: []
[2025-07-02_16-16-44-105] Calling page.getByRole with args: ["searchbox",{"name":"Search"}]
[2025-07-02_16-16-44-105] Calling locator.click with args: []
[2025-07-02_16-16-44-297] Calling page.viewportSize with args: []
[2025-07-02_16-16-44-297] Calling page.waitForTimeout with args: [2000]
[2025-07-02_16-16-44-299] Calling page.getByRole with args: ["searchbox",{"name":"Search"}]
[2025-07-02_16-16-44-299] Calling locator.fill with args: ["VS Test Store 03"]
[2025-07-02_16-16-44-317] Calling page.getByRole with args: ["button",{"name":"VS Test Store 03"}]
[2025-07-02_16-16-44-317] Calling locator.click with args: []
[2025-07-02_16-16-44-395] Calling page.waitForTimeout with args: [10000]
[2025-07-02_16-16-54-399] Calling page.getByRole with args: ["textbox",{"name":"Search PLU / Item Name here"}]
[2025-07-02_16-16-54-401] Calling locator.click with args: []
[2025-07-02_16-16-54-462] Calling page.getByRole with args: ["textbox",{"name":"Search PLU / Item Name here"}]
[2025-07-02_16-16-54-462] Calling locator.fill with args: ["STP05"]
[2025-07-02_16-16-54-479] Calling page.locator with args: ["xpath=//div[@id=\"row-0\"]"]
[2025-07-02_16-16-54-479] Calling locator.nth with args: [0]
[2025-07-02_16-16-54-480] Calling locator.click with args: []
[2025-07-02_16-16-54-545] Calling page.waitForTimeout with args: [500]
[2025-07-02_16-16-55-056] Calling page.screenshot with args: [{"path":"screenshots/Single_Item_-_ALL-EDGE-1366x768-2025-07-02_16-16-55-056.jpg"}]
[2025-07-02_16-16-55-162] Calling page.getByRole with args: ["textbox",{"name":"Display Name"}]
[2025-07-02_16-16-55-163] Calling locator.click with args: []
[2025-07-02_16-16-56-586] Calling keyboard.press with args: ["n"]
[2025-07-02_16-16-56-608] Calling keyboard.press with args: ["v"]
[2025-07-02_16-16-56-628] Calling keyboard.press with args: ["v"]
[2025-07-02_16-16-56-645] Calling page.getByRole with args: ["textbox",{"name":"Print Name"}]
[2025-07-02_16-16-56-645] Calling locator.click with args: []
[2025-07-02_16-16-56-697] Calling keyboard.press with args: ["n"]
[2025-07-02_16-16-56-711] Calling keyboard.press with args: ["v"]
[2025-07-02_16-16-56-721] Calling keyboard.press with args: ["v"]
[2025-07-02_16-16-56-731] Calling page.getByRole with args: ["textbox",{"name":"Description"}]
[2025-07-02_16-16-56-732] Calling locator.click with args: []
[2025-07-02_16-16-56-811] Calling keyboard.press with args: ["n"]
[2025-07-02_16-16-56-834] Calling keyboard.press with args: ["v"]
[2025-07-02_16-16-56-841] Calling keyboard.press with args: ["v"]
[2025-07-02_16-16-56-849] Calling page.screenshot with args: [{"path":"screenshots/Single_Item_-_ALL-EDGE-1366x768-2025-07-02_16-16-56-849.jpg"}]
[2025-07-02_16-16-56-988] Calling page.getByRole with args: ["tab",{"name":"Pricing"}]
[2025-07-02_16-16-56-989] Calling locator.click with args: []
[2025-07-02_16-16-57-034] Calling page.screenshot with args: [{"path":"screenshots/Single_Item_-_ALL-EDGE-1366x768-2025-07-02_16-16-57-033.jpg"}]
[2025-07-02_16-16-57-142] Calling page.locator with args: ["input[name=\"applyAll\"]"]
[2025-07-02_16-16-57-142] Calling locator.check with args: []
[2025-07-02_16-16-57-207] Calling page.locator with args: ["input[name=\"SellPrice\"]"]
[2025-07-02_16-16-57-207] Calling locator.inputValue with args: []
[2025-07-02_16-16-57-212] → locator.inputValue returned: "0"
[2025-07-02_16-16-57-212] Calling page.locator with args: ["input[name=\"SellPrice\"]"]
[2025-07-02_16-16-57-212] Calling locator.fill with args: ["8"]
[2025-07-02_16-16-57-233] Calling page.screenshot with args: [{"path":"screenshots/Single_Item_-_ALL-EDGE-1366x768-2025-07-02_16-16-57-232.jpg"}]
[2025-07-02_16-16-57-315] Calling page.locator with args: ["#tabs-edit-menu-item-tab-extras"]
[2025-07-02_16-16-57-316] Calling locator.click with args: []
[2025-07-02_16-16-57-393] Calling page.screenshot with args: [{"path":"screenshots/Single_Item_-_ALL-EDGE-1366x768-2025-07-02_16-16-57-393.jpg"}]
[2025-07-02_16-16-57-510] Calling page.locator with args: ["label[for='extras-selected-0']"]
[2025-07-02_16-16-57-511] Calling locator.isVisible with args: []
[2025-07-02_16-16-57-515] → locator.isVisible returned: true
[2025-07-02_16-16-57-516] Calling locator.click with args: []
[2025-07-02_16-16-57-617] Calling locator.isVisible with args: []
[2025-07-02_16-16-57-622] → locator.isVisible returned: true
[2025-07-02_16-16-57-622] Calling locator.click with args: []
[2025-07-02_16-16-57-674] Calling locator.isVisible with args: []
[2025-07-02_16-16-57-677] → locator.isVisible returned: true
[2025-07-02_16-16-57-677] Calling locator.click with args: []
[2025-07-02_16-16-57-777] Calling page.getByRole with args: ["combobox"]
[2025-07-02_16-16-57-777] Calling locator.click with args: []
[2025-07-02_16-16-57-878] Calling page.getByRole with args: ["combobox"]
[2025-07-02_16-16-57-879] Calling locator.locator with args: ["option"]
[2025-07-02_16-16-57-879] Calling locator.allTextContents with args: []
[2025-07-02_16-16-57-898] Calling locator.selectOption with args: [{"label":"Pizza (52)"}]
[2025-07-02_16-16-57-913] Calling page.locator with args: ["label[for='extras-0']"]
[2025-07-02_16-16-57-913] Calling locator.click with args: []
[2025-07-02_16-16-58-022] Calling page.locator with args: ["label[for='extras-1']"]
[2025-07-02_16-16-58-023] Calling locator.click with args: []
[2025-07-02_16-16-58-074] Calling page.locator with args: ["label[for='extras-2']"]
[2025-07-02_16-16-58-075] Calling locator.click with args: []
[2025-07-02_16-16-58-180] Calling page.locator with args: ["label[for='extras-3']"]
[2025-07-02_16-16-58-180] Calling locator.click with args: []
[2025-07-02_16-16-58-282] Calling page.locator with args: ["label[for='extras-4']"]
[2025-07-02_16-16-58-283] Calling locator.click with args: []
[2025-07-02_16-16-58-382] Calling page.screenshot with args: [{"path":"screenshots/Single_Item_-_ALL-EDGE-1366x768-2025-07-02_16-16-58-382.jpg"}]
[2025-07-02_16-16-58-492] Calling page.locator with args: ["#tabs-edit-menu-item-tab-item_options"]
[2025-07-02_16-16-58-492] Calling locator.click with args: []
[2025-07-02_16-16-58-533] Calling page.waitForTimeout with args: [3000]
[2025-07-02_16-17-01-542] Calling page.screenshot with args: [{"path":"screenshots/Single_Item_-_ALL-EDGE-1366x768-2025-07-02_16-17-01-542.jpg"}]
[2025-07-02_16-17-01-664] Calling page.locator with args: ["div.col-2.modal-item-option-right-button > button"]
[2025-07-02_16-17-01-664] Calling locator.nth with args: [0]
[2025-07-02_16-17-01-665] Calling locator.count with args: []
[2025-07-02_16-17-01-668] → locator.count returned: 1
[2025-07-02_16-17-01-669] Calling locator.isVisible with args: []
[2025-07-02_16-17-01-674] → locator.isVisible returned: true
[2025-07-02_16-17-01-674] Calling locator.click with args: []
[2025-07-02_16-17-01-712] Calling page.locator with args: ["div.col-2.modal-item-option-right-button > button"]
[2025-07-02_16-17-01-712] Calling locator.nth with args: [0]
[2025-07-02_16-17-01-713] Calling locator.count with args: []
[2025-07-02_16-17-01-716] → locator.count returned: 1
[2025-07-02_16-17-01-716] Calling locator.isVisible with args: []
[2025-07-02_16-17-01-720] → locator.isVisible returned: true
[2025-07-02_16-17-01-721] Calling locator.click with args: []
[2025-07-02_16-17-01-811] Calling page.locator with args: ["div.col-2.modal-item-option-right-button > button"]
[2025-07-02_16-17-01-812] Calling locator.nth with args: [0]
[2025-07-02_16-17-01-812] Calling locator.count with args: []
[2025-07-02_16-17-01-817] → locator.count returned: 1
[2025-07-02_16-17-01-817] Calling locator.isVisible with args: []
[2025-07-02_16-17-01-822] → locator.isVisible returned: true
[2025-07-02_16-17-01-822] Calling locator.click with args: []
[2025-07-02_16-17-01-847] Calling page.screenshot with args: [{"path":"screenshots/Single_Item_-_ALL-EDGE-1366x768-2025-07-02_16-17-01-847.jpg"}]
[2025-07-02_16-17-01-902] Calling page.locator with args: ["div.col-2.modal-item-option-left-button > button"]
[2025-07-02_16-17-01-902] Calling locator.count with args: []
[2025-07-02_16-17-01-907] → locator.count returned: 6
[2025-07-02_16-17-01-907] Calling page.locator with args: ["div.col-2.modal-item-option-left-button > button"]
[2025-07-02_16-17-01-908] Calling locator.nth with args: [0]
[2025-07-02_16-17-01-908] Calling locator.click with args: []
[2025-07-02_16-17-02-003] Calling page.locator with args: ["div.col-2.modal-item-option-left-button > button"]
[2025-07-02_16-17-02-004] Calling locator.count with args: []
[2025-07-02_16-17-02-010] → locator.count returned: 5
[2025-07-02_16-17-02-011] Calling page.locator with args: ["div.col-2.modal-item-option-left-button > button"]
[2025-07-02_16-17-02-011] Calling locator.nth with args: [0]
[2025-07-02_16-17-02-012] Calling locator.click with args: []
[2025-07-02_16-17-02-056] Calling page.locator with args: ["div.col-2.modal-item-option-left-button > button"]
[2025-07-02_16-17-02-057] Calling locator.count with args: []
[2025-07-02_16-17-02-061] → locator.count returned: 4
[2025-07-02_16-17-02-061] Calling page.locator with args: ["div.col-2.modal-item-option-left-button > button"]
[2025-07-02_16-17-02-061] Calling locator.nth with args: [0]
[2025-07-02_16-17-02-061] Calling locator.click with args: []
[2025-07-02_16-17-02-101] Calling page.locator with args: ["div.col-2.modal-item-option-left-button > button"]
[2025-07-02_16-17-02-102] Calling locator.count with args: []
[2025-07-02_16-17-02-107] → locator.count returned: 3
[2025-07-02_16-17-02-107] Calling page.screenshot with args: [{"path":"screenshots/Single_Item_-_ALL-EDGE-1366x768-2025-07-02_16-17-02-107.jpg"}]
[2025-07-02_16-17-02-179] Calling page.getByRole with args: ["button",{"name":"Save"}]
[2025-07-02_16-17-02-180] Calling locator.click with args: []
[2025-07-02_16-17-02-307] Calling page.waitForTimeout with args: [10000]
[2025-07-02_16-17-12-319] Calling page.locator with args: ["xpath=//button[@id=\"deploy-button\"]"]
[2025-07-02_16-17-12-320] Calling locator.click with args: []
