[2025-07-02_16-10-11-275] Calling page.goto with args: ["https://stg.my.deliverit.com.au/"]
[2025-07-02_16-10-12-116] Calling page.getByRole with args: ["textbox",{"name":"Email"}]
[2025-07-02_16-10-12-116] Calling locator.click with args: []
[2025-07-02_16-10-12-220] Calling page.getByRole with args: ["textbox",{"name":"Email"}]
[2025-07-02_16-10-12-221] Calling locator.fill with args: ["vin.cuenza@easypos.com.ph"]
[2025-07-02_16-10-12-238] Calling page.getByRole with args: ["textbox",{"name":"Password"}]
[2025-07-02_16-10-12-239] Calling locator.click with args: []
[2025-07-02_16-10-12-335] Calling page.getByRole with args: ["textbox",{"name":"Password"}]
[2025-07-02_16-10-12-336] Calling locator.fill with args: ["Aa1234567890!"]
[2025-07-02_16-10-12-359] Calling page.getByRole with args: ["button",{"name":"Sign in"}]
[2025-07-02_16-10-12-359] Calling locator.click with args: []
[2025-07-02_16-10-12-466] Calling page.waitForTimeout with args: [10000]
[2025-07-02_16-10-22-473] Calling page.locator with args: ["#btn-store-selector"]
[2025-07-02_16-10-22-473] Calling locator.nth with args: [0]
[2025-07-02_16-10-22-474] Calling locator.click with args: []
[2025-07-02_16-10-22-783] Calling page.getByRole with args: ["searchbox",{"name":"Search"}]
[2025-07-02_16-10-22-784] Calling locator.click with args: []
[2025-07-02_16-10-22-999] Calling page.viewportSize with args: []
[2025-07-02_16-10-22-999] Calling page.waitForTimeout with args: [2000]
[2025-07-02_16-10-23-002] Calling page.getByRole with args: ["searchbox",{"name":"Search"}]
[2025-07-02_16-10-23-002] Calling locator.fill with args: ["VS Test Store 03"]
[2025-07-02_16-10-23-047] Calling page.getByRole with args: ["button",{"name":"VS Test Store 03"}]
[2025-07-02_16-10-23-048] Calling locator.click with args: []
[2025-07-02_16-10-23-309] Calling page.waitForTimeout with args: [10000]
[2025-07-02_16-10-33-317] Calling page.getByRole with args: ["textbox",{"name":"Search PLU / Item Name here"}]
[2025-07-02_16-10-33-317] Calling locator.click with args: []
[2025-07-02_16-10-33-393] Calling page.getByRole with args: ["textbox",{"name":"Search PLU / Item Name here"}]
[2025-07-02_16-10-33-394] Calling locator.fill with args: ["STP01"]
[2025-07-02_16-10-33-440] Calling page.locator with args: ["xpath=//div[@id=\"row-0\"]"]
[2025-07-02_16-10-33-441] Calling locator.nth with args: [0]
[2025-07-02_16-10-33-441] Calling locator.click with args: []
[2025-07-02_16-10-33-536] Calling page.locator with args: ["#tabs-edit-menu-item-tab-item_options"]
[2025-07-02_16-10-33-536] Calling locator.click with args: []
[2025-07-02_16-10-35-001] Calling page.waitForTimeout with args: [3000]
[2025-07-02_16-10-38-007] Calling page.screenshot with args: [{"path":"screenshots/Single_Item_-_Modifiers-FIREFOX-1366x768-2025-07-02_16-10-38-006.jpg"}]
[2025-07-02_16-10-38-096] Calling page.locator with args: ["div.col-2.modal-item-option-right-button > button"]
[2025-07-02_16-10-38-096] Calling locator.nth with args: [0]
[2025-07-02_16-10-38-097] Calling locator.count with args: []
[2025-07-02_16-10-38-104] → locator.count returned: 1
[2025-07-02_16-10-38-105] Calling locator.isVisible with args: []
[2025-07-02_16-10-38-112] → locator.isVisible returned: true
[2025-07-02_16-10-38-112] Calling locator.click with args: []
[2025-07-02_16-10-38-184] Calling page.locator with args: ["div.col-2.modal-item-option-right-button > button"]
[2025-07-02_16-10-38-185] Calling locator.nth with args: [0]
[2025-07-02_16-10-38-185] Calling locator.count with args: []
[2025-07-02_16-10-38-194] → locator.count returned: 1
[2025-07-02_16-10-38-194] Calling locator.isVisible with args: []
[2025-07-02_16-10-38-200] → locator.isVisible returned: true
[2025-07-02_16-10-38-200] Calling locator.click with args: []
[2025-07-02_16-10-38-266] Calling page.locator with args: ["div.col-2.modal-item-option-right-button > button"]
[2025-07-02_16-10-38-266] Calling locator.nth with args: [0]
[2025-07-02_16-10-38-267] Calling locator.count with args: []
[2025-07-02_16-10-38-275] → locator.count returned: 1
[2025-07-02_16-10-38-275] Calling locator.isVisible with args: []
[2025-07-02_16-10-38-280] → locator.isVisible returned: true
[2025-07-02_16-10-38-281] Calling locator.click with args: []
[2025-07-02_16-10-38-351] Calling page.screenshot with args: [{"path":"screenshots/Single_Item_-_Modifiers-FIREFOX-1366x768-2025-07-02_16-10-38-351.jpg"}]
[2025-07-02_16-10-38-421] Calling page.locator with args: ["div.col-2.modal-item-option-left-button > button"]
[2025-07-02_16-10-38-422] Calling locator.count with args: []
[2025-07-02_16-10-38-429] → locator.count returned: 3
[2025-07-02_16-10-38-430] Calling page.screenshot with args: [{"path":"screenshots/Single_Item_-_Modifiers-FIREFOX-1366x768-2025-07-02_16-10-38-429.jpg"}]
[2025-07-02_16-10-38-503] Calling page.getByRole with args: ["button",{"name":"Save"}]
[2025-07-02_16-10-38-504] Calling locator.click with args: []
[2025-07-02_16-10-38-626] Calling page.waitForTimeout with args: [10000]
[2025-07-02_16-10-48-631] Calling page.locator with args: ["xpath=//button[@id=\"deploy-button\"]"]
[2025-07-02_16-10-48-631] Calling locator.click with args: []
[2025-07-02_16-10-48-717] Calling page.getByRole with args: ["button",{"name":"Next"}]
[2025-07-02_16-10-48-718] Calling locator.click with args: []
[2025-07-02_16-10-49-168] Calling page.getByRole with args: ["button",{"name":"Next"}]
[2025-07-02_16-10-49-169] Calling locator.click with args: []
[2025-07-02_16-10-50-719] Calling page.getByRole with args: ["button",{"name":"Deploy (1)"}]
[2025-07-02_16-10-50-720] Calling locator.click with args: []
[2025-07-02_16-10-51-735] Calling page.getByRole with args: ["button"]
[2025-07-02_16-10-51-736] Calling locator.filter with args: [{"hasText":{}}]
[2025-07-02_16-10-51-736] Calling locator.click with args: []
[2025-07-02_16-10-52-152] Calling page.getByRole with args: ["textbox"]
[2025-07-02_16-10-52-152] Calling locator.press with args: ["ControlOrMeta+a"]
[2025-07-02_16-10-52-180] Calling page.getByRole with args: ["textbox"]
[2025-07-02_16-10-52-181] Calling locator.fill with args: ["Single_Item_-_Modifiers-FIREFOX-1366x768-2025-07-02_16-10-11-275"]
[2025-07-02_16-10-52-363] Calling page.getByRole with args: ["button"]
[2025-07-02_16-10-52-363] Calling locator.filter with args: [{"hasText":{}}]
[2025-07-02_16-10-52-363] Calling locator.click with args: []
[2025-07-02_16-10-52-511] Calling page.getByRole with args: ["button",{"name":"Continue Deploy"}]
[2025-07-02_16-10-52-511] Calling locator.click with args: []
[2025-07-02_16-10-52-598] Calling page.waitForTimeout with args: [5000]
[2025-07-02_16-10-57-605] Calling page.goto with args: ["https://stg.my.deliverit.com.au/deployment-log"]
[2025-07-02_16-10-58-066] Calling page.waitForTimeout with args: [10000]
[2025-07-02_16-11-08-083] Calling page.getByRole with args: ["cell",{"name":"Single_Item_-_Modifiers-FIREFOX-1366x768-2025-07-02_16-10-11-275"}]
[2025-07-02_16-11-08-083] Calling locator.count with args: []
[2025-07-02_16-11-08-085] Calling page.waitForTimeout with args: [5000]
[2025-07-02_16-11-08-149] → locator.count returned: 1
[2025-07-02_16-11-08-150] Calling locator.isVisible with args: []
[2025-07-02_16-11-08-179] → locator.isVisible returned: true
[2025-07-02_16-11-08-180] Calling locator.click with args: []
[2025-07-02_16-11-13-102] Calling page.locator with args: ["span.styles_id-value__MH_QF"]
[2025-07-02_16-11-13-103] Calling locator.textContent with args: []
[2025-07-02_16-11-13-117] → locator.textContent returned: "DYP-nq1ksmq9h9iayn4kf01pfiou11016"
