[2025-07-02_15-59-55-317] Calling page.goto with args: ["https://stg.my.deliverit.com.au/"]
[2025-07-02_15-59-59-901] Calling page.getByRole with args: ["textbox",{"name":"Email"}]
[2025-07-02_15-59-59-903] Calling locator.click with args: []
[2025-07-02_16-00-00-195] Calling page.getByRole with args: ["textbox",{"name":"Email"}]
[2025-07-02_16-00-00-195] Calling locator.fill with args: ["vin.cuenza@easypos.com.ph"]
[2025-07-02_16-00-00-220] Calling page.getByRole with args: ["textbox",{"name":"Password"}]
[2025-07-02_16-00-00-232] Calling locator.click with args: []
[2025-07-02_16-00-00-302] Calling page.getByRole with args: ["textbox",{"name":"Password"}]
[2025-07-02_16-00-00-302] Calling locator.fill with args: ["Aa1234567890!"]
[2025-07-02_16-00-00-319] Calling page.getByRole with args: ["button",{"name":"Sign in"}]
[2025-07-02_16-00-00-321] Calling locator.click with args: []
[2025-07-02_16-00-00-407] Calling page.waitForTimeout with args: [10000]
[2025-07-02_16-00-10-416] Calling page.locator with args: ["#btn-store-selector"]
[2025-07-02_16-00-10-418] Calling locator.nth with args: [0]
[2025-07-02_16-00-10-424] Calling locator.click with args: []
[2025-07-02_16-00-14-613] Calling page.getByRole with args: ["searchbox",{"name":"Search"}]
[2025-07-02_16-00-14-614] Calling locator.click with args: []
[2025-07-02_16-00-14-845] Calling page.viewportSize with args: []
[2025-07-02_16-00-14-846] Calling page.getByRole with args: ["searchbox",{"name":"Search"}]
[2025-07-02_16-00-14-846] Calling locator.fill with args: ["VS Test Store 01"]
[2025-07-02_16-00-14-883] Calling page.getByRole with args: ["button",{"name":"VS Test Store 01"}]
[2025-07-02_16-00-14-884] Calling locator.click with args: []
[2025-07-02_16-00-14-983] Calling page.waitForTimeout with args: [10000]
[2025-07-02_16-00-24-989] Calling page.getByRole with args: ["textbox",{"name":"Search PLU / Item Name here"}]
[2025-07-02_16-00-24-990] Calling locator.click with args: []
[2025-07-02_16-00-25-044] Calling page.getByRole with args: ["textbox",{"name":"Search PLU / Item Name here"}]
[2025-07-02_16-00-25-045] Calling locator.fill with args: ["STP03"]
[2025-07-02_16-00-25-072] Calling page.locator with args: ["xpath=//div[@id=\"row-0\"]"]
[2025-07-02_16-00-25-073] Calling locator.nth with args: [0]
[2025-07-02_16-00-25-073] Calling locator.click with args: []
[2025-07-02_16-00-25-160] Calling page.getByRole with args: ["textbox",{"name":"Display Name"}]
[2025-07-02_16-00-25-160] Calling locator.click with args: []
[2025-07-02_16-00-26-810] Calling keyboard.press with args: ["i"]
[2025-07-02_16-00-26-862] Calling keyboard.press with args: ["n"]
[2025-07-02_16-00-26-885] Calling keyboard.press with args: ["e"]
[2025-07-02_16-00-26-905] Calling page.getByRole with args: ["textbox",{"name":"Print Name"}]
[2025-07-02_16-00-26-907] Calling locator.click with args: []
[2025-07-02_16-00-27-012] Calling keyboard.press with args: ["i"]
[2025-07-02_16-00-27-029] Calling keyboard.press with args: ["n"]
[2025-07-02_16-00-27-038] Calling keyboard.press with args: ["e"]
[2025-07-02_16-00-27-045] Calling page.getByRole with args: ["textbox",{"name":"Description"}]
[2025-07-02_16-00-27-045] Calling locator.click with args: []
[2025-07-02_16-00-27-132] Calling keyboard.press with args: ["i"]
[2025-07-02_16-00-27-147] Calling keyboard.press with args: ["n"]
[2025-07-02_16-00-27-154] Calling keyboard.press with args: ["e"]
[2025-07-02_16-00-27-161] Calling page.screenshot with args: [{"path":"screenshots/Single_Item_-_General_Info-CHROMIUM-1920x1080-2025-07-02_16-00-27-161.jpg"}]
[2025-07-02_16-00-27-361] Calling page.getByRole with args: ["button",{"name":"Save"}]
[2025-07-02_16-00-27-361] Calling locator.click with args: []
[2025-07-02_16-00-27-513] Calling page.waitForTimeout with args: [10000]
[2025-07-02_16-00-37-520] Calling page.locator with args: ["xpath=//button[@id=\"deploy-button\"]"]
[2025-07-02_16-00-37-520] Calling locator.click with args: []
[2025-07-02_16-00-37-560] Calling page.getByRole with args: ["button",{"name":"Next"}]
[2025-07-02_16-00-37-561] Calling locator.click with args: []
[2025-07-02_16-00-38-015] Calling page.getByRole with args: ["button",{"name":"Next"}]
[2025-07-02_16-00-38-016] Calling locator.click with args: []
[2025-07-02_16-00-39-612] Calling page.getByRole with args: ["button",{"name":"Deploy (1)"}]
[2025-07-02_16-00-39-613] Calling locator.click with args: []
[2025-07-02_16-00-40-642] Calling page.getByRole with args: ["button"]
[2025-07-02_16-00-40-644] Calling locator.filter with args: [{"hasText":{}}]
[2025-07-02_16-00-40-648] Calling locator.click with args: []
[2025-07-02_16-00-41-305] Calling page.getByRole with args: ["textbox"]
[2025-07-02_16-00-41-306] Calling locator.press with args: ["ControlOrMeta+a"]
[2025-07-02_16-00-41-333] Calling page.getByRole with args: ["textbox"]
[2025-07-02_16-00-41-334] Calling locator.fill with args: ["Single_Item_-_General_Info-CHROMIUM-1920x1080-2025-07-02_15-59-55-316"]
[2025-07-02_16-00-41-493] Calling page.getByRole with args: ["button"]
[2025-07-02_16-00-41-494] Calling locator.filter with args: [{"hasText":{}}]
[2025-07-02_16-00-41-494] Calling locator.click with args: []
[2025-07-02_16-00-41-773] Calling page.getByRole with args: ["button",{"name":"Continue Deploy"}]
[2025-07-02_16-00-41-774] Calling locator.click with args: []
[2025-07-02_16-00-42-005] Calling page.waitForTimeout with args: [5000]
[2025-07-02_16-00-47-019] Calling page.goto with args: ["https://stg.my.deliverit.com.au/deployment-log"]
[2025-07-02_16-00-47-495] Calling page.waitForTimeout with args: [10000]
[2025-07-02_16-00-57-500] Calling page.getByRole with args: ["cell",{"name":"Single_Item_-_General_Info-CHROMIUM-1920x1080-2025-07-02_15-59-55-316"}]
[2025-07-02_16-00-57-502] Calling locator.count with args: []
[2025-07-02_16-00-57-508] Calling page.waitForTimeout with args: [5000]
[2025-07-02_16-00-57-540] → locator.count returned: 1
[2025-07-02_16-00-57-541] Calling locator.isVisible with args: []
[2025-07-02_16-00-57-548] → locator.isVisible returned: true
[2025-07-02_16-00-57-548] Calling locator.click with args: []
[2025-07-02_16-01-02-517] Calling page.locator with args: ["span.styles_id-value__MH_QF"]
[2025-07-02_16-01-02-517] Calling locator.textContent with args: []
[2025-07-02_16-01-02-522] → locator.textContent returned: "DYP-j8xjv152zf0i43l1raayskdd11014"
