[2025-07-02_16-02-58-565] Calling page.goto with args: ["https://stg.my.deliverit.com.au/"]
[2025-07-02_16-02-59-452] Calling page.getByRole with args: ["textbox",{"name":"Email"}]
[2025-07-02_16-02-59-453] Calling locator.click with args: []
[2025-07-02_16-02-59-556] Calling page.getByRole with args: ["textbox",{"name":"Email"}]
[2025-07-02_16-02-59-556] Calling locator.fill with args: ["vin.cuenza@easypos.com.ph"]
[2025-07-02_16-02-59-567] Calling page.getByRole with args: ["textbox",{"name":"Password"}]
[2025-07-02_16-02-59-575] Calling locator.click with args: []
[2025-07-02_16-02-59-619] Calling page.getByRole with args: ["textbox",{"name":"Password"}]
[2025-07-02_16-02-59-619] Calling locator.fill with args: ["Aa1234567890!"]
[2025-07-02_16-02-59-627] Calling page.getByRole with args: ["button",{"name":"Sign in"}]
[2025-07-02_16-02-59-628] Calling locator.click with args: []
[2025-07-02_16-02-59-682] Calling page.waitForTimeout with args: [10000]
[2025-07-02_16-03-09-687] Calling page.locator with args: ["#btn-store-selector"]
[2025-07-02_16-03-09-688] Calling locator.nth with args: [0]
[2025-07-02_16-03-09-689] Calling locator.click with args: []
[2025-07-02_16-03-09-839] Calling page.getByRole with args: ["searchbox",{"name":"Search"}]
[2025-07-02_16-03-09-840] Calling locator.click with args: []
[2025-07-02_16-03-10-005] Calling page.viewportSize with args: []
[2025-07-02_16-03-10-005] Calling page.waitForTimeout with args: [1000]
[2025-07-02_16-03-10-007] Calling page.getByRole with args: ["searchbox",{"name":"Search"}]
[2025-07-02_16-03-10-007] Calling locator.fill with args: ["VS Test Store 02"]
[2025-07-02_16-03-10-023] Calling page.getByRole with args: ["button",{"name":"VS Test Store 02"}]
[2025-07-02_16-03-10-024] Calling locator.click with args: []
[2025-07-02_16-03-10-125] Calling page.waitForTimeout with args: [10000]
[2025-07-02_16-03-20-142] Calling page.getByRole with args: ["textbox",{"name":"Search PLU / Item Name here"}]
[2025-07-02_16-03-20-143] Calling locator.click with args: []
[2025-07-02_16-03-20-175] Calling page.getByRole with args: ["textbox",{"name":"Search PLU / Item Name here"}]
[2025-07-02_16-03-20-175] Calling locator.fill with args: ["STP04"]
[2025-07-02_16-03-20-197] Calling page.locator with args: ["xpath=//div[@id=\"row-0\"]"]
[2025-07-02_16-03-20-198] Calling locator.nth with args: [0]
[2025-07-02_16-03-20-199] Calling locator.click with args: []
[2025-07-02_16-03-20-255] Calling page.getByRole with args: ["tab",{"name":"Advanced"}]
[2025-07-02_16-03-20-255] Calling locator.click with args: []
[2025-07-02_16-03-21-672] Calling page.locator with args: ["input[name=\"visual_tag\"]"]
[2025-07-02_16-03-21-672] Calling locator.click with args: []
[2025-07-02_16-03-21-758] Calling keyboard.press with args: ["a"]
[2025-07-02_16-03-21-769] Calling keyboard.press with args: ["w"]
[2025-07-02_16-03-21-778] Calling keyboard.press with args: ["j"]
[2025-07-02_16-03-21-788] Calling page.getByRole with args: ["button",{"name":"Save"}]
[2025-07-02_16-03-21-788] Calling locator.click with args: []
[2025-07-02_16-03-21-875] Calling page.waitForTimeout with args: [10000]
[2025-07-02_16-03-31-877] Calling page.locator with args: ["xpath=//button[@id=\"deploy-button\"]"]
[2025-07-02_16-03-31-878] Calling locator.click with args: []
[2025-07-02_16-03-31-936] Calling page.getByRole with args: ["button",{"name":"Next"}]
[2025-07-02_16-03-31-938] Calling locator.click with args: []
[2025-07-02_16-03-32-359] Calling page.getByRole with args: ["button",{"name":"Next"}]
[2025-07-02_16-03-32-359] Calling locator.click with args: []
[2025-07-02_16-03-33-622] Calling page.getByRole with args: ["button",{"name":"Deploy (1)"}]
[2025-07-02_16-03-33-622] Calling locator.click with args: []
[2025-07-02_16-03-34-492] Calling page.getByRole with args: ["button"]
[2025-07-02_16-03-34-493] Calling locator.filter with args: [{"hasText":{}}]
[2025-07-02_16-03-34-494] Calling locator.click with args: []
[2025-07-02_16-03-34-606] Calling page.getByRole with args: ["textbox"]
[2025-07-02_16-03-34-606] Calling locator.press with args: ["ControlOrMeta+a"]
[2025-07-02_16-03-34-625] Calling page.getByRole with args: ["textbox"]
[2025-07-02_16-03-34-625] Calling locator.fill with args: ["Single_Item_-_Advance-CHROMIUM-1680x1050-2025-07-02_16-02-58-564"]
[2025-07-02_16-03-34-786] Calling page.getByRole with args: ["button"]
[2025-07-02_16-03-34-787] Calling locator.filter with args: [{"hasText":{}}]
[2025-07-02_16-03-34-787] Calling locator.click with args: []
[2025-07-02_16-03-34-968] Calling page.getByRole with args: ["button",{"name":"Continue Deploy"}]
[2025-07-02_16-03-34-968] Calling locator.click with args: []
[2025-07-02_16-03-35-039] Calling page.waitForTimeout with args: [5000]
[2025-07-02_16-03-40-047] Calling page.goto with args: ["https://stg.my.deliverit.com.au/deployment-log"]
[2025-07-02_16-03-40-347] Calling page.waitForTimeout with args: [10000]
[2025-07-02_16-03-50-360] Calling page.getByRole with args: ["cell",{"name":"Single_Item_-_Advance-CHROMIUM-1680x1050-2025-07-02_16-02-58-564"}]
[2025-07-02_16-03-50-360] Calling locator.count with args: []
[2025-07-02_16-03-50-363] Calling page.waitForTimeout with args: [5000]
[2025-07-02_16-03-50-396] → locator.count returned: 1
[2025-07-02_16-03-50-396] Calling locator.isVisible with args: []
[2025-07-02_16-03-50-406] → locator.isVisible returned: true
[2025-07-02_16-03-50-408] Calling locator.click with args: []
[2025-07-02_16-03-55-370] Calling page.locator with args: ["span.styles_id-value__MH_QF"]
[2025-07-02_16-03-55-370] Calling locator.textContent with args: []
[2025-07-02_16-03-55-375] → locator.textContent returned: "DYP-p0r7n8vjml0tqbl3f6atdtt211015"
