[2025-07-02_16-06-05-964] Calling page.goto with args: ["https://stg.my.deliverit.com.au/"]
[2025-07-02_16-06-06-868] Calling page.getByRole with args: ["textbox",{"name":"Email"}]
[2025-07-02_16-06-06-868] Calling locator.click with args: []
[2025-07-02_16-06-07-008] Calling page.getByRole with args: ["textbox",{"name":"Email"}]
[2025-07-02_16-06-07-009] Calling locator.fill with args: ["vin.cuenza@easypos.com.ph"]
[2025-07-02_16-06-07-030] Calling page.getByRole with args: ["textbox",{"name":"Password"}]
[2025-07-02_16-06-07-031] Calling locator.click with args: []
[2025-07-02_16-06-07-135] Calling page.getByRole with args: ["textbox",{"name":"Password"}]
[2025-07-02_16-06-07-135] Calling locator.fill with args: ["Aa1234567890!"]
[2025-07-02_16-06-07-162] Calling page.getByRole with args: ["button",{"name":"Sign in"}]
[2025-07-02_16-06-07-163] Calling locator.click with args: []
[2025-07-02_16-06-07-285] Calling page.waitForTimeout with args: [10000]
[2025-07-02_16-06-17-295] Calling page.locator with args: ["#btn-store-selector"]
[2025-07-02_16-06-17-297] Calling locator.nth with args: [0]
[2025-07-02_16-06-17-298] Calling locator.click with args: []
[2025-07-02_16-06-17-545] Calling page.getByRole with args: ["searchbox",{"name":"Search"}]
[2025-07-02_16-06-17-546] Calling locator.click with args: []
[2025-07-02_16-06-17-766] Calling page.viewportSize with args: []
[2025-07-02_16-06-17-767] Calling page.getByRole with args: ["searchbox",{"name":"Search"}]
[2025-07-02_16-06-17-767] Calling locator.fill with args: ["VS Test Store 01"]
[2025-07-02_16-06-17-809] Calling page.getByRole with args: ["button",{"name":"VS Test Store 01"}]
[2025-07-02_16-06-17-810] Calling locator.click with args: []
[2025-07-02_16-06-17-944] Calling page.waitForTimeout with args: [10000]
[2025-07-02_16-06-27-956] Calling page.getByRole with args: ["textbox",{"name":"Search PLU / Item Name here"}]
[2025-07-02_16-06-27-957] Calling locator.click with args: []
[2025-07-02_16-06-28-031] Calling page.getByRole with args: ["textbox",{"name":"Search PLU / Item Name here"}]
[2025-07-02_16-06-28-031] Calling locator.fill with args: ["STP02"]
[2025-07-02_16-06-28-069] Calling page.locator with args: ["xpath=//div[@id=\"row-0\"]"]
[2025-07-02_16-06-28-069] Calling locator.nth with args: [0]
[2025-07-02_16-06-28-070] Calling locator.click with args: []
[2025-07-02_16-06-28-165] Calling page.locator with args: ["#tabs-edit-menu-item-tab-item_options"]
[2025-07-02_16-06-28-166] Calling locator.click with args: []
[2025-07-02_16-06-29-614] Calling page.waitForTimeout with args: [3000]
[2025-07-02_16-06-32-622] Calling page.screenshot with args: [{"path":"screenshots/Single_Item_-_Modifiers-FIREFOX-1920x1080-2025-07-02_16-06-32-622.jpg"}]
[2025-07-02_16-06-32-760] Calling page.locator with args: ["div.col-2.modal-item-option-right-button > button"]
[2025-07-02_16-06-32-761] Calling locator.nth with args: [0]
[2025-07-02_16-06-32-761] Calling locator.count with args: []
[2025-07-02_16-06-32-768] → locator.count returned: 1
[2025-07-02_16-06-32-768] Calling locator.isVisible with args: []
[2025-07-02_16-06-32-778] → locator.isVisible returned: true
[2025-07-02_16-06-32-778] Calling locator.click with args: []
[2025-07-02_16-06-32-858] Calling page.locator with args: ["div.col-2.modal-item-option-right-button > button"]
[2025-07-02_16-06-32-859] Calling locator.nth with args: [0]
[2025-07-02_16-06-32-859] Calling locator.count with args: []
[2025-07-02_16-06-32-864] → locator.count returned: 1
[2025-07-02_16-06-32-865] Calling locator.isVisible with args: []
[2025-07-02_16-06-32-870] → locator.isVisible returned: true
[2025-07-02_16-06-32-870] Calling locator.click with args: []
[2025-07-02_16-06-32-934] Calling page.locator with args: ["div.col-2.modal-item-option-right-button > button"]
[2025-07-02_16-06-32-934] Calling locator.nth with args: [0]
[2025-07-02_16-06-32-934] Calling locator.count with args: []
[2025-07-02_16-06-32-940] → locator.count returned: 1
[2025-07-02_16-06-32-941] Calling locator.isVisible with args: []
[2025-07-02_16-06-32-946] → locator.isVisible returned: true
[2025-07-02_16-06-32-946] Calling locator.click with args: []
[2025-07-02_16-06-33-015] Calling page.screenshot with args: [{"path":"screenshots/Single_Item_-_Modifiers-FIREFOX-1920x1080-2025-07-02_16-06-33-015.jpg"}]
[2025-07-02_16-06-33-156] Calling page.locator with args: ["div.col-2.modal-item-option-left-button > button"]
[2025-07-02_16-06-33-156] Calling locator.count with args: []
[2025-07-02_16-06-33-165] → locator.count returned: 6
[2025-07-02_16-06-33-166] Calling page.locator with args: ["div.col-2.modal-item-option-left-button > button"]
[2025-07-02_16-06-33-166] Calling locator.nth with args: [0]
[2025-07-02_16-06-33-166] Calling locator.click with args: []
[2025-07-02_16-06-33-231] Calling page.locator with args: ["div.col-2.modal-item-option-left-button > button"]
[2025-07-02_16-06-33-231] Calling locator.count with args: []
[2025-07-02_16-06-33-237] → locator.count returned: 5
[2025-07-02_16-06-33-237] Calling page.locator with args: ["div.col-2.modal-item-option-left-button > button"]
[2025-07-02_16-06-33-238] Calling locator.nth with args: [0]
[2025-07-02_16-06-33-238] Calling locator.click with args: []
[2025-07-02_16-06-33-323] Calling page.locator with args: ["div.col-2.modal-item-option-left-button > button"]
[2025-07-02_16-06-33-323] Calling locator.count with args: []
[2025-07-02_16-06-33-329] → locator.count returned: 4
[2025-07-02_16-06-33-329] Calling page.locator with args: ["div.col-2.modal-item-option-left-button > button"]
[2025-07-02_16-06-33-330] Calling locator.nth with args: [0]
[2025-07-02_16-06-33-330] Calling locator.click with args: []
[2025-07-02_16-06-33-470] Calling page.locator with args: ["div.col-2.modal-item-option-left-button > button"]
[2025-07-02_16-06-33-471] Calling locator.count with args: []
[2025-07-02_16-06-33-486] → locator.count returned: 3
[2025-07-02_16-06-33-488] Calling page.screenshot with args: [{"path":"screenshots/Single_Item_-_Modifiers-FIREFOX-1920x1080-2025-07-02_16-06-33-488.jpg"}]
[2025-07-02_16-06-33-630] Calling page.getByRole with args: ["button",{"name":"Save"}]
[2025-07-02_16-06-33-630] Calling locator.click with args: []
[2025-07-02_16-06-33-818] Calling page.waitForTimeout with args: [10000]
[2025-07-02_16-06-43-827] Calling page.locator with args: ["xpath=//button[@id=\"deploy-button\"]"]
[2025-07-02_16-06-43-827] Calling locator.click with args: []
[2025-07-02_16-06-43-880] Calling page.getByRole with args: ["button",{"name":"Next"}]
[2025-07-02_16-06-43-881] Calling locator.click with args: []
[2025-07-02_16-06-44-328] Calling page.getByRole with args: ["button",{"name":"Next"}]
[2025-07-02_16-06-44-329] Calling locator.click with args: []
[2025-07-02_16-06-45-806] Calling page.getByRole with args: ["button",{"name":"Deploy (1)"}]
[2025-07-02_16-06-45-807] Calling locator.click with args: []
[2025-07-02_16-06-46-350] Calling page.getByRole with args: ["button"]
[2025-07-02_16-06-46-351] Calling locator.filter with args: [{"hasText":{}}]
[2025-07-02_16-06-46-351] Calling locator.click with args: []
[2025-07-02_16-06-46-710] Calling page.getByRole with args: ["textbox"]
[2025-07-02_16-06-46-710] Calling locator.press with args: ["ControlOrMeta+a"]
[2025-07-02_16-06-46-750] Calling page.getByRole with args: ["textbox"]
[2025-07-02_16-06-46-750] Calling locator.fill with args: ["Single_Item_-_Modifiers-FIREFOX-1920x1080-2025-07-02_16-06-05-964"]
[2025-07-02_16-06-46-931] Calling page.getByRole with args: ["button"]
[2025-07-02_16-06-46-932] Calling locator.filter with args: [{"hasText":{}}]
[2025-07-02_16-06-46-933] Calling locator.click with args: []
[2025-07-02_16-06-47-030] Calling page.getByRole with args: ["button",{"name":"Continue Deploy"}]
[2025-07-02_16-06-47-030] Calling locator.click with args: []
[2025-07-02_16-06-47-130] Calling page.waitForTimeout with args: [5000]
[2025-07-02_16-06-52-137] Calling page.goto with args: ["https://stg.my.deliverit.com.au/deployment-log"]
[2025-07-02_16-06-52-576] Calling page.waitForTimeout with args: [10000]
[2025-07-02_16-07-02-580] Calling page.getByRole with args: ["cell",{"name":"Single_Item_-_Modifiers-FIREFOX-1920x1080-2025-07-02_16-06-05-964"}]
[2025-07-02_16-07-02-581] Calling locator.count with args: []
[2025-07-02_16-07-02-583] Calling page.waitForTimeout with args: [5000]
[2025-07-02_16-07-02-666] → locator.count returned: 1
[2025-07-02_16-07-02-667] Calling locator.isVisible with args: []
[2025-07-02_16-07-02-716] → locator.isVisible returned: true
[2025-07-02_16-07-02-716] Calling locator.click with args: []
[2025-07-02_16-07-07-594] Calling page.locator with args: ["span.styles_id-value__MH_QF"]
[2025-07-02_16-07-07-595] Calling locator.textContent with args: []
[2025-07-02_16-07-07-601] → locator.textContent returned: "DYP-gv04xme8ni997o9g55lc0h5s11014"
