[2025-07-02_16-01-09-767] Calling page.goto with args: ["https://stg.my.deliverit.com.au/"]
[2025-07-02_16-01-10-342] Calling page.getByRole with args: ["textbox",{"name":"Email"}]
[2025-07-02_16-01-10-343] Calling locator.click with args: []
[2025-07-02_16-01-10-447] Calling page.getByRole with args: ["textbox",{"name":"Email"}]
[2025-07-02_16-01-10-447] Calling locator.fill with args: ["vin.cuenza@easypos.com.ph"]
[2025-07-02_16-01-10-462] Calling page.getByRole with args: ["textbox",{"name":"Password"}]
[2025-07-02_16-01-10-471] Calling locator.click with args: []
[2025-07-02_16-01-10-508] Calling page.getByRole with args: ["textbox",{"name":"Password"}]
[2025-07-02_16-01-10-508] Calling locator.fill with args: ["Aa1234567890!"]
[2025-07-02_16-01-10-516] Calling page.getByRole with args: ["button",{"name":"Sign in"}]
[2025-07-02_16-01-10-517] Calling locator.click with args: []
[2025-07-02_16-01-10-579] Calling page.waitForTimeout with args: [10000]
[2025-07-02_16-01-20-589] Calling page.locator with args: ["#btn-store-selector"]
[2025-07-02_16-01-20-591] Calling locator.nth with args: [0]
[2025-07-02_16-01-20-593] Calling locator.click with args: []
[2025-07-02_16-01-20-715] Calling page.getByRole with args: ["searchbox",{"name":"Search"}]
[2025-07-02_16-01-20-716] Calling locator.click with args: []
[2025-07-02_16-01-21-040] Calling page.viewportSize with args: []
[2025-07-02_16-01-21-041] Calling page.waitForTimeout with args: [1000]
[2025-07-02_16-01-21-044] Calling page.getByRole with args: ["searchbox",{"name":"Search"}]
[2025-07-02_16-01-21-045] Calling locator.fill with args: ["VS Test Store 02"]
[2025-07-02_16-01-21-064] Calling page.getByRole with args: ["button",{"name":"VS Test Store 02"}]
[2025-07-02_16-01-21-065] Calling locator.click with args: []
[2025-07-02_16-01-21-164] Calling page.waitForTimeout with args: [10000]
[2025-07-02_16-01-31-172] Calling page.getByRole with args: ["textbox",{"name":"Search PLU / Item Name here"}]
[2025-07-02_16-01-31-173] Calling locator.click with args: []
[2025-07-02_16-01-31-208] Calling page.getByRole with args: ["textbox",{"name":"Search PLU / Item Name here"}]
[2025-07-02_16-01-31-208] Calling locator.fill with args: ["STP02"]
[2025-07-02_16-01-31-222] Calling page.locator with args: ["xpath=//div[@id=\"row-0\"]"]
[2025-07-02_16-01-31-223] Calling locator.nth with args: [0]
[2025-07-02_16-01-31-223] Calling locator.click with args: []
[2025-07-02_16-01-31-277] Calling page.getByRole with args: ["textbox",{"name":"Display Name"}]
[2025-07-02_16-01-31-278] Calling locator.click with args: []
[2025-07-02_16-01-32-659] Calling keyboard.press with args: ["a"]
[2025-07-02_16-01-32-678] Calling keyboard.press with args: ["o"]
[2025-07-02_16-01-32-692] Calling keyboard.press with args: ["b"]
[2025-07-02_16-01-32-704] Calling page.getByRole with args: ["textbox",{"name":"Print Name"}]
[2025-07-02_16-01-32-704] Calling locator.click with args: []
[2025-07-02_16-01-32-781] Calling keyboard.press with args: ["a"]
[2025-07-02_16-01-32-791] Calling keyboard.press with args: ["o"]
[2025-07-02_16-01-32-798] Calling keyboard.press with args: ["b"]
[2025-07-02_16-01-32-806] Calling page.getByRole with args: ["textbox",{"name":"Description"}]
[2025-07-02_16-01-32-806] Calling locator.click with args: []
[2025-07-02_16-01-32-888] Calling keyboard.press with args: ["a"]
[2025-07-02_16-01-32-902] Calling keyboard.press with args: ["o"]
[2025-07-02_16-01-32-912] Calling keyboard.press with args: ["b"]
[2025-07-02_16-01-32-925] Calling page.screenshot with args: [{"path":"screenshots/Single_Item_-_General_Info-CHROMIUM-1680x1050-2025-07-02_16-01-32-924.jpg"}]
[2025-07-02_16-01-33-052] Calling page.getByRole with args: ["button",{"name":"Save"}]
[2025-07-02_16-01-33-052] Calling locator.click with args: []
[2025-07-02_16-01-33-144] Calling page.waitForTimeout with args: [10000]
[2025-07-02_16-01-43-159] Calling page.locator with args: ["xpath=//button[@id=\"deploy-button\"]"]
[2025-07-02_16-01-43-160] Calling locator.click with args: []
[2025-07-02_16-01-43-217] Calling page.getByRole with args: ["button",{"name":"Next"}]
[2025-07-02_16-01-43-218] Calling locator.click with args: []
[2025-07-02_16-01-43-615] Calling page.getByRole with args: ["button",{"name":"Next"}]
[2025-07-02_16-01-43-616] Calling locator.click with args: []
[2025-07-02_16-01-45-170] Calling page.getByRole with args: ["button",{"name":"Deploy (1)"}]
[2025-07-02_16-01-45-171] Calling locator.click with args: []
[2025-07-02_16-01-46-129] Calling page.getByRole with args: ["button"]
[2025-07-02_16-01-46-130] Calling locator.filter with args: [{"hasText":{}}]
[2025-07-02_16-01-46-131] Calling locator.click with args: []
[2025-07-02_16-01-46-740] Calling page.getByRole with args: ["textbox"]
[2025-07-02_16-01-46-741] Calling locator.press with args: ["ControlOrMeta+a"]
[2025-07-02_16-01-46-765] Calling page.getByRole with args: ["textbox"]
[2025-07-02_16-01-46-766] Calling locator.fill with args: ["Single_Item_-_General_Info-CHROMIUM-1680x1050-2025-07-02_16-01-09-766"]
[2025-07-02_16-01-46-921] Calling page.getByRole with args: ["button"]
[2025-07-02_16-01-46-922] Calling locator.filter with args: [{"hasText":{}}]
[2025-07-02_16-01-46-923] Calling locator.click with args: []
[2025-07-02_16-01-47-142] Calling page.getByRole with args: ["button",{"name":"Continue Deploy"}]
[2025-07-02_16-01-47-143] Calling locator.click with args: []
[2025-07-02_16-01-47-385] Calling page.waitForTimeout with args: [5000]
[2025-07-02_16-01-52-417] Calling page.goto with args: ["https://stg.my.deliverit.com.au/deployment-log"]
[2025-07-02_16-01-52-913] Calling page.waitForTimeout with args: [10000]
[2025-07-02_16-02-02-927] Calling page.getByRole with args: ["cell",{"name":"Single_Item_-_General_Info-CHROMIUM-1680x1050-2025-07-02_16-01-09-766"}]
[2025-07-02_16-02-02-928] Calling locator.count with args: []
[2025-07-02_16-02-02-930] Calling page.waitForTimeout with args: [5000]
[2025-07-02_16-02-02-958] → locator.count returned: 1
[2025-07-02_16-02-02-959] Calling locator.isVisible with args: []
[2025-07-02_16-02-02-967] → locator.isVisible returned: true
[2025-07-02_16-02-02-967] Calling locator.click with args: []
[2025-07-02_16-02-07-947] Calling page.locator with args: ["span.styles_id-value__MH_QF"]
[2025-07-02_16-02-07-948] Calling locator.textContent with args: []
[2025-07-02_16-02-07-959] → locator.textContent returned: "DYP-fuqxkge3to0jspn2cehyooxf11015"
