[2025-07-02_16-15-28-594] Calling page.goto with args: ["https://stg.my.deliverit.com.au/"]
[2025-07-02_16-15-30-124] Calling page.getByRole with args: ["textbox",{"name":"Email"}]
[2025-07-02_16-15-30-125] Calling locator.click with args: []
[2025-07-02_16-15-30-232] Calling page.getByRole with args: ["textbox",{"name":"Email"}]
[2025-07-02_16-15-30-233] Calling locator.fill with args: ["vin.cuenza@easypos.com.ph"]
[2025-07-02_16-15-30-250] Calling page.getByRole with args: ["textbox",{"name":"Password"}]
[2025-07-02_16-15-30-258] Calling locator.click with args: []
[2025-07-02_16-15-30-297] Calling page.getByRole with args: ["textbox",{"name":"Password"}]
[2025-07-02_16-15-30-298] Calling locator.fill with args: ["Aa1234567890!"]
[2025-07-02_16-15-30-309] Calling page.getByRole with args: ["button",{"name":"Sign in"}]
[2025-07-02_16-15-30-310] Calling locator.click with args: []
[2025-07-02_16-15-30-398] Calling page.waitForTimeout with args: [10000]
[2025-07-02_16-15-40-408] Calling page.locator with args: ["#btn-store-selector"]
[2025-07-02_16-15-40-409] Calling locator.nth with args: [0]
[2025-07-02_16-15-40-410] Calling locator.click with args: []
[2025-07-02_16-15-43-014] Calling page.getByRole with args: ["searchbox",{"name":"Search"}]
[2025-07-02_16-15-43-015] Calling locator.click with args: []
[2025-07-02_16-15-43-167] Calling page.viewportSize with args: []
[2025-07-02_16-15-43-168] Calling page.waitForTimeout with args: [2000]
[2025-07-02_16-15-43-171] Calling page.getByRole with args: ["searchbox",{"name":"Search"}]
[2025-07-02_16-15-43-172] Calling locator.fill with args: ["VS Test Store 03"]
[2025-07-02_16-15-43-208] Calling page.getByRole with args: ["button",{"name":"VS Test Store 03"}]
[2025-07-02_16-15-43-208] Calling locator.click with args: []
[2025-07-02_16-15-43-290] Calling page.waitForTimeout with args: [10000]
[2025-07-02_16-15-53-298] Calling page.getByRole with args: ["textbox",{"name":"Search PLU / Item Name here"}]
[2025-07-02_16-15-53-300] Calling locator.click with args: []
[2025-07-02_16-15-53-346] Calling page.getByRole with args: ["textbox",{"name":"Search PLU / Item Name here"}]
[2025-07-02_16-15-53-346] Calling locator.fill with args: ["STP03"]
[2025-07-02_16-15-53-362] Calling page.locator with args: ["xpath=//div[@id=\"row-0\"]"]
[2025-07-02_16-15-53-362] Calling locator.nth with args: [0]
[2025-07-02_16-15-53-362] Calling locator.click with args: []
[2025-07-02_16-15-53-401] Calling page.locator with args: ["#tabs-edit-menu-item-tab-item_options"]
[2025-07-02_16-15-53-402] Calling locator.click with args: []
[2025-07-02_16-15-54-799] Calling page.waitForTimeout with args: [3000]
[2025-07-02_16-15-57-809] Calling page.screenshot with args: [{"path":"screenshots/Single_Item_-_Modifiers-EDGE-1366x768-2025-07-02_16-15-57-808.jpg"}]
[2025-07-02_16-15-57-899] Calling page.locator with args: ["div.col-2.modal-item-option-right-button > button"]
[2025-07-02_16-15-57-899] Calling locator.nth with args: [0]
[2025-07-02_16-15-57-900] Calling locator.count with args: []
[2025-07-02_16-15-57-906] → locator.count returned: 1
[2025-07-02_16-15-57-907] Calling locator.isVisible with args: []
[2025-07-02_16-15-57-912] → locator.isVisible returned: true
[2025-07-02_16-15-57-912] Calling locator.click with args: []
[2025-07-02_16-15-57-949] Calling page.locator with args: ["div.col-2.modal-item-option-right-button > button"]
[2025-07-02_16-15-57-949] Calling locator.nth with args: [0]
[2025-07-02_16-15-57-949] Calling locator.count with args: []
[2025-07-02_16-15-57-953] → locator.count returned: 1
[2025-07-02_16-15-57-954] Calling locator.isVisible with args: []
[2025-07-02_16-15-57-971] → locator.isVisible returned: true
[2025-07-02_16-15-57-972] Calling locator.click with args: []
[2025-07-02_16-15-58-013] Calling page.locator with args: ["div.col-2.modal-item-option-right-button > button"]
[2025-07-02_16-15-58-014] Calling locator.nth with args: [0]
[2025-07-02_16-15-58-014] Calling locator.count with args: []
[2025-07-02_16-15-58-017] → locator.count returned: 1
[2025-07-02_16-15-58-018] Calling locator.isVisible with args: []
[2025-07-02_16-15-58-035] → locator.isVisible returned: true
[2025-07-02_16-15-58-035] Calling locator.click with args: []
[2025-07-02_16-15-58-123] Calling page.screenshot with args: [{"path":"screenshots/Single_Item_-_Modifiers-EDGE-1366x768-2025-07-02_16-15-58-123.jpg"}]
[2025-07-02_16-15-58-218] Calling page.locator with args: ["div.col-2.modal-item-option-left-button > button"]
[2025-07-02_16-15-58-219] Calling locator.count with args: []
[2025-07-02_16-15-58-229] → locator.count returned: 3
[2025-07-02_16-15-58-230] Calling page.screenshot with args: [{"path":"screenshots/Single_Item_-_Modifiers-EDGE-1366x768-2025-07-02_16-15-58-229.jpg"}]
[2025-07-02_16-15-58-344] Calling page.getByRole with args: ["button",{"name":"Save"}]
[2025-07-02_16-15-58-344] Calling locator.click with args: []
[2025-07-02_16-15-58-433] Calling page.waitForTimeout with args: [10000]
[2025-07-02_16-16-08-441] Calling page.locator with args: ["xpath=//button[@id=\"deploy-button\"]"]
[2025-07-02_16-16-08-443] Calling locator.click with args: []
[2025-07-02_16-16-08-510] Calling page.getByRole with args: ["button",{"name":"Next"}]
[2025-07-02_16-16-08-510] Calling locator.click with args: []
[2025-07-02_16-16-08-962] Calling page.getByRole with args: ["button",{"name":"Next"}]
[2025-07-02_16-16-08-963] Calling locator.click with args: []
[2025-07-02_16-16-10-368] Calling page.getByRole with args: ["button",{"name":"Deploy (1)"}]
[2025-07-02_16-16-10-369] Calling locator.click with args: []
[2025-07-02_16-16-11-252] Calling page.getByRole with args: ["button"]
[2025-07-02_16-16-11-253] Calling locator.filter with args: [{"hasText":{}}]
[2025-07-02_16-16-11-254] Calling locator.click with args: []
[2025-07-02_16-16-11-723] Calling page.getByRole with args: ["textbox"]
[2025-07-02_16-16-11-724] Calling locator.press with args: ["ControlOrMeta+a"]
[2025-07-02_16-16-11-765] Calling page.getByRole with args: ["textbox"]
[2025-07-02_16-16-11-766] Calling locator.fill with args: ["Single_Item_-_Modifiers-EDGE-1366x768-2025-07-02_16-15-28-594"]
[2025-07-02_16-16-11-927] Calling page.getByRole with args: ["button"]
[2025-07-02_16-16-11-928] Calling locator.filter with args: [{"hasText":{}}]
[2025-07-02_16-16-11-928] Calling locator.click with args: []
[2025-07-02_16-16-11-972] Calling page.getByRole with args: ["button",{"name":"Continue Deploy"}]
[2025-07-02_16-16-11-973] Calling locator.click with args: []
[2025-07-02_16-16-12-014] Calling page.waitForTimeout with args: [5000]
[2025-07-02_16-16-17-021] Calling page.goto with args: ["https://stg.my.deliverit.com.au/deployment-log"]
[2025-07-02_16-16-17-325] Calling page.waitForTimeout with args: [10000]
[2025-07-02_16-16-27-351] Calling page.getByRole with args: ["cell",{"name":"Single_Item_-_Modifiers-EDGE-1366x768-2025-07-02_16-15-28-594"}]
[2025-07-02_16-16-27-356] Calling locator.count with args: []
[2025-07-02_16-16-27-358] Calling page.waitForTimeout with args: [5000]
[2025-07-02_16-16-27-397] → locator.count returned: 1
[2025-07-02_16-16-27-397] Calling locator.isVisible with args: []
[2025-07-02_16-16-27-408] → locator.isVisible returned: true
[2025-07-02_16-16-27-409] Calling locator.click with args: []
[2025-07-02_16-16-32-365] Calling page.locator with args: ["span.styles_id-value__MH_QF"]
[2025-07-02_16-16-32-365] Calling locator.textContent with args: []
[2025-07-02_16-16-32-370] → locator.textContent returned: "DYP-sqzspl40eodombqik39n5nib11016"
