[2025-07-02_16-01-01-073] Calling page.goto with args: ["https://stg.my.deliverit.com.au/"]
[2025-07-02_16-01-01-736] Calling page.getByRole with args: ["textbox",{"name":"Email"}]
[2025-07-02_16-01-01-737] Calling locator.click with args: []
[2025-07-02_16-01-01-846] Calling page.getByRole with args: ["textbox",{"name":"Email"}]
[2025-07-02_16-01-01-847] Calling locator.fill with args: ["vin.cuenza@easypos.com.ph"]
[2025-07-02_16-01-01-862] Calling page.getByRole with args: ["textbox",{"name":"Password"}]
[2025-07-02_16-01-01-869] Calling locator.click with args: []
[2025-07-02_16-01-01-913] Calling page.getByRole with args: ["textbox",{"name":"Password"}]
[2025-07-02_16-01-01-914] Calling locator.fill with args: ["Aa1234567890!"]
[2025-07-02_16-01-01-928] Calling page.getByRole with args: ["button",{"name":"Sign in"}]
[2025-07-02_16-01-01-929] Calling locator.click with args: []
[2025-07-02_16-01-01-988] Calling page.waitForTimeout with args: [10000]
[2025-07-02_16-01-11-992] Calling page.locator with args: ["#btn-store-selector"]
[2025-07-02_16-01-11-994] Calling locator.nth with args: [0]
[2025-07-02_16-01-11-995] Calling locator.click with args: []
[2025-07-02_16-01-12-339] Calling page.getByRole with args: ["searchbox",{"name":"Search"}]
[2025-07-02_16-01-12-339] Calling locator.click with args: []
[2025-07-02_16-01-12-540] Calling page.viewportSize with args: []
[2025-07-02_16-01-12-541] Calling page.getByRole with args: ["searchbox",{"name":"Search"}]
[2025-07-02_16-01-12-541] Calling locator.fill with args: ["VS Test Store 01"]
[2025-07-02_16-01-12-560] Calling page.getByRole with args: ["button",{"name":"VS Test Store 01"}]
[2025-07-02_16-01-12-560] Calling locator.click with args: []
[2025-07-02_16-01-12-628] Calling page.waitForTimeout with args: [10000]
[2025-07-02_16-01-22-633] Calling page.getByRole with args: ["textbox",{"name":"Search PLU / Item Name here"}]
[2025-07-02_16-01-22-636] Calling locator.click with args: []
[2025-07-02_16-01-22-674] Calling page.getByRole with args: ["textbox",{"name":"Search PLU / Item Name here"}]
[2025-07-02_16-01-22-675] Calling locator.fill with args: ["STP03"]
[2025-07-02_16-01-22-689] Calling page.locator with args: ["xpath=//div[@id=\"row-0\"]"]
[2025-07-02_16-01-22-689] Calling locator.nth with args: [0]
[2025-07-02_16-01-22-690] Calling locator.click with args: []
[2025-07-02_16-01-22-739] Calling page.locator with args: ["#tabs-edit-menu-item-tab-item_options"]
[2025-07-02_16-01-22-740] Calling locator.click with args: []
[2025-07-02_16-01-24-176] Calling page.waitForTimeout with args: [3000]
[2025-07-02_16-01-27-180] Calling page.screenshot with args: [{"path":"screenshots/Single_Item_-_Modifiers-CHROMIUM-1920x1080-2025-07-02_16-01-27-179.jpg"}]
[2025-07-02_16-01-27-395] Calling page.locator with args: ["div.col-2.modal-item-option-right-button > button"]
[2025-07-02_16-01-27-395] Calling locator.nth with args: [0]
[2025-07-02_16-01-27-395] Calling locator.count with args: []
[2025-07-02_16-01-27-404] → locator.count returned: 1
[2025-07-02_16-01-27-405] Calling locator.isVisible with args: []
[2025-07-02_16-01-27-413] → locator.isVisible returned: true
[2025-07-02_16-01-27-413] Calling locator.click with args: []
[2025-07-02_16-01-27-513] Calling page.locator with args: ["div.col-2.modal-item-option-right-button > button"]
[2025-07-02_16-01-27-514] Calling locator.nth with args: [0]
[2025-07-02_16-01-27-515] Calling locator.count with args: []
[2025-07-02_16-01-27-526] → locator.count returned: 1
[2025-07-02_16-01-27-527] Calling locator.isVisible with args: []
[2025-07-02_16-01-27-537] → locator.isVisible returned: true
[2025-07-02_16-01-27-538] Calling locator.click with args: []
[2025-07-02_16-01-27-672] Calling page.locator with args: ["div.col-2.modal-item-option-right-button > button"]
[2025-07-02_16-01-27-673] Calling locator.nth with args: [0]
[2025-07-02_16-01-27-673] Calling locator.count with args: []
[2025-07-02_16-01-27-703] → locator.count returned: 1
[2025-07-02_16-01-27-703] Calling locator.isVisible with args: []
[2025-07-02_16-01-27-709] → locator.isVisible returned: true
[2025-07-02_16-01-27-710] Calling locator.click with args: []
[2025-07-02_16-01-27-807] Calling page.screenshot with args: [{"path":"screenshots/Single_Item_-_Modifiers-CHROMIUM-1920x1080-2025-07-02_16-01-27-807.jpg"}]
[2025-07-02_16-01-28-083] Calling page.locator with args: ["div.col-2.modal-item-option-left-button > button"]
[2025-07-02_16-01-28-083] Calling locator.count with args: []
[2025-07-02_16-01-28-093] → locator.count returned: 6
[2025-07-02_16-01-28-094] Calling page.locator with args: ["div.col-2.modal-item-option-left-button > button"]
[2025-07-02_16-01-28-094] Calling locator.nth with args: [0]
[2025-07-02_16-01-28-095] Calling locator.click with args: []
[2025-07-02_16-01-28-188] Calling page.locator with args: ["div.col-2.modal-item-option-left-button > button"]
[2025-07-02_16-01-28-189] Calling locator.count with args: []
[2025-07-02_16-01-28-195] → locator.count returned: 5
[2025-07-02_16-01-28-195] Calling page.locator with args: ["div.col-2.modal-item-option-left-button > button"]
[2025-07-02_16-01-28-196] Calling locator.nth with args: [0]
[2025-07-02_16-01-28-196] Calling locator.click with args: []
[2025-07-02_16-01-28-273] Calling page.locator with args: ["div.col-2.modal-item-option-left-button > button"]
[2025-07-02_16-01-28-274] Calling locator.count with args: []
[2025-07-02_16-01-28-280] → locator.count returned: 4
[2025-07-02_16-01-28-281] Calling page.locator with args: ["div.col-2.modal-item-option-left-button > button"]
[2025-07-02_16-01-28-281] Calling locator.nth with args: [0]
[2025-07-02_16-01-28-282] Calling locator.click with args: []
[2025-07-02_16-01-28-362] Calling page.locator with args: ["div.col-2.modal-item-option-left-button > button"]
[2025-07-02_16-01-28-363] Calling locator.count with args: []
[2025-07-02_16-01-28-370] → locator.count returned: 3
[2025-07-02_16-01-28-371] Calling page.screenshot with args: [{"path":"screenshots/Single_Item_-_Modifiers-CHROMIUM-1920x1080-2025-07-02_16-01-28-371.jpg"}]
[2025-07-02_16-01-28-560] Calling page.getByRole with args: ["button",{"name":"Save"}]
[2025-07-02_16-01-28-561] Calling locator.click with args: []
[2025-07-02_16-01-28-706] Calling page.waitForTimeout with args: [10000]
[2025-07-02_16-01-38-720] Calling page.locator with args: ["xpath=//button[@id=\"deploy-button\"]"]
[2025-07-02_16-01-38-720] Calling locator.click with args: []
[2025-07-02_16-01-38-758] Calling page.getByRole with args: ["button",{"name":"Next"}]
[2025-07-02_16-01-38-758] Calling locator.click with args: []
[2025-07-02_16-01-39-145] Calling page.getByRole with args: ["button",{"name":"Next"}]
[2025-07-02_16-01-39-146] Calling locator.click with args: []
[2025-07-02_16-01-40-395] Calling page.getByRole with args: ["button",{"name":"Deploy (1)"}]
[2025-07-02_16-01-40-395] Calling locator.click with args: []
[2025-07-02_16-01-41-265] Calling page.getByRole with args: ["button"]
[2025-07-02_16-01-41-266] Calling locator.filter with args: [{"hasText":{}}]
[2025-07-02_16-01-41-267] Calling locator.click with args: []
[2025-07-02_16-01-41-408] Calling page.getByRole with args: ["textbox"]
[2025-07-02_16-01-41-408] Calling locator.press with args: ["ControlOrMeta+a"]
[2025-07-02_16-01-41-427] Calling page.getByRole with args: ["textbox"]
[2025-07-02_16-01-41-428] Calling locator.fill with args: ["Single_Item_-_Modifiers-CHROMIUM-1920x1080-2025-07-02_16-01-01-073"]
[2025-07-02_16-01-41-579] Calling page.getByRole with args: ["button"]
[2025-07-02_16-01-41-579] Calling locator.filter with args: [{"hasText":{}}]
[2025-07-02_16-01-41-580] Calling locator.click with args: []
[2025-07-02_16-01-41-786] Calling page.getByRole with args: ["button",{"name":"Continue Deploy"}]
[2025-07-02_16-01-41-786] Calling locator.click with args: []
[2025-07-02_16-01-41-900] Calling page.waitForTimeout with args: [5000]
[2025-07-02_16-01-46-910] Calling page.goto with args: ["https://stg.my.deliverit.com.au/deployment-log"]
[2025-07-02_16-01-47-420] Calling page.waitForTimeout with args: [10000]
[2025-07-02_16-01-57-430] Calling page.getByRole with args: ["cell",{"name":"Single_Item_-_Modifiers-CHROMIUM-1920x1080-2025-07-02_16-01-01-073"}]
[2025-07-02_16-01-57-432] Calling locator.count with args: []
[2025-07-02_16-01-57-438] Calling page.waitForTimeout with args: [5000]
[2025-07-02_16-01-57-473] → locator.count returned: 1
[2025-07-02_16-01-57-474] Calling locator.isVisible with args: []
[2025-07-02_16-01-57-481] → locator.isVisible returned: true
[2025-07-02_16-01-57-482] Calling locator.click with args: []
[2025-07-02_16-02-02-453] Calling page.locator with args: ["span.styles_id-value__MH_QF"]
[2025-07-02_16-02-02-455] Calling locator.textContent with args: []
[2025-07-02_16-02-02-476] → locator.textContent returned: "DYP-g1ylxq1u5383a21szybzh0vy11014"
