[2025-07-02_16-06-11-879] Calling page.goto with args: ["https://stg.my.deliverit.com.au/"]
[2025-07-02_16-06-12-696] Calling page.getByRole with args: ["textbox",{"name":"Email"}]
[2025-07-02_16-06-12-696] Calling locator.click with args: []
[2025-07-02_16-06-12-815] Calling page.getByRole with args: ["textbox",{"name":"Email"}]
[2025-07-02_16-06-12-815] Calling locator.fill with args: ["vin.cuenza@easypos.com.ph"]
[2025-07-02_16-06-12-842] Calling page.getByRole with args: ["textbox",{"name":"Password"}]
[2025-07-02_16-06-12-843] Calling locator.click with args: []
[2025-07-02_16-06-12-984] Calling page.getByRole with args: ["textbox",{"name":"Password"}]
[2025-07-02_16-06-12-984] Calling locator.fill with args: ["Aa1234567890!"]
[2025-07-02_16-06-13-015] Calling page.getByRole with args: ["button",{"name":"Sign in"}]
[2025-07-02_16-06-13-015] Calling locator.click with args: []
[2025-07-02_16-06-13-126] Calling page.waitForTimeout with args: [10000]
[2025-07-02_16-06-23-140] Calling page.locator with args: ["#btn-store-selector"]
[2025-07-02_16-06-23-142] Calling locator.nth with args: [0]
[2025-07-02_16-06-23-143] Calling locator.click with args: []
[2025-07-02_16-06-23-412] Calling page.getByRole with args: ["searchbox",{"name":"Search"}]
[2025-07-02_16-06-23-412] Calling locator.click with args: []
[2025-07-02_16-06-23-646] Calling page.viewportSize with args: []
[2025-07-02_16-06-23-646] Calling page.getByRole with args: ["searchbox",{"name":"Search"}]
[2025-07-02_16-06-23-647] Calling locator.fill with args: ["VS Test Store 01"]
[2025-07-02_16-06-23-706] Calling page.getByRole with args: ["button",{"name":"VS Test Store 01"}]
[2025-07-02_16-06-23-706] Calling locator.click with args: []
[2025-07-02_16-06-23-872] Calling page.waitForTimeout with args: [10000]
[2025-07-02_16-06-33-877] Calling page.getByRole with args: ["textbox",{"name":"Search PLU / Item Name here"}]
[2025-07-02_16-06-33-878] Calling locator.click with args: []
[2025-07-02_16-06-33-962] Calling page.getByRole with args: ["textbox",{"name":"Search PLU / Item Name here"}]
[2025-07-02_16-06-33-962] Calling locator.fill with args: ["STP03"]
[2025-07-02_16-06-34-010] Calling page.locator with args: ["xpath=//div[@id=\"row-0\"]"]
[2025-07-02_16-06-34-011] Calling locator.nth with args: [0]
[2025-07-02_16-06-34-011] Calling locator.click with args: []
[2025-07-02_16-06-34-126] Calling page.waitForTimeout with args: [500]
[2025-07-02_16-06-34-637] Calling page.screenshot with args: [{"path":"screenshots/Single_Item_-_ALL-FIREFOX-1920x1080-2025-07-02_16-06-34-636.jpg"}]
[2025-07-02_16-06-34-860] Calling page.getByRole with args: ["textbox",{"name":"Display Name"}]
[2025-07-02_16-06-34-861] Calling locator.click with args: []
[2025-07-02_16-06-35-816] Calling keyboard.press with args: ["z"]
[2025-07-02_16-06-35-857] Calling keyboard.press with args: ["e"]
[2025-07-02_16-06-35-881] Calling keyboard.press with args: ["h"]
[2025-07-02_16-06-35-900] Calling page.getByRole with args: ["textbox",{"name":"Print Name"}]
[2025-07-02_16-06-35-901] Calling locator.click with args: []
[2025-07-02_16-06-36-038] Calling keyboard.press with args: ["z"]
[2025-07-02_16-06-36-084] Calling keyboard.press with args: ["e"]
[2025-07-02_16-06-36-102] Calling keyboard.press with args: ["h"]
[2025-07-02_16-06-36-128] Calling page.getByRole with args: ["textbox",{"name":"Description"}]
[2025-07-02_16-06-36-129] Calling locator.click with args: []
[2025-07-02_16-06-36-218] Calling keyboard.press with args: ["z"]
[2025-07-02_16-06-36-250] Calling keyboard.press with args: ["e"]
[2025-07-02_16-06-36-269] Calling keyboard.press with args: ["h"]
[2025-07-02_16-06-36-285] Calling page.screenshot with args: [{"path":"screenshots/Single_Item_-_ALL-FIREFOX-1920x1080-2025-07-02_16-06-36-284.jpg"}]
[2025-07-02_16-06-36-432] Calling page.getByRole with args: ["tab",{"name":"Pricing"}]
[2025-07-02_16-06-36-432] Calling locator.click with args: []
[2025-07-02_16-06-36-503] Calling page.screenshot with args: [{"path":"screenshots/Single_Item_-_ALL-FIREFOX-1920x1080-2025-07-02_16-06-36-503.jpg"}]
[2025-07-02_16-06-36-698] Calling page.locator with args: ["input[name=\"applyAll\"]"]
[2025-07-02_16-06-36-698] Calling locator.check with args: []
[2025-07-02_16-06-36-798] Calling page.locator with args: ["input[name=\"SellPrice\"]"]
[2025-07-02_16-06-36-798] Calling locator.inputValue with args: []
[2025-07-02_16-06-36-808] → locator.inputValue returned: "0"
[2025-07-02_16-06-36-810] Calling page.locator with args: ["input[name=\"SellPrice\"]"]
[2025-07-02_16-06-36-811] Calling locator.fill with args: ["10"]
[2025-07-02_16-06-36-849] Calling page.screenshot with args: [{"path":"screenshots/Single_Item_-_ALL-FIREFOX-1920x1080-2025-07-02_16-06-36-849.jpg"}]
[2025-07-02_16-06-37-009] Calling page.locator with args: ["#tabs-edit-menu-item-tab-extras"]
[2025-07-02_16-06-37-009] Calling locator.click with args: []
[2025-07-02_16-06-37-075] Calling page.screenshot with args: [{"path":"screenshots/Single_Item_-_ALL-FIREFOX-1920x1080-2025-07-02_16-06-37-074.jpg"}]
[2025-07-02_16-06-37-233] Calling page.locator with args: ["label[for='extras-selected-0']"]
[2025-07-02_16-06-37-234] Calling locator.isVisible with args: []
[2025-07-02_16-06-37-251] → locator.isVisible returned: true
[2025-07-02_16-06-37-258] Calling locator.click with args: []
[2025-07-02_16-06-37-352] Calling locator.isVisible with args: []
[2025-07-02_16-06-37-361] → locator.isVisible returned: true
[2025-07-02_16-06-37-361] Calling locator.click with args: []
[2025-07-02_16-06-37-468] Calling locator.isVisible with args: []
[2025-07-02_16-06-37-478] → locator.isVisible returned: true
[2025-07-02_16-06-37-478] Calling locator.click with args: []
[2025-07-02_16-06-37-553] Calling page.getByRole with args: ["combobox"]
[2025-07-02_16-06-37-554] Calling locator.click with args: []
[2025-07-02_16-06-37-694] Calling page.getByRole with args: ["combobox"]
[2025-07-02_16-06-37-695] Calling locator.locator with args: ["option"]
[2025-07-02_16-06-37-695] Calling locator.allTextContents with args: []
[2025-07-02_16-06-37-732] Calling locator.selectOption with args: [{"label":"Gelato (11)"}]
[2025-07-02_16-06-37-762] Calling page.locator with args: ["label[for='extras-0']"]
[2025-07-02_16-06-37-763] Calling locator.click with args: []
[2025-07-02_16-06-37-896] Calling page.locator with args: ["label[for='extras-1']"]
[2025-07-02_16-06-37-897] Calling locator.click with args: []
[2025-07-02_16-06-37-988] Calling page.locator with args: ["label[for='extras-2']"]
[2025-07-02_16-06-37-988] Calling locator.click with args: []
[2025-07-02_16-06-38-070] Calling page.locator with args: ["label[for='extras-3']"]
[2025-07-02_16-06-38-070] Calling locator.click with args: []
[2025-07-02_16-06-38-147] Calling page.locator with args: ["label[for='extras-4']"]
[2025-07-02_16-06-38-148] Calling locator.click with args: []
[2025-07-02_16-06-38-266] Calling page.screenshot with args: [{"path":"screenshots/Single_Item_-_ALL-FIREFOX-1920x1080-2025-07-02_16-06-38-266.jpg"}]
[2025-07-02_16-06-38-401] Calling page.locator with args: ["#tabs-edit-menu-item-tab-item_options"]
[2025-07-02_16-06-38-401] Calling locator.click with args: []
[2025-07-02_16-06-38-502] Calling page.waitForTimeout with args: [3000]
[2025-07-02_16-06-41-516] Calling page.screenshot with args: [{"path":"screenshots/Single_Item_-_ALL-FIREFOX-1920x1080-2025-07-02_16-06-41-515.jpg"}]
[2025-07-02_16-06-41-698] Calling page.locator with args: ["div.col-2.modal-item-option-right-button > button"]
[2025-07-02_16-06-41-698] Calling locator.nth with args: [0]
[2025-07-02_16-06-41-699] Calling locator.count with args: []
[2025-07-02_16-06-41-708] → locator.count returned: 1
[2025-07-02_16-06-41-709] Calling locator.isVisible with args: []
[2025-07-02_16-06-41-716] → locator.isVisible returned: true
[2025-07-02_16-06-41-716] Calling locator.click with args: []
[2025-07-02_16-06-41-785] Calling page.locator with args: ["div.col-2.modal-item-option-right-button > button"]
[2025-07-02_16-06-41-785] Calling locator.nth with args: [0]
[2025-07-02_16-06-41-786] Calling locator.count with args: []
[2025-07-02_16-06-41-795] → locator.count returned: 1
[2025-07-02_16-06-41-795] Calling locator.isVisible with args: []
[2025-07-02_16-06-41-801] → locator.isVisible returned: true
[2025-07-02_16-06-41-801] Calling locator.click with args: []
[2025-07-02_16-06-41-866] Calling page.locator with args: ["div.col-2.modal-item-option-right-button > button"]
[2025-07-02_16-06-41-866] Calling locator.nth with args: [0]
[2025-07-02_16-06-41-867] Calling locator.count with args: []
[2025-07-02_16-06-41-874] → locator.count returned: 1
[2025-07-02_16-06-41-875] Calling locator.isVisible with args: []
[2025-07-02_16-06-41-880] → locator.isVisible returned: true
[2025-07-02_16-06-41-881] Calling locator.click with args: []
[2025-07-02_16-06-41-949] Calling page.screenshot with args: [{"path":"screenshots/Single_Item_-_ALL-FIREFOX-1920x1080-2025-07-02_16-06-41-949.jpg"}]
[2025-07-02_16-06-42-092] Calling page.locator with args: ["div.col-2.modal-item-option-left-button > button"]
[2025-07-02_16-06-42-093] Calling locator.count with args: []
[2025-07-02_16-06-42-100] → locator.count returned: 6
[2025-07-02_16-06-42-100] Calling page.locator with args: ["div.col-2.modal-item-option-left-button > button"]
[2025-07-02_16-06-42-100] Calling locator.nth with args: [0]
[2025-07-02_16-06-42-100] Calling locator.click with args: []
[2025-07-02_16-06-42-178] Calling page.locator with args: ["div.col-2.modal-item-option-left-button > button"]
[2025-07-02_16-06-42-179] Calling locator.count with args: []
[2025-07-02_16-06-42-184] → locator.count returned: 5
[2025-07-02_16-06-42-184] Calling page.locator with args: ["div.col-2.modal-item-option-left-button > button"]
[2025-07-02_16-06-42-185] Calling locator.nth with args: [0]
[2025-07-02_16-06-42-185] Calling locator.click with args: []
[2025-07-02_16-06-42-262] Calling page.locator with args: ["div.col-2.modal-item-option-left-button > button"]
[2025-07-02_16-06-42-263] Calling locator.count with args: []
[2025-07-02_16-06-42-271] → locator.count returned: 4
[2025-07-02_16-06-42-271] Calling page.locator with args: ["div.col-2.modal-item-option-left-button > button"]
[2025-07-02_16-06-42-272] Calling locator.nth with args: [0]
[2025-07-02_16-06-42-272] Calling locator.click with args: []
[2025-07-02_16-06-42-385] Calling page.locator with args: ["div.col-2.modal-item-option-left-button > button"]
[2025-07-02_16-06-42-385] Calling locator.count with args: []
[2025-07-02_16-06-42-395] → locator.count returned: 3
[2025-07-02_16-06-42-395] Calling page.screenshot with args: [{"path":"screenshots/Single_Item_-_ALL-FIREFOX-1920x1080-2025-07-02_16-06-42-395.jpg"}]
[2025-07-02_16-06-42-531] Calling page.getByRole with args: ["button",{"name":"Save"}]
[2025-07-02_16-06-42-532] Calling locator.click with args: []
[2025-07-02_16-06-42-681] Calling page.waitForTimeout with args: [10000]
[2025-07-02_16-06-52-690] Calling page.locator with args: ["xpath=//button[@id=\"deploy-button\"]"]
[2025-07-02_16-06-52-691] Calling locator.click with args: []
