[2025-07-02_16-03-01-353] Calling page.goto with args: ["https://stg.my.deliverit.com.au/"]
[2025-07-02_16-03-01-910] Calling page.getByRole with args: ["textbox",{"name":"Email"}]
[2025-07-02_16-03-01-911] Calling locator.click with args: []
[2025-07-02_16-03-02-028] Calling page.getByRole with args: ["textbox",{"name":"Email"}]
[2025-07-02_16-03-02-028] Calling locator.fill with args: ["vin.cuenza@easypos.com.ph"]
[2025-07-02_16-03-02-046] Calling page.getByRole with args: ["textbox",{"name":"Password"}]
[2025-07-02_16-03-02-348] Calling locator.click with args: []
[2025-07-02_16-03-02-373] Calling page.getByRole with args: ["textbox",{"name":"Password"}]
[2025-07-02_16-03-02-373] Calling locator.fill with args: ["Aa1234567890!"]
[2025-07-02_16-03-02-382] Calling page.getByRole with args: ["button",{"name":"Sign in"}]
[2025-07-02_16-03-02-383] Calling locator.click with args: []
[2025-07-02_16-03-02-436] Calling page.waitForTimeout with args: [10000]
[2025-07-02_16-03-12-444] Calling page.locator with args: ["#btn-store-selector"]
[2025-07-02_16-03-12-446] Calling locator.nth with args: [0]
[2025-07-02_16-03-12-447] Calling locator.click with args: []
[2025-07-02_16-03-12-582] Calling page.getByRole with args: ["searchbox",{"name":"Search"}]
[2025-07-02_16-03-12-582] Calling locator.click with args: []
[2025-07-02_16-03-12-857] Calling page.viewportSize with args: []
[2025-07-02_16-03-12-857] Calling page.waitForTimeout with args: [1000]
[2025-07-02_16-03-12-859] Calling page.getByRole with args: ["searchbox",{"name":"Search"}]
[2025-07-02_16-03-12-859] Calling locator.fill with args: ["VS Test Store 02"]
[2025-07-02_16-03-12-878] Calling page.getByRole with args: ["button",{"name":"VS Test Store 02"}]
[2025-07-02_16-03-12-878] Calling locator.click with args: []
[2025-07-02_16-03-12-961] Calling page.waitForTimeout with args: [10000]
[2025-07-02_16-03-22-979] Calling page.getByRole with args: ["textbox",{"name":"Search PLU / Item Name here"}]
[2025-07-02_16-03-22-979] Calling locator.click with args: []
[2025-07-02_16-03-23-011] Calling page.getByRole with args: ["textbox",{"name":"Search PLU / Item Name here"}]
[2025-07-02_16-03-23-012] Calling locator.fill with args: ["STP05"]
[2025-07-02_16-03-23-031] Calling page.locator with args: ["xpath=//div[@id=\"row-0\"]"]
[2025-07-02_16-03-23-032] Calling locator.nth with args: [0]
[2025-07-02_16-03-23-033] Calling locator.click with args: []
[2025-07-02_16-03-23-106] Calling page.waitForTimeout with args: [500]
[2025-07-02_16-03-23-614] Calling page.screenshot with args: [{"path":"screenshots/Single_Item_-_ALL-CHROMIUM-1680x1050-2025-07-02_16-03-23-613.jpg"}]
[2025-07-02_16-03-23-848] Calling page.getByRole with args: ["textbox",{"name":"Display Name"}]
[2025-07-02_16-03-23-849] Calling locator.click with args: []
[2025-07-02_16-03-24-686] Calling keyboard.press with args: ["t"]
[2025-07-02_16-03-24-705] Calling keyboard.press with args: ["z"]
[2025-07-02_16-03-24-718] Calling keyboard.press with args: ["d"]
[2025-07-02_16-03-24-728] Calling page.getByRole with args: ["textbox",{"name":"Print Name"}]
[2025-07-02_16-03-24-729] Calling locator.click with args: []
[2025-07-02_16-03-24-812] Calling keyboard.press with args: ["t"]
[2025-07-02_16-03-24-823] Calling keyboard.press with args: ["z"]
[2025-07-02_16-03-24-831] Calling keyboard.press with args: ["d"]
[2025-07-02_16-03-24-841] Calling page.getByRole with args: ["textbox",{"name":"Description"}]
[2025-07-02_16-03-24-841] Calling locator.click with args: []
[2025-07-02_16-03-24-914] Calling keyboard.press with args: ["t"]
[2025-07-02_16-03-24-925] Calling keyboard.press with args: ["z"]
[2025-07-02_16-03-24-932] Calling keyboard.press with args: ["d"]
[2025-07-02_16-03-24-941] Calling page.screenshot with args: [{"path":"screenshots/Single_Item_-_ALL-CHROMIUM-1680x1050-2025-07-02_16-03-24-940.jpg"}]
[2025-07-02_16-03-25-061] Calling page.getByRole with args: ["tab",{"name":"Pricing"}]
[2025-07-02_16-03-25-061] Calling locator.click with args: []
[2025-07-02_16-03-25-134] Calling page.screenshot with args: [{"path":"screenshots/Single_Item_-_ALL-CHROMIUM-1680x1050-2025-07-02_16-03-25-134.jpg"}]
[2025-07-02_16-03-25-254] Calling page.locator with args: ["input[name=\"applyAll\"]"]
[2025-07-02_16-03-25-255] Calling locator.check with args: []
[2025-07-02_16-03-25-326] Calling page.locator with args: ["input[name=\"SellPrice\"]"]
[2025-07-02_16-03-25-326] Calling locator.inputValue with args: []
[2025-07-02_16-03-25-331] → locator.inputValue returned: "0"
[2025-07-02_16-03-25-331] Calling page.locator with args: ["input[name=\"SellPrice\"]"]
[2025-07-02_16-03-25-331] Calling locator.fill with args: ["4"]
[2025-07-02_16-03-25-360] Calling page.screenshot with args: [{"path":"screenshots/Single_Item_-_ALL-CHROMIUM-1680x1050-2025-07-02_16-03-25-360.jpg"}]
[2025-07-02_16-03-25-497] Calling page.locator with args: ["#tabs-edit-menu-item-tab-extras"]
[2025-07-02_16-03-25-498] Calling locator.click with args: []
[2025-07-02_16-03-25-562] Calling page.screenshot with args: [{"path":"screenshots/Single_Item_-_ALL-CHROMIUM-1680x1050-2025-07-02_16-03-25-562.jpg"}]
[2025-07-02_16-03-25-671] Calling page.locator with args: ["label[for='extras-selected-0']"]
[2025-07-02_16-03-25-671] Calling locator.isVisible with args: []
[2025-07-02_16-03-25-676] → locator.isVisible returned: true
[2025-07-02_16-03-25-677] Calling locator.click with args: []
[2025-07-02_16-03-25-756] Calling locator.isVisible with args: []
[2025-07-02_16-03-25-762] → locator.isVisible returned: false
[2025-07-02_16-03-25-763] Calling locator.isVisible with args: []
[2025-07-02_16-03-25-767] → locator.isVisible returned: false
[2025-07-02_16-03-25-767] Calling page.getByRole with args: ["combobox"]
[2025-07-02_16-03-25-767] Calling locator.click with args: []
[2025-07-02_16-03-25-857] Calling page.getByRole with args: ["combobox"]
[2025-07-02_16-03-25-857] Calling locator.locator with args: ["option"]
[2025-07-02_16-03-25-857] Calling locator.allTextContents with args: []
[2025-07-02_16-03-25-876] Calling locator.selectOption with args: [{"label":"Pizza (52)"}]
[2025-07-02_16-03-25-900] Calling page.locator with args: ["label[for='extras-0']"]
[2025-07-02_16-03-25-900] Calling locator.click with args: []
[2025-07-02_16-03-25-982] Calling page.locator with args: ["label[for='extras-1']"]
[2025-07-02_16-03-25-983] Calling locator.click with args: []
[2025-07-02_16-03-26-053] Calling page.locator with args: ["label[for='extras-2']"]
[2025-07-02_16-03-26-054] Calling locator.click with args: []
[2025-07-02_16-03-26-116] Calling page.locator with args: ["label[for='extras-3']"]
[2025-07-02_16-03-26-116] Calling locator.click with args: []
[2025-07-02_16-03-26-179] Calling page.locator with args: ["label[for='extras-4']"]
[2025-07-02_16-03-26-180] Calling locator.click with args: []
[2025-07-02_16-03-26-240] Calling page.screenshot with args: [{"path":"screenshots/Single_Item_-_ALL-CHROMIUM-1680x1050-2025-07-02_16-03-26-240.jpg"}]
[2025-07-02_16-03-26-426] Calling page.locator with args: ["#tabs-edit-menu-item-tab-item_options"]
[2025-07-02_16-03-26-427] Calling locator.click with args: []
[2025-07-02_16-03-26-494] Calling page.waitForTimeout with args: [3000]
[2025-07-02_16-03-29-511] Calling page.screenshot with args: [{"path":"screenshots/Single_Item_-_ALL-CHROMIUM-1680x1050-2025-07-02_16-03-29-510.jpg"}]
[2025-07-02_16-03-29-648] Calling page.locator with args: ["div.col-2.modal-item-option-right-button > button"]
[2025-07-02_16-03-29-649] Calling locator.nth with args: [0]
[2025-07-02_16-03-29-650] Calling locator.count with args: []
[2025-07-02_16-03-29-657] → locator.count returned: 1
[2025-07-02_16-03-29-657] Calling locator.isVisible with args: []
[2025-07-02_16-03-29-662] → locator.isVisible returned: true
[2025-07-02_16-03-29-662] Calling locator.click with args: []
[2025-07-02_16-03-29-749] Calling page.locator with args: ["div.col-2.modal-item-option-right-button > button"]
[2025-07-02_16-03-29-749] Calling locator.nth with args: [0]
[2025-07-02_16-03-29-750] Calling locator.count with args: []
[2025-07-02_16-03-29-755] → locator.count returned: 1
[2025-07-02_16-03-29-755] Calling locator.isVisible with args: []
[2025-07-02_16-03-29-760] → locator.isVisible returned: true
[2025-07-02_16-03-29-760] Calling locator.click with args: []
[2025-07-02_16-03-29-867] Calling page.locator with args: ["div.col-2.modal-item-option-right-button > button"]
[2025-07-02_16-03-29-867] Calling locator.nth with args: [0]
[2025-07-02_16-03-29-868] Calling locator.count with args: []
[2025-07-02_16-03-29-872] → locator.count returned: 1
[2025-07-02_16-03-29-873] Calling locator.isVisible with args: []
[2025-07-02_16-03-29-877] → locator.isVisible returned: true
[2025-07-02_16-03-29-877] Calling locator.click with args: []
[2025-07-02_16-03-29-921] Calling page.screenshot with args: [{"path":"screenshots/Single_Item_-_ALL-CHROMIUM-1680x1050-2025-07-02_16-03-29-920.jpg"}]
[2025-07-02_16-03-30-029] Calling page.locator with args: ["div.col-2.modal-item-option-left-button > button"]
[2025-07-02_16-03-30-030] Calling locator.count with args: []
[2025-07-02_16-03-30-037] → locator.count returned: 3
[2025-07-02_16-03-30-038] Calling page.screenshot with args: [{"path":"screenshots/Single_Item_-_ALL-CHROMIUM-1680x1050-2025-07-02_16-03-30-037.jpg"}]
[2025-07-02_16-03-30-180] Calling page.getByRole with args: ["button",{"name":"Save"}]
[2025-07-02_16-03-30-180] Calling locator.click with args: []
[2025-07-02_16-03-30-257] Calling page.waitForTimeout with args: [10000]
[2025-07-02_16-03-40-271] Calling page.locator with args: ["xpath=//button[@id=\"deploy-button\"]"]
[2025-07-02_16-03-40-272] Calling locator.click with args: []
[2025-07-02_16-03-40-318] Calling page.getByRole with args: ["button",{"name":"Next"}]
[2025-07-02_16-03-40-319] Calling locator.click with args: []
[2025-07-02_16-03-40-674] Calling page.getByRole with args: ["button",{"name":"Next"}]
[2025-07-02_16-03-40-674] Calling locator.click with args: []
[2025-07-02_16-03-42-891] Calling page.getByRole with args: ["button",{"name":"Deploy (1)"}]
[2025-07-02_16-03-42-892] Calling locator.click with args: []
[2025-07-02_16-03-43-772] Calling page.getByRole with args: ["button"]
[2025-07-02_16-03-43-773] Calling locator.filter with args: [{"hasText":{}}]
[2025-07-02_16-03-43-773] Calling locator.click with args: []
[2025-07-02_16-03-43-882] Calling page.getByRole with args: ["textbox"]
[2025-07-02_16-03-43-883] Calling locator.press with args: ["ControlOrMeta+a"]
[2025-07-02_16-03-43-898] Calling page.getByRole with args: ["textbox"]
[2025-07-02_16-03-43-899] Calling locator.fill with args: ["Single_Item_-_ALL-CHROMIUM-1680x1050-2025-07-02_16-03-01-353"]
[2025-07-02_16-03-44-068] Calling page.getByRole with args: ["button"]
[2025-07-02_16-03-44-069] Calling locator.filter with args: [{"hasText":{}}]
[2025-07-02_16-03-44-069] Calling locator.click with args: []
[2025-07-02_16-03-44-261] Calling page.getByRole with args: ["button",{"name":"Continue Deploy"}]
[2025-07-02_16-03-44-261] Calling locator.click with args: []
[2025-07-02_16-03-44-328] Calling page.waitForTimeout with args: [5000]
[2025-07-02_16-03-49-337] Calling page.goto with args: ["https://stg.my.deliverit.com.au/deployment-log"]
[2025-07-02_16-03-49-763] Calling page.waitForTimeout with args: [10000]
[2025-07-02_16-03-59-772] Calling page.getByRole with args: ["cell",{"name":"Single_Item_-_ALL-CHROMIUM-1680x1050-2025-07-02_16-03-01-353"}]
[2025-07-02_16-03-59-772] Calling locator.count with args: []
[2025-07-02_16-03-59-775] Calling page.waitForTimeout with args: [5000]
[2025-07-02_16-03-59-801] → locator.count returned: 1
[2025-07-02_16-03-59-801] Calling locator.isVisible with args: []
[2025-07-02_16-03-59-810] → locator.isVisible returned: true
[2025-07-02_16-03-59-811] Calling locator.click with args: []
[2025-07-02_16-04-04-797] Calling page.locator with args: ["span.styles_id-value__MH_QF"]
[2025-07-02_16-04-04-798] Calling locator.textContent with args: []
[2025-07-02_16-04-04-802] → locator.textContent returned: "DYP-u9x3pneoxg7qktz7z6rq8r4211015"
