[2025-07-02_16-09-09-616] Calling page.goto with args: ["https://stg.my.deliverit.com.au/"]
[2025-07-02_16-09-10-665] Calling page.getByRole with args: ["textbox",{"name":"Email"}]
[2025-07-02_16-09-10-666] Calling locator.click with args: []
[2025-07-02_16-09-10-785] Calling page.getByRole with args: ["textbox",{"name":"Email"}]
[2025-07-02_16-09-10-786] Calling locator.fill with args: ["vin.cuenza@easypos.com.ph"]
[2025-07-02_16-09-10-816] Calling page.getByRole with args: ["textbox",{"name":"Password"}]
[2025-07-02_16-09-10-817] Calling locator.click with args: []
[2025-07-02_16-09-10-922] Calling page.getByRole with args: ["textbox",{"name":"Password"}]
[2025-07-02_16-09-10-922] Calling locator.fill with args: ["Aa1234567890!"]
[2025-07-02_16-09-10-944] Calling page.getByRole with args: ["button",{"name":"Sign in"}]
[2025-07-02_16-09-10-945] Calling locator.click with args: []
[2025-07-02_16-09-11-043] Calling page.waitForTimeout with args: [10000]
[2025-07-02_16-09-21-051] Calling page.locator with args: ["#btn-store-selector"]
[2025-07-02_16-09-21-053] Calling locator.nth with args: [0]
[2025-07-02_16-09-21-053] Calling locator.click with args: []
[2025-07-02_16-09-21-239] Calling page.getByRole with args: ["searchbox",{"name":"Search"}]
[2025-07-02_16-09-21-240] Calling locator.click with args: []
[2025-07-02_16-09-21-495] Calling page.viewportSize with args: []
[2025-07-02_16-09-21-496] Calling page.waitForTimeout with args: [2000]
[2025-07-02_16-09-21-498] Calling page.getByRole with args: ["searchbox",{"name":"Search"}]
[2025-07-02_16-09-21-498] Calling locator.fill with args: ["VS Test Store 03"]
[2025-07-02_16-09-21-529] Calling page.getByRole with args: ["button",{"name":"VS Test Store 03"}]
[2025-07-02_16-09-21-530] Calling locator.click with args: []
[2025-07-02_16-09-21-699] Calling page.waitForTimeout with args: [10000]
[2025-07-02_16-09-31-704] Calling page.getByRole with args: ["textbox",{"name":"Search PLU / Item Name here"}]
[2025-07-02_16-09-31-706] Calling locator.click with args: []
[2025-07-02_16-09-31-799] Calling page.getByRole with args: ["textbox",{"name":"Search PLU / Item Name here"}]
[2025-07-02_16-09-31-800] Calling locator.fill with args: ["STP03"]
[2025-07-02_16-09-31-832] Calling page.locator with args: ["xpath=//div[@id=\"row-0\"]"]
[2025-07-02_16-09-31-832] Calling locator.nth with args: [0]
[2025-07-02_16-09-31-833] Calling locator.click with args: []
[2025-07-02_16-09-31-924] Calling page.getByRole with args: ["textbox",{"name":"Display Name"}]
[2025-07-02_16-09-31-925] Calling locator.click with args: []
[2025-07-02_16-09-33-518] Calling keyboard.press with args: ["i"]
[2025-07-02_16-09-33-569] Calling keyboard.press with args: ["g"]
[2025-07-02_16-09-33-599] Calling keyboard.press with args: ["i"]
[2025-07-02_16-09-33-645] Calling page.getByRole with args: ["textbox",{"name":"Print Name"}]
[2025-07-02_16-09-33-646] Calling locator.click with args: []
[2025-07-02_16-09-33-750] Calling keyboard.press with args: ["i"]
[2025-07-02_16-09-33-808] Calling keyboard.press with args: ["g"]
[2025-07-02_16-09-33-828] Calling keyboard.press with args: ["i"]
[2025-07-02_16-09-33-852] Calling page.getByRole with args: ["textbox",{"name":"Description"}]
[2025-07-02_16-09-33-853] Calling locator.click with args: []
[2025-07-02_16-09-33-926] Calling keyboard.press with args: ["i"]
[2025-07-02_16-09-33-948] Calling keyboard.press with args: ["g"]
[2025-07-02_16-09-33-962] Calling keyboard.press with args: ["i"]
[2025-07-02_16-09-33-976] Calling page.screenshot with args: [{"path":"screenshots/Single_Item_-_General_Info-FIREFOX-1366x768-2025-07-02_16-09-33-976.jpg"}]
[2025-07-02_16-09-34-055] Calling page.getByRole with args: ["button",{"name":"Save"}]
[2025-07-02_16-09-34-056] Calling locator.click with args: []
[2025-07-02_16-09-34-262] Calling page.waitForTimeout with args: [10000]
[2025-07-02_16-09-44-264] Calling page.locator with args: ["xpath=//button[@id=\"deploy-button\"]"]
[2025-07-02_16-09-44-264] Calling locator.click with args: []
[2025-07-02_16-09-44-327] Calling page.getByRole with args: ["button",{"name":"Next"}]
[2025-07-02_16-09-44-327] Calling locator.click with args: []
[2025-07-02_16-09-44-696] Calling page.getByRole with args: ["button",{"name":"Next"}]
[2025-07-02_16-09-44-696] Calling locator.click with args: []
[2025-07-02_16-09-46-227] Calling page.getByRole with args: ["button",{"name":"Deploy (1)"}]
[2025-07-02_16-09-46-227] Calling locator.click with args: []
[2025-07-02_16-09-46-703] Calling page.getByRole with args: ["button"]
[2025-07-02_16-09-46-704] Calling locator.filter with args: [{"hasText":{}}]
[2025-07-02_16-09-46-704] Calling locator.click with args: []
[2025-07-02_16-09-47-130] Calling page.getByRole with args: ["textbox"]
[2025-07-02_16-09-47-131] Calling locator.press with args: ["ControlOrMeta+a"]
[2025-07-02_16-09-47-155] Calling page.getByRole with args: ["textbox"]
[2025-07-02_16-09-47-156] Calling locator.fill with args: ["Single_Item_-_General_Info-FIREFOX-1366x768-2025-07-02_16-09-09-615"]
[2025-07-02_16-09-47-327] Calling page.getByRole with args: ["button"]
[2025-07-02_16-09-47-327] Calling locator.filter with args: [{"hasText":{}}]
[2025-07-02_16-09-47-328] Calling locator.click with args: []
[2025-07-02_16-09-47-410] Calling page.getByRole with args: ["button",{"name":"Continue Deploy"}]
[2025-07-02_16-09-47-410] Calling locator.click with args: []
[2025-07-02_16-09-47-478] Calling page.waitForTimeout with args: [5000]
[2025-07-02_16-09-52-490] Calling page.goto with args: ["https://stg.my.deliverit.com.au/deployment-log"]
[2025-07-02_16-09-52-874] Calling page.waitForTimeout with args: [10000]
[2025-07-02_16-10-02-882] Calling page.getByRole with args: ["cell",{"name":"Single_Item_-_General_Info-FIREFOX-1366x768-2025-07-02_16-09-09-615"}]
[2025-07-02_16-10-02-884] Calling locator.count with args: []
[2025-07-02_16-10-02-887] Calling page.waitForTimeout with args: [5000]
[2025-07-02_16-10-02-938] → locator.count returned: 1
[2025-07-02_16-10-02-938] Calling locator.isVisible with args: []
[2025-07-02_16-10-02-962] → locator.isVisible returned: true
[2025-07-02_16-10-02-962] Calling locator.click with args: []
[2025-07-02_16-10-07-901] Calling page.locator with args: ["span.styles_id-value__MH_QF"]
[2025-07-02_16-10-07-903] Calling locator.textContent with args: []
[2025-07-02_16-10-07-929] → locator.textContent returned: "DYP-ko7trji94jsf0ls41c8jznu111016"
