[2025-07-02_16-01-02-599] Calling page.goto with args: ["https://stg.my.deliverit.com.au/"]
[2025-07-02_16-01-03-162] Calling page.getByRole with args: ["textbox",{"name":"Email"}]
[2025-07-02_16-01-03-163] Calling locator.click with args: []
[2025-07-02_16-01-03-279] Calling page.getByRole with args: ["textbox",{"name":"Email"}]
[2025-07-02_16-01-03-279] Calling locator.fill with args: ["vin.cuenza@easypos.com.ph"]
[2025-07-02_16-01-03-293] Calling page.getByRole with args: ["textbox",{"name":"Password"}]
[2025-07-02_16-01-03-301] Calling locator.click with args: []
[2025-07-02_16-01-03-349] Calling page.getByRole with args: ["textbox",{"name":"Password"}]
[2025-07-02_16-01-03-349] Calling locator.fill with args: ["Aa1234567890!"]
[2025-07-02_16-01-03-364] Calling page.getByRole with args: ["button",{"name":"Sign in"}]
[2025-07-02_16-01-03-364] Calling locator.click with args: []
[2025-07-02_16-01-03-429] Calling page.waitForTimeout with args: [10000]
[2025-07-02_16-01-13-443] Calling page.locator with args: ["#btn-store-selector"]
[2025-07-02_16-01-13-444] Calling locator.nth with args: [0]
[2025-07-02_16-01-13-444] Calling locator.click with args: []
[2025-07-02_16-01-14-487] Calling page.getByRole with args: ["searchbox",{"name":"Search"}]
[2025-07-02_16-01-14-488] Calling locator.click with args: []
[2025-07-02_16-01-14-668] Calling page.viewportSize with args: []
[2025-07-02_16-01-14-668] Calling page.getByRole with args: ["searchbox",{"name":"Search"}]
[2025-07-02_16-01-14-669] Calling locator.fill with args: ["VS Test Store 01"]
[2025-07-02_16-01-14-692] Calling page.getByRole with args: ["button",{"name":"VS Test Store 01"}]
[2025-07-02_16-01-14-692] Calling locator.click with args: []
[2025-07-02_16-01-14-809] Calling page.waitForTimeout with args: [10000]
[2025-07-02_16-01-24-817] Calling page.getByRole with args: ["textbox",{"name":"Search PLU / Item Name here"}]
[2025-07-02_16-01-24-818] Calling locator.click with args: []
[2025-07-02_16-01-24-858] Calling page.getByRole with args: ["textbox",{"name":"Search PLU / Item Name here"}]
[2025-07-02_16-01-24-859] Calling locator.fill with args: ["STP03"]
[2025-07-02_16-01-24-872] Calling page.locator with args: ["xpath=//div[@id=\"row-0\"]"]
[2025-07-02_16-01-24-873] Calling locator.nth with args: [0]
[2025-07-02_16-01-24-873] Calling locator.click with args: []
[2025-07-02_16-01-24-921] Calling page.getByRole with args: ["tab",{"name":"Advanced"}]
[2025-07-02_16-01-24-922] Calling locator.click with args: []
[2025-07-02_16-01-26-341] Calling page.locator with args: ["input[name=\"visual_tag\"]"]
[2025-07-02_16-01-26-342] Calling locator.click with args: []
[2025-07-02_16-01-26-446] Calling keyboard.press with args: ["i"]
[2025-07-02_16-01-26-461] Calling keyboard.press with args: ["n"]
[2025-07-02_16-01-26-469] Calling keyboard.press with args: ["e"]
[2025-07-02_16-01-26-480] Calling page.getByRole with args: ["button",{"name":"Save"}]
[2025-07-02_16-01-26-481] Calling locator.click with args: []
[2025-07-02_16-01-26-611] Calling page.waitForTimeout with args: [10000]
[2025-07-02_16-01-36-618] Calling page.locator with args: ["xpath=//button[@id=\"deploy-button\"]"]
[2025-07-02_16-01-36-620] Calling locator.click with args: []
[2025-07-02_16-01-36-646] Calling page.getByRole with args: ["button",{"name":"Next"}]
[2025-07-02_16-01-36-647] Calling locator.click with args: []
[2025-07-02_16-01-37-111] Calling page.getByRole with args: ["button",{"name":"Next"}]
[2025-07-02_16-01-37-111] Calling locator.click with args: []
[2025-07-02_16-01-38-239] Calling page.getByRole with args: ["button",{"name":"Deploy (1)"}]
[2025-07-02_16-01-38-239] Calling locator.click with args: []
[2025-07-02_16-01-39-098] Calling page.getByRole with args: ["button"]
[2025-07-02_16-01-39-099] Calling locator.filter with args: [{"hasText":{}}]
[2025-07-02_16-01-39-099] Calling locator.click with args: []
[2025-07-02_16-01-39-577] Calling page.getByRole with args: ["textbox"]
[2025-07-02_16-01-39-578] Calling locator.press with args: ["ControlOrMeta+a"]
[2025-07-02_16-01-39-595] Calling page.getByRole with args: ["textbox"]
[2025-07-02_16-01-39-596] Calling locator.fill with args: ["Single_Item_-_Advance-CHROMIUM-1920x1080-2025-07-02_16-01-02-598"]
[2025-07-02_16-01-39-750] Calling page.getByRole with args: ["button"]
[2025-07-02_16-01-39-751] Calling locator.filter with args: [{"hasText":{}}]
[2025-07-02_16-01-39-751] Calling locator.click with args: []
[2025-07-02_16-01-39-867] Calling page.getByRole with args: ["button",{"name":"Continue Deploy"}]
[2025-07-02_16-01-39-868] Calling locator.click with args: []
[2025-07-02_16-01-39-953] Calling page.waitForTimeout with args: [5000]
[2025-07-02_16-01-44-971] Calling page.goto with args: ["https://stg.my.deliverit.com.au/deployment-log"]
[2025-07-02_16-01-45-465] Calling page.waitForTimeout with args: [10000]
[2025-07-02_16-01-55-484] Calling page.getByRole with args: ["cell",{"name":"Single_Item_-_Advance-CHROMIUM-1920x1080-2025-07-02_16-01-02-598"}]
[2025-07-02_16-01-55-485] Calling locator.count with args: []
[2025-07-02_16-01-55-490] Calling page.waitForTimeout with args: [5000]
[2025-07-02_16-01-55-536] → locator.count returned: 1
[2025-07-02_16-01-55-537] Calling locator.isVisible with args: []
[2025-07-02_16-01-55-544] → locator.isVisible returned: true
[2025-07-02_16-01-55-544] Calling locator.click with args: []
[2025-07-02_16-02-00-517] Calling page.locator with args: ["span.styles_id-value__MH_QF"]
[2025-07-02_16-02-00-519] Calling locator.textContent with args: []
[2025-07-02_16-02-00-538] → locator.textContent returned: "DYP-kn6hk5hy9thos486qhyjd4dp11014"
