[2025-07-02_16-13-20-776] Calling page.goto with args: ["https://stg.my.deliverit.com.au/"]
[2025-07-02_16-13-22-411] Calling page.getByRole with args: ["textbox",{"name":"Email"}]
[2025-07-02_16-13-22-412] Calling locator.click with args: []
[2025-07-02_16-13-22-584] Calling page.getByRole with args: ["textbox",{"name":"Email"}]
[2025-07-02_16-13-22-585] Calling locator.fill with args: ["vin.cuenza@easypos.com.ph"]
[2025-07-02_16-13-22-605] Calling page.getByRole with args: ["textbox",{"name":"Password"}]
[2025-07-02_16-13-22-606] Calling locator.click with args: []
[2025-07-02_16-13-22-677] Calling page.getByRole with args: ["textbox",{"name":"Password"}]
[2025-07-02_16-13-22-678] Calling locator.fill with args: ["Aa1234567890!"]
[2025-07-02_16-13-22-710] Calling page.getByRole with args: ["button",{"name":"Sign in"}]
[2025-07-02_16-13-22-715] Calling locator.click with args: []
[2025-07-02_16-13-22-799] Calling page.waitForTimeout with args: [10000]
[2025-07-02_16-13-32-839] Calling page.locator with args: ["#btn-store-selector"]
[2025-07-02_16-13-32-839] Calling locator.nth with args: [0]
[2025-07-02_16-13-32-840] Calling locator.click with args: []
[2025-07-02_16-13-36-086] Calling page.getByRole with args: ["searchbox",{"name":"Search"}]
[2025-07-02_16-13-36-088] Calling locator.click with args: []
[2025-07-02_16-13-36-265] Calling page.viewportSize with args: []
[2025-07-02_16-13-36-266] Calling page.waitForTimeout with args: [1000]
[2025-07-02_16-13-36-269] Calling page.getByRole with args: ["searchbox",{"name":"Search"}]
[2025-07-02_16-13-36-271] Calling locator.fill with args: ["VS Test Store 02"]
[2025-07-02_16-13-36-301] Calling page.getByRole with args: ["button",{"name":"VS Test Store 02"}]
[2025-07-02_16-13-36-301] Calling locator.click with args: []
[2025-07-02_16-13-36-430] Calling page.waitForTimeout with args: [10000]
[2025-07-02_16-13-46-438] Calling page.getByRole with args: ["textbox",{"name":"Search PLU / Item Name here"}]
[2025-07-02_16-13-46-439] Calling locator.click with args: []
[2025-07-02_16-13-46-480] Calling page.getByRole with args: ["textbox",{"name":"Search PLU / Item Name here"}]
[2025-07-02_16-13-46-480] Calling locator.fill with args: ["STP05"]
[2025-07-02_16-13-46-495] Calling page.locator with args: ["xpath=//div[@id=\"row-0\"]"]
[2025-07-02_16-13-46-496] Calling locator.nth with args: [0]
[2025-07-02_16-13-46-496] Calling locator.click with args: []
[2025-07-02_16-13-46-536] Calling page.getByRole with args: ["textbox",{"name":"Display Name"}]
[2025-07-02_16-13-46-536] Calling locator.click with args: []
[2025-07-02_16-13-47-967] Calling keyboard.press with args: ["z"]
[2025-07-02_16-13-47-991] Calling keyboard.press with args: ["h"]
[2025-07-02_16-13-48-010] Calling keyboard.press with args: ["y"]
[2025-07-02_16-13-48-027] Calling page.getByRole with args: ["textbox",{"name":"Print Name"}]
[2025-07-02_16-13-48-028] Calling locator.click with args: []
[2025-07-02_16-13-48-102] Calling keyboard.press with args: ["z"]
[2025-07-02_16-13-48-123] Calling keyboard.press with args: ["h"]
[2025-07-02_16-13-48-133] Calling keyboard.press with args: ["y"]
[2025-07-02_16-13-48-143] Calling page.getByRole with args: ["textbox",{"name":"Description"}]
[2025-07-02_16-13-48-144] Calling locator.click with args: []
[2025-07-02_16-13-48-180] Calling keyboard.press with args: ["z"]
[2025-07-02_16-13-48-191] Calling keyboard.press with args: ["h"]
[2025-07-02_16-13-48-198] Calling keyboard.press with args: ["y"]
[2025-07-02_16-13-48-208] Calling page.screenshot with args: [{"path":"screenshots/Single_Item_-_General_Info-EDGE-1680x1050-2025-07-02_16-13-48-208.jpg"}]
[2025-07-02_16-13-48-359] Calling page.getByRole with args: ["button",{"name":"Save"}]
[2025-07-02_16-13-48-360] Calling locator.click with args: []
[2025-07-02_16-13-48-415] Calling page.waitForTimeout with args: [10000]
[2025-07-02_16-13-58-422] Calling page.locator with args: ["xpath=//button[@id=\"deploy-button\"]"]
[2025-07-02_16-13-58-424] Calling locator.click with args: []
[2025-07-02_16-13-58-495] Calling page.getByRole with args: ["button",{"name":"Next"}]
[2025-07-02_16-13-58-496] Calling locator.click with args: []
[2025-07-02_16-13-58-948] Calling page.getByRole with args: ["button",{"name":"Next"}]
[2025-07-02_16-13-58-949] Calling locator.click with args: []
[2025-07-02_16-14-00-347] Calling page.getByRole with args: ["button",{"name":"Deploy (1)"}]
[2025-07-02_16-14-00-348] Calling locator.click with args: []
[2025-07-02_16-14-01-274] Calling page.getByRole with args: ["button"]
[2025-07-02_16-14-01-275] Calling locator.filter with args: [{"hasText":{}}]
[2025-07-02_16-14-01-276] Calling locator.click with args: []
[2025-07-02_16-14-01-733] Calling page.getByRole with args: ["textbox"]
[2025-07-02_16-14-01-733] Calling locator.press with args: ["ControlOrMeta+a"]
[2025-07-02_16-14-01-749] Calling page.getByRole with args: ["textbox"]
[2025-07-02_16-14-01-750] Calling locator.fill with args: ["Single_Item_-_General_Info-EDGE-1680x1050-2025-07-02_16-13-20-774"]
[2025-07-02_16-14-01-893] Calling page.getByRole with args: ["button"]
[2025-07-02_16-14-01-893] Calling locator.filter with args: [{"hasText":{}}]
[2025-07-02_16-14-01-893] Calling locator.click with args: []
[2025-07-02_16-14-01-994] Calling page.getByRole with args: ["button",{"name":"Continue Deploy"}]
[2025-07-02_16-14-01-995] Calling locator.click with args: []
[2025-07-02_16-14-02-063] Calling page.waitForTimeout with args: [5000]
[2025-07-02_16-14-07-073] Calling page.goto with args: ["https://stg.my.deliverit.com.au/deployment-log"]
[2025-07-02_16-14-07-509] Calling page.waitForTimeout with args: [10000]
[2025-07-02_16-14-17-521] Calling page.getByRole with args: ["cell",{"name":"Single_Item_-_General_Info-EDGE-1680x1050-2025-07-02_16-13-20-774"}]
[2025-07-02_16-14-17-524] Calling locator.count with args: []
[2025-07-02_16-14-17-538] Calling page.waitForTimeout with args: [5000]
[2025-07-02_16-14-17-608] → locator.count returned: 1
[2025-07-02_16-14-17-609] Calling locator.isVisible with args: []
[2025-07-02_16-14-17-616] → locator.isVisible returned: true
[2025-07-02_16-14-17-617] Calling locator.click with args: []
[2025-07-02_16-14-22-571] Calling page.locator with args: ["span.styles_id-value__MH_QF"]
[2025-07-02_16-14-22-573] Calling locator.textContent with args: []
[2025-07-02_16-14-22-604] → locator.textContent returned: "DYP-gmfu1qo4jqc5xj3oiielnuqv11015"
