[2025-07-02_13-53-23-516] Calling page.goto with args: ["https://stg.my.deliverit.com.au/"]
[2025-07-02_13-53-24-248] Calling page.getByRole with args: ["textbox",{"name":"Email"}]
[2025-07-02_13-53-24-249] Calling locator.click with args: []
[2025-07-02_13-53-24-364] Calling page.getByRole with args: ["textbox",{"name":"Email"}]
[2025-07-02_13-53-24-366] Calling locator.fill with args: ["vin.cuenza@easypos.com.ph"]
[2025-07-02_13-53-24-403] Calling page.getByRole with args: ["textbox",{"name":"Password"}]
[2025-07-02_13-53-24-405] Calling locator.click with args: []
[2025-07-02_13-53-24-486] Calling page.getByRole with args: ["textbox",{"name":"Password"}]
[2025-07-02_13-53-24-487] Calling locator.fill with args: ["Aa1234567890!"]
[2025-07-02_13-53-24-523] Calling page.getByRole with args: ["button",{"name":"Sign in"}]
[2025-07-02_13-53-24-523] Calling locator.click with args: []
[2025-07-02_13-53-24-617] Calling page.waitForTimeout with args: [10000]
[2025-07-02_13-53-34-647] Calling page.locator with args: ["#btn-store-selector"]
[2025-07-02_13-53-34-648] Calling locator.nth with args: [0]
[2025-07-02_13-53-34-650] Calling locator.click with args: []
[2025-07-02_13-53-34-970] Calling page.getByRole with args: ["searchbox",{"name":"Search"}]
[2025-07-02_13-53-34-971] Calling locator.click with args: []
[2025-07-02_13-53-35-355] Calling page.viewportSize with args: []
[2025-07-02_13-53-35-356] Calling page.getByRole with args: ["searchbox",{"name":"Search"}]
[2025-07-02_13-53-35-357] Calling locator.fill with args: ["VS Test Store 01"]
[2025-07-02_13-53-35-445] Calling page.getByRole with args: ["button",{"name":"VS Test Store 01"}]
[2025-07-02_13-53-35-446] Calling locator.click with args: []
[2025-07-02_13-53-35-580] Calling page.waitForTimeout with args: [10000]
[2025-07-02_13-53-45-602] Calling page.getByRole with args: ["textbox",{"name":"Search PLU / Item Name here"}]
[2025-07-02_13-53-45-602] Calling locator.click with args: []
[2025-07-02_13-53-45-662] Calling page.getByRole with args: ["textbox",{"name":"Search PLU / Item Name here"}]
[2025-07-02_13-53-45-663] Calling locator.fill with args: ["STP03"]
[2025-07-02_13-53-45-717] Calling page.locator with args: ["xpath=//div[@id=\"row-0\"]"]
[2025-07-02_13-53-45-718] Calling locator.nth with args: [0]
[2025-07-02_13-53-45-718] Calling locator.click with args: []
[2025-07-02_13-53-45-835] Calling page.getByRole with args: ["textbox",{"name":"Display Name"}]
[2025-07-02_13-53-45-836] Calling locator.click with args: []
[2025-07-02_13-53-47-749] Calling keyboard.press with args: ["g"]
[2025-07-02_13-53-47-779] Calling keyboard.press with args: ["h"]
[2025-07-02_13-53-47-821] Calling keyboard.press with args: ["s"]
[2025-07-02_13-53-47-849] Calling page.getByRole with args: ["textbox",{"name":"Print Name"}]
[2025-07-02_13-53-47-850] Calling locator.click with args: []
[2025-07-02_13-53-47-914] Calling keyboard.press with args: ["g"]
[2025-07-02_13-53-47-938] Calling keyboard.press with args: ["h"]
[2025-07-02_13-53-47-960] Calling keyboard.press with args: ["s"]
[2025-07-02_13-53-47-990] Calling page.getByRole with args: ["textbox",{"name":"Description"}]
[2025-07-02_13-53-47-990] Calling locator.click with args: []
[2025-07-02_13-53-48-112] Calling keyboard.press with args: ["g"]
[2025-07-02_13-53-48-134] Calling keyboard.press with args: ["h"]
[2025-07-02_13-53-48-152] Calling keyboard.press with args: ["s"]
[2025-07-02_13-53-48-174] Calling page.screenshot with args: [{"path":"screenshots/Single_Item_-_General_Info-CHROMIUM-1920x1080-2025-07-02_13-53-48-174.jpg"}]
[2025-07-02_13-53-48-563] Calling page.getByRole with args: ["button",{"name":"Save"}]
[2025-07-02_13-53-48-564] Calling locator.click with args: []
[2025-07-02_13-53-48-702] Calling page.waitForTimeout with args: [10000]
[2025-07-02_13-53-58-725] Calling page.locator with args: ["xpath=//button[@id=\"deploy-button\"]"]
[2025-07-02_13-53-58-725] Calling locator.click with args: []
[2025-07-02_13-53-58-773] Calling page.getByRole with args: ["button",{"name":"Next"}]
[2025-07-02_13-53-58-773] Calling locator.click with args: []
[2025-07-02_13-53-59-258] Calling page.getByRole with args: ["button",{"name":"Next"}]
[2025-07-02_13-53-59-258] Calling locator.click with args: []
[2025-07-02_13-54-00-877] Calling page.getByRole with args: ["button",{"name":"Deploy (1)"}]
[2025-07-02_13-54-00-877] Calling locator.click with args: []
[2025-07-02_13-54-01-922] Calling page.getByRole with args: ["button"]
[2025-07-02_13-54-01-923] Calling locator.filter with args: [{"hasText":{}}]
[2025-07-02_13-54-01-924] Calling locator.click with args: []
[2025-07-02_13-54-02-558] Calling page.getByRole with args: ["textbox"]
[2025-07-02_13-54-02-558] Calling locator.press with args: ["ControlOrMeta+a"]
[2025-07-02_13-54-02-600] Calling page.getByRole with args: ["textbox"]
[2025-07-02_13-54-02-600] Calling locator.fill with args: ["Single_Item_-_General_Info-CHROMIUM-1920x1080-2025-07-02_13-53-23-516"]
[2025-07-02_13-54-02-678] Calling page.getByRole with args: ["button"]
[2025-07-02_13-54-02-680] Calling locator.filter with args: [{"hasText":{}}]
[2025-07-02_13-54-02-681] Calling locator.click with args: []
[2025-07-02_13-54-02-965] Calling page.getByRole with args: ["button",{"name":"Continue Deploy"}]
[2025-07-02_13-54-02-966] Calling locator.click with args: []
[2025-07-02_13-54-03-286] Calling page.waitForTimeout with args: [5000]
[2025-07-02_13-54-08-304] Calling page.goto with args: ["https://stg.my.deliverit.com.au/deployment-log"]
[2025-07-02_13-54-08-762] Calling page.waitForTimeout with args: [10000]
[2025-07-02_13-54-18-800] Calling page.getByRole with args: ["cell",{"name":"Single_Item_-_General_Info-CHROMIUM-1920x1080-2025-07-02_13-53-23-516"}]
[2025-07-02_13-54-18-801] Calling locator.count with args: []
[2025-07-02_13-54-18-803] Calling page.waitForTimeout with args: [5000]
[2025-07-02_13-54-18-841] → locator.count returned: 1
[2025-07-02_13-54-18-841] Calling locator.isVisible with args: []
[2025-07-02_13-54-18-859] → locator.isVisible returned: true
[2025-07-02_13-54-18-859] Calling locator.click with args: []
[2025-07-02_13-54-23-827] Calling page.locator with args: ["styles_id-value__MH_QF"]
[2025-07-02_13-54-23-828] Calling locator.textContent with args: []
