[2025-07-02_16-14-30-228] Calling page.goto with args: ["https://stg.my.deliverit.com.au/"]
[2025-07-02_16-14-31-825] Calling page.getByRole with args: ["textbox",{"name":"Email"}]
[2025-07-02_16-14-31-826] Calling locator.click with args: []
[2025-07-02_16-14-31-952] Calling page.getByRole with args: ["textbox",{"name":"Email"}]
[2025-07-02_16-14-31-952] Calling locator.fill with args: ["vin.cuenza@easypos.com.ph"]
[2025-07-02_16-14-31-965] Calling page.getByRole with args: ["textbox",{"name":"Password"}]
[2025-07-02_16-14-31-974] Calling locator.click with args: []
[2025-07-02_16-14-32-013] Calling page.getByRole with args: ["textbox",{"name":"Password"}]
[2025-07-02_16-14-32-013] Calling locator.fill with args: ["Aa1234567890!"]
[2025-07-02_16-14-32-025] Calling page.getByRole with args: ["button",{"name":"Sign in"}]
[2025-07-02_16-14-32-026] Calling locator.click with args: []
[2025-07-02_16-14-32-077] Calling page.waitForTimeout with args: [10000]
[2025-07-02_16-14-42-088] Calling page.locator with args: ["#btn-store-selector"]
[2025-07-02_16-14-42-089] Calling locator.nth with args: [0]
[2025-07-02_16-14-42-091] Calling locator.click with args: []
[2025-07-02_16-14-42-241] Calling page.getByRole with args: ["searchbox",{"name":"Search"}]
[2025-07-02_16-14-42-242] Calling locator.click with args: []
[2025-07-02_16-14-42-546] Calling page.viewportSize with args: []
[2025-07-02_16-14-42-546] Calling page.waitForTimeout with args: [2000]
[2025-07-02_16-14-42-548] Calling page.getByRole with args: ["searchbox",{"name":"Search"}]
[2025-07-02_16-14-42-548] Calling locator.fill with args: ["VS Test Store 03"]
[2025-07-02_16-14-42-563] Calling page.getByRole with args: ["button",{"name":"VS Test Store 03"}]
[2025-07-02_16-14-42-564] Calling locator.click with args: []
[2025-07-02_16-14-42-648] Calling page.waitForTimeout with args: [10000]
[2025-07-02_16-14-52-654] Calling page.getByRole with args: ["textbox",{"name":"Search PLU / Item Name here"}]
[2025-07-02_16-14-52-655] Calling locator.click with args: []
[2025-07-02_16-14-52-678] Calling page.getByRole with args: ["textbox",{"name":"Search PLU / Item Name here"}]
[2025-07-02_16-14-52-678] Calling locator.fill with args: ["STP03"]
[2025-07-02_16-14-52-694] Calling page.locator with args: ["xpath=//div[@id=\"row-0\"]"]
[2025-07-02_16-14-52-695] Calling locator.nth with args: [0]
[2025-07-02_16-14-52-695] Calling locator.click with args: []
[2025-07-02_16-14-52-778] Calling page.getByRole with args: ["textbox",{"name":"Display Name"}]
[2025-07-02_16-14-52-778] Calling locator.click with args: []
[2025-07-02_16-14-54-424] Calling keyboard.press with args: ["d"]
[2025-07-02_16-14-54-453] Calling keyboard.press with args: ["n"]
[2025-07-02_16-14-54-476] Calling keyboard.press with args: ["s"]
[2025-07-02_16-14-54-501] Calling page.getByRole with args: ["textbox",{"name":"Print Name"}]
[2025-07-02_16-14-54-502] Calling locator.click with args: []
[2025-07-02_16-14-54-564] Calling keyboard.press with args: ["d"]
[2025-07-02_16-14-54-582] Calling keyboard.press with args: ["n"]
[2025-07-02_16-14-54-597] Calling keyboard.press with args: ["s"]
[2025-07-02_16-14-54-610] Calling page.getByRole with args: ["textbox",{"name":"Description"}]
[2025-07-02_16-14-54-610] Calling locator.click with args: []
[2025-07-02_16-14-54-650] Calling keyboard.press with args: ["d"]
[2025-07-02_16-14-54-662] Calling keyboard.press with args: ["n"]
[2025-07-02_16-14-54-672] Calling keyboard.press with args: ["s"]
[2025-07-02_16-14-54-681] Calling page.screenshot with args: [{"path":"screenshots/Single_Item_-_General_Info-EDGE-1366x768-2025-07-02_16-14-54-681.jpg"}]
[2025-07-02_16-14-54-790] Calling page.getByRole with args: ["button",{"name":"Save"}]
[2025-07-02_16-14-54-790] Calling locator.click with args: []
[2025-07-02_16-14-54-870] Calling page.waitForTimeout with args: [10000]
[2025-07-02_16-15-04-876] Calling page.locator with args: ["xpath=//button[@id=\"deploy-button\"]"]
[2025-07-02_16-15-04-878] Calling locator.click with args: []
[2025-07-02_16-15-04-971] Calling page.getByRole with args: ["button",{"name":"Next"}]
[2025-07-02_16-15-04-972] Calling locator.click with args: []
[2025-07-02_16-15-05-383] Calling page.getByRole with args: ["button",{"name":"Next"}]
[2025-07-02_16-15-05-383] Calling locator.click with args: []
[2025-07-02_16-15-06-766] Calling page.getByRole with args: ["button",{"name":"Deploy (1)"}]
[2025-07-02_16-15-06-767] Calling locator.click with args: []
[2025-07-02_16-15-07-634] Calling page.getByRole with args: ["button"]
[2025-07-02_16-15-07-634] Calling locator.filter with args: [{"hasText":{}}]
[2025-07-02_16-15-07-634] Calling locator.click with args: []
[2025-07-02_16-15-07-712] Calling page.getByRole with args: ["textbox"]
[2025-07-02_16-15-07-713] Calling locator.press with args: ["ControlOrMeta+a"]
[2025-07-02_16-15-07-728] Calling page.getByRole with args: ["textbox"]
[2025-07-02_16-15-07-728] Calling locator.fill with args: ["Single_Item_-_General_Info-EDGE-1366x768-2025-07-02_16-14-30-227"]
[2025-07-02_16-15-07-875] Calling page.getByRole with args: ["button"]
[2025-07-02_16-15-07-876] Calling locator.filter with args: [{"hasText":{}}]
[2025-07-02_16-15-07-876] Calling locator.click with args: []
[2025-07-02_16-15-08-016] Calling page.getByRole with args: ["button",{"name":"Continue Deploy"}]
[2025-07-02_16-15-08-017] Calling locator.click with args: []
[2025-07-02_16-15-08-064] Calling page.waitForTimeout with args: [5000]
[2025-07-02_16-15-13-070] Calling page.goto with args: ["https://stg.my.deliverit.com.au/deployment-log"]
[2025-07-02_16-15-13-375] Calling page.waitForTimeout with args: [10000]
[2025-07-02_16-15-23-380] Calling page.getByRole with args: ["cell",{"name":"Single_Item_-_General_Info-EDGE-1366x768-2025-07-02_16-14-30-227"}]
[2025-07-02_16-15-23-380] Calling locator.count with args: []
[2025-07-02_16-15-23-383] Calling page.waitForTimeout with args: [5000]
[2025-07-02_16-15-23-414] → locator.count returned: 1
[2025-07-02_16-15-23-414] Calling locator.isVisible with args: []
[2025-07-02_16-15-23-424] → locator.isVisible returned: true
[2025-07-02_16-15-23-425] Calling locator.click with args: []
[2025-07-02_16-15-28-387] Calling page.locator with args: ["span.styles_id-value__MH_QF"]
[2025-07-02_16-15-28-387] Calling locator.textContent with args: []
[2025-07-02_16-15-28-393] → locator.textContent returned: "DYP-vabll3l5ny60bgf0n6j9bk2l11016"
