[2025-07-02_16-08-11-347] Calling page.goto with args: ["https://stg.my.deliverit.com.au/"]
[2025-07-02_16-08-12-034] Calling page.getByRole with args: ["textbox",{"name":"Email"}]
[2025-07-02_16-08-12-034] Calling locator.click with args: []
[2025-07-02_16-08-12-221] Calling page.getByRole with args: ["textbox",{"name":"Email"}]
[2025-07-02_16-08-12-221] Calling locator.fill with args: ["vin.cuenza@easypos.com.ph"]
[2025-07-02_16-08-12-247] Calling page.getByRole with args: ["textbox",{"name":"Password"}]
[2025-07-02_16-08-12-248] Calling locator.click with args: []
[2025-07-02_16-08-12-333] Calling page.getByRole with args: ["textbox",{"name":"Password"}]
[2025-07-02_16-08-12-333] Calling locator.fill with args: ["Aa1234567890!"]
[2025-07-02_16-08-12-362] Calling page.getByRole with args: ["button",{"name":"Sign in"}]
[2025-07-02_16-08-12-363] Calling locator.click with args: []
[2025-07-02_16-08-12-468] Calling page.waitForTimeout with args: [10000]
[2025-07-02_16-08-22-475] Calling page.locator with args: ["#btn-store-selector"]
[2025-07-02_16-08-22-478] Calling locator.nth with args: [0]
[2025-07-02_16-08-22-480] Calling locator.click with args: []
[2025-07-02_16-08-22-709] Calling page.getByRole with args: ["searchbox",{"name":"Search"}]
[2025-07-02_16-08-22-709] Calling locator.click with args: []
[2025-07-02_16-08-22-967] Calling page.viewportSize with args: []
[2025-07-02_16-08-22-967] Calling page.waitForTimeout with args: [1000]
[2025-07-02_16-08-22-969] Calling page.getByRole with args: ["searchbox",{"name":"Search"}]
[2025-07-02_16-08-22-970] Calling locator.fill with args: ["VS Test Store 02"]
[2025-07-02_16-08-23-000] Calling page.getByRole with args: ["button",{"name":"VS Test Store 02"}]
[2025-07-02_16-08-23-000] Calling locator.click with args: []
[2025-07-02_16-08-23-135] Calling page.waitForTimeout with args: [10000]
[2025-07-02_16-08-33-141] Calling page.getByRole with args: ["textbox",{"name":"Search PLU / Item Name here"}]
[2025-07-02_16-08-33-143] Calling locator.click with args: []
[2025-07-02_16-08-33-258] Calling page.getByRole with args: ["textbox",{"name":"Search PLU / Item Name here"}]
[2025-07-02_16-08-33-258] Calling locator.fill with args: ["STP03"]
[2025-07-02_16-08-33-294] Calling page.locator with args: ["xpath=//div[@id=\"row-0\"]"]
[2025-07-02_16-08-33-294] Calling locator.nth with args: [0]
[2025-07-02_16-08-33-295] Calling locator.click with args: []
[2025-07-02_16-08-33-429] Calling page.getByRole with args: ["tab",{"name":"Advanced"}]
[2025-07-02_16-08-33-429] Calling locator.click with args: []
[2025-07-02_16-08-34-935] Calling page.locator with args: ["input[name=\"visual_tag\"]"]
[2025-07-02_16-08-34-936] Calling locator.click with args: []
[2025-07-02_16-08-34-997] Calling keyboard.press with args: ["p"]
[2025-07-02_16-08-35-014] Calling keyboard.press with args: ["d"]
[2025-07-02_16-08-35-027] Calling keyboard.press with args: ["g"]
[2025-07-02_16-08-35-041] Calling page.getByRole with args: ["button",{"name":"Save"}]
[2025-07-02_16-08-35-042] Calling locator.click with args: []
[2025-07-02_16-08-35-135] Calling page.waitForTimeout with args: [10000]
[2025-07-02_16-08-45-144] Calling page.locator with args: ["xpath=//button[@id=\"deploy-button\"]"]
[2025-07-02_16-08-45-144] Calling locator.click with args: []
[2025-07-02_16-08-45-197] Calling page.getByRole with args: ["button",{"name":"Next"}]
[2025-07-02_16-08-45-197] Calling locator.click with args: []
[2025-07-02_16-08-45-632] Calling page.getByRole with args: ["button",{"name":"Next"}]
[2025-07-02_16-08-45-633] Calling locator.click with args: []
[2025-07-02_16-08-46-603] Calling page.getByRole with args: ["button",{"name":"Deploy (1)"}]
[2025-07-02_16-08-46-603] Calling locator.click with args: []
[2025-07-02_16-08-47-066] Calling page.getByRole with args: ["button"]
[2025-07-02_16-08-47-066] Calling locator.filter with args: [{"hasText":{}}]
[2025-07-02_16-08-47-067] Calling locator.click with args: []
[2025-07-02_16-08-47-508] Calling page.getByRole with args: ["textbox"]
[2025-07-02_16-08-47-508] Calling locator.press with args: ["ControlOrMeta+a"]
[2025-07-02_16-08-47-535] Calling page.getByRole with args: ["textbox"]
[2025-07-02_16-08-47-536] Calling locator.fill with args: ["Single_Item_-_Advance-FIREFOX-1680x1050-2025-07-02_16-08-11-347"]
[2025-07-02_16-08-47-645] Calling page.getByRole with args: ["button"]
[2025-07-02_16-08-47-645] Calling locator.filter with args: [{"hasText":{}}]
[2025-07-02_16-08-47-645] Calling locator.click with args: []
[2025-07-02_16-08-47-801] Calling page.getByRole with args: ["button",{"name":"Continue Deploy"}]
[2025-07-02_16-08-47-802] Calling locator.click with args: []
[2025-07-02_16-08-47-915] Calling page.waitForTimeout with args: [5000]
[2025-07-02_16-08-52-925] Calling page.goto with args: ["https://stg.my.deliverit.com.au/deployment-log"]
[2025-07-02_16-08-53-383] Calling page.waitForTimeout with args: [10000]
[2025-07-02_16-09-03-393] Calling page.getByRole with args: ["cell",{"name":"Single_Item_-_Advance-FIREFOX-1680x1050-2025-07-02_16-08-11-347"}]
[2025-07-02_16-09-03-394] Calling locator.count with args: []
[2025-07-02_16-09-03-397] Calling page.waitForTimeout with args: [5000]
[2025-07-02_16-09-03-459] → locator.count returned: 1
[2025-07-02_16-09-03-460] Calling locator.isVisible with args: []
[2025-07-02_16-09-03-484] → locator.isVisible returned: true
[2025-07-02_16-09-03-484] Calling locator.click with args: []
[2025-07-02_16-09-08-417] Calling page.locator with args: ["span.styles_id-value__MH_QF"]
[2025-07-02_16-09-08-417] Calling locator.textContent with args: []
[2025-07-02_16-09-08-440] → locator.textContent returned: "DYP-iwbtagtzlvi0wvq3v7u1bu6511015"
