[2025-07-02_16-05-06-880] Calling page.goto with args: ["https://stg.my.deliverit.com.au/"]
[2025-07-02_16-05-08-214] Calling page.getByRole with args: ["textbox",{"name":"Email"}]
[2025-07-02_16-05-08-215] Calling locator.click with args: []
[2025-07-02_16-05-08-324] Calling page.getByRole with args: ["textbox",{"name":"Email"}]
[2025-07-02_16-05-08-325] Calling locator.fill with args: ["vin.cuenza@easypos.com.ph"]
[2025-07-02_16-05-08-352] Calling page.getByRole with args: ["textbox",{"name":"Password"}]
[2025-07-02_16-05-08-353] Calling locator.click with args: []
[2025-07-02_16-05-08-476] Calling page.getByRole with args: ["textbox",{"name":"Password"}]
[2025-07-02_16-05-08-477] Calling locator.fill with args: ["Aa1234567890!"]
[2025-07-02_16-05-08-513] Calling page.getByRole with args: ["button",{"name":"Sign in"}]
[2025-07-02_16-05-08-514] Calling locator.click with args: []
[2025-07-02_16-05-08-670] Calling page.waitForTimeout with args: [10000]
[2025-07-02_16-05-18-677] Calling page.locator with args: ["#btn-store-selector"]
[2025-07-02_16-05-18-678] Calling locator.nth with args: [0]
[2025-07-02_16-05-18-678] Calling locator.click with args: []
[2025-07-02_16-05-18-944] Calling page.getByRole with args: ["searchbox",{"name":"Search"}]
[2025-07-02_16-05-18-945] Calling locator.click with args: []
[2025-07-02_16-05-19-187] Calling page.viewportSize with args: []
[2025-07-02_16-05-19-188] Calling page.getByRole with args: ["searchbox",{"name":"Search"}]
[2025-07-02_16-05-19-189] Calling locator.fill with args: ["VS Test Store 01"]
[2025-07-02_16-05-19-263] Calling page.getByRole with args: ["button",{"name":"VS Test Store 01"}]
[2025-07-02_16-05-19-264] Calling locator.click with args: []
[2025-07-02_16-05-19-491] Calling page.waitForTimeout with args: [10000]
[2025-07-02_16-05-29-503] Calling page.getByRole with args: ["textbox",{"name":"Search PLU / Item Name here"}]
[2025-07-02_16-05-29-505] Calling locator.click with args: []
[2025-07-02_16-05-29-604] Calling page.getByRole with args: ["textbox",{"name":"Search PLU / Item Name here"}]
[2025-07-02_16-05-29-605] Calling locator.fill with args: ["STP02"]
[2025-07-02_16-05-29-637] Calling page.locator with args: ["xpath=//div[@id=\"row-0\"]"]
[2025-07-02_16-05-29-638] Calling locator.nth with args: [0]
[2025-07-02_16-05-29-638] Calling locator.click with args: []
[2025-07-02_16-05-29-728] Calling page.getByRole with args: ["textbox",{"name":"Display Name"}]
[2025-07-02_16-05-29-728] Calling locator.click with args: []
[2025-07-02_16-05-31-227] Calling keyboard.press with args: ["w"]
[2025-07-02_16-05-31-264] Calling keyboard.press with args: ["s"]
[2025-07-02_16-05-31-283] Calling keyboard.press with args: ["f"]
[2025-07-02_16-05-31-300] Calling page.getByRole with args: ["textbox",{"name":"Print Name"}]
[2025-07-02_16-05-31-301] Calling locator.click with args: []
[2025-07-02_16-05-31-363] Calling keyboard.press with args: ["w"]
[2025-07-02_16-05-31-380] Calling keyboard.press with args: ["s"]
[2025-07-02_16-05-31-391] Calling keyboard.press with args: ["f"]
[2025-07-02_16-05-31-400] Calling page.getByRole with args: ["textbox",{"name":"Description"}]
[2025-07-02_16-05-31-401] Calling locator.click with args: []
[2025-07-02_16-05-31-480] Calling keyboard.press with args: ["w"]
[2025-07-02_16-05-31-498] Calling keyboard.press with args: ["s"]
[2025-07-02_16-05-31-512] Calling keyboard.press with args: ["f"]
[2025-07-02_16-05-31-524] Calling page.screenshot with args: [{"path":"screenshots/Single_Item_-_General_Info-FIREFOX-1920x1080-2025-07-02_16-05-31-524.jpg"}]
[2025-07-02_16-05-31-650] Calling page.getByRole with args: ["button",{"name":"Save"}]
[2025-07-02_16-05-31-650] Calling locator.click with args: []
[2025-07-02_16-05-31-774] Calling page.waitForTimeout with args: [10000]
[2025-07-02_16-05-41-781] Calling page.locator with args: ["xpath=//button[@id=\"deploy-button\"]"]
[2025-07-02_16-05-41-781] Calling locator.click with args: []
[2025-07-02_16-05-41-844] Calling page.getByRole with args: ["button",{"name":"Next"}]
[2025-07-02_16-05-41-845] Calling locator.click with args: []
[2025-07-02_16-05-42-235] Calling page.getByRole with args: ["button",{"name":"Next"}]
[2025-07-02_16-05-42-236] Calling locator.click with args: []
[2025-07-02_16-05-43-699] Calling page.getByRole with args: ["button",{"name":"Deploy (1)"}]
[2025-07-02_16-05-43-699] Calling locator.click with args: []
[2025-07-02_16-05-44-203] Calling page.getByRole with args: ["button"]
[2025-07-02_16-05-44-203] Calling locator.filter with args: [{"hasText":{}}]
[2025-07-02_16-05-44-204] Calling locator.click with args: []
[2025-07-02_16-05-44-722] Calling page.getByRole with args: ["textbox"]
[2025-07-02_16-05-44-723] Calling locator.press with args: ["ControlOrMeta+a"]
[2025-07-02_16-05-44-760] Calling page.getByRole with args: ["textbox"]
[2025-07-02_16-05-44-760] Calling locator.fill with args: ["Single_Item_-_General_Info-FIREFOX-1920x1080-2025-07-02_16-05-06-879"]
[2025-07-02_16-05-44-933] Calling page.getByRole with args: ["button"]
[2025-07-02_16-05-44-935] Calling locator.filter with args: [{"hasText":{}}]
[2025-07-02_16-05-44-936] Calling locator.click with args: []
[2025-07-02_16-05-45-042] Calling page.getByRole with args: ["button",{"name":"Continue Deploy"}]
[2025-07-02_16-05-45-043] Calling locator.click with args: []
[2025-07-02_16-05-45-117] Calling page.waitForTimeout with args: [5000]
[2025-07-02_16-05-50-130] Calling page.goto with args: ["https://stg.my.deliverit.com.au/deployment-log"]
[2025-07-02_16-05-50-648] Calling page.waitForTimeout with args: [10000]
[2025-07-02_16-06-00-661] Calling page.getByRole with args: ["cell",{"name":"Single_Item_-_General_Info-FIREFOX-1920x1080-2025-07-02_16-05-06-879"}]
[2025-07-02_16-06-00-662] Calling locator.count with args: []
[2025-07-02_16-06-00-664] Calling page.waitForTimeout with args: [5000]
[2025-07-02_16-06-00-729] → locator.count returned: 1
[2025-07-02_16-06-00-729] Calling locator.isVisible with args: []
[2025-07-02_16-06-00-768] → locator.isVisible returned: true
[2025-07-02_16-06-00-768] Calling locator.click with args: []
[2025-07-02_16-06-05-681] Calling page.locator with args: ["span.styles_id-value__MH_QF"]
[2025-07-02_16-06-05-682] Calling locator.textContent with args: []
[2025-07-02_16-06-05-704] → locator.textContent returned: "DYP-fw254zhwver9f2gabufmxcxn11014"
