[2025-07-02_16-10-13-735] Calling page.goto with args: ["https://stg.my.deliverit.com.au/"]
[2025-07-02_16-10-14-582] Calling page.getByRole with args: ["textbox",{"name":"Email"}]
[2025-07-02_16-10-14-582] Calling locator.click with args: []
[2025-07-02_16-10-14-715] Calling page.getByRole with args: ["textbox",{"name":"Email"}]
[2025-07-02_16-10-14-715] Calling locator.fill with args: ["vin.cuenza@easypos.com.ph"]
[2025-07-02_16-10-14-746] Calling page.getByRole with args: ["textbox",{"name":"Password"}]
[2025-07-02_16-10-14-747] Calling locator.click with args: []
[2025-07-02_16-10-14-857] Calling page.getByRole with args: ["textbox",{"name":"Password"}]
[2025-07-02_16-10-14-858] Calling locator.fill with args: ["Aa1234567890!"]
[2025-07-02_16-10-14-875] Calling page.getByRole with args: ["button",{"name":"Sign in"}]
[2025-07-02_16-10-14-876] Calling locator.click with args: []
[2025-07-02_16-10-14-964] Calling page.waitForTimeout with args: [10000]
[2025-07-02_16-10-24-972] Calling page.locator with args: ["#btn-store-selector"]
[2025-07-02_16-10-24-973] Calling locator.nth with args: [0]
[2025-07-02_16-10-24-973] Calling locator.click with args: []
[2025-07-02_16-10-25-153] Calling page.getByRole with args: ["searchbox",{"name":"Search"}]
[2025-07-02_16-10-25-154] Calling locator.click with args: []
[2025-07-02_16-10-25-348] Calling page.viewportSize with args: []
[2025-07-02_16-10-25-348] Calling page.waitForTimeout with args: [2000]
[2025-07-02_16-10-25-352] Calling page.getByRole with args: ["searchbox",{"name":"Search"}]
[2025-07-02_16-10-25-353] Calling locator.fill with args: ["VS Test Store 03"]
[2025-07-02_16-10-25-396] Calling page.getByRole with args: ["button",{"name":"VS Test Store 03"}]
[2025-07-02_16-10-25-396] Calling locator.click with args: []
[2025-07-02_16-10-25-513] Calling page.waitForTimeout with args: [10000]
[2025-07-02_16-10-35-522] Calling page.getByRole with args: ["textbox",{"name":"Search PLU / Item Name here"}]
[2025-07-02_16-10-35-523] Calling locator.click with args: []
[2025-07-02_16-10-35-641] Calling page.getByRole with args: ["textbox",{"name":"Search PLU / Item Name here"}]
[2025-07-02_16-10-35-642] Calling locator.fill with args: ["STP04"]
[2025-07-02_16-10-35-678] Calling page.locator with args: ["xpath=//div[@id=\"row-0\"]"]
[2025-07-02_16-10-35-678] Calling locator.nth with args: [0]
[2025-07-02_16-10-35-679] Calling locator.click with args: []
[2025-07-02_16-10-35-825] Calling page.getByRole with args: ["tab",{"name":"Advanced"}]
[2025-07-02_16-10-35-825] Calling locator.click with args: []
[2025-07-02_16-10-37-830] Calling page.locator with args: ["input[name=\"visual_tag\"]"]
[2025-07-02_16-10-37-830] Calling locator.click with args: []
[2025-07-02_16-10-37-913] Calling keyboard.press with args: ["a"]
[2025-07-02_16-10-37-931] Calling keyboard.press with args: ["d"]
[2025-07-02_16-10-37-944] Calling keyboard.press with args: ["i"]
[2025-07-02_16-10-37-958] Calling page.getByRole with args: ["button",{"name":"Save"}]
[2025-07-02_16-10-37-958] Calling locator.click with args: []
[2025-07-02_16-10-38-084] Calling page.waitForTimeout with args: [10000]
[2025-07-02_16-10-48-095] Calling page.locator with args: ["xpath=//button[@id=\"deploy-button\"]"]
[2025-07-02_16-10-48-095] Calling locator.click with args: []
[2025-07-02_16-10-48-161] Calling page.getByRole with args: ["button",{"name":"Next"}]
[2025-07-02_16-10-48-161] Calling locator.click with args: []
[2025-07-02_16-10-48-534] Calling page.getByRole with args: ["button",{"name":"Next"}]
[2025-07-02_16-10-48-534] Calling locator.click with args: []
[2025-07-02_16-10-50-050] Calling page.getByRole with args: ["button",{"name":"Deploy (1)"}]
[2025-07-02_16-10-50-051] Calling locator.click with args: []
[2025-07-02_16-10-50-613] Calling page.getByRole with args: ["button"]
[2025-07-02_16-10-50-613] Calling locator.filter with args: [{"hasText":{}}]
[2025-07-02_16-10-50-614] Calling locator.click with args: []
[2025-07-02_16-10-51-093] Calling page.getByRole with args: ["textbox"]
[2025-07-02_16-10-51-093] Calling locator.press with args: ["ControlOrMeta+a"]
[2025-07-02_16-10-51-127] Calling page.getByRole with args: ["textbox"]
[2025-07-02_16-10-51-128] Calling locator.fill with args: ["Single_Item_-_Advance-FIREFOX-1366x768-2025-07-02_16-10-13-735"]
[2025-07-02_16-10-51-304] Calling page.getByRole with args: ["button"]
[2025-07-02_16-10-51-305] Calling locator.filter with args: [{"hasText":{}}]
[2025-07-02_16-10-51-306] Calling locator.click with args: []
[2025-07-02_16-10-51-448] Calling page.getByRole with args: ["button",{"name":"Continue Deploy"}]
[2025-07-02_16-10-51-448] Calling locator.click with args: []
[2025-07-02_16-10-51-515] Calling page.waitForTimeout with args: [5000]
[2025-07-02_16-10-56-522] Calling page.goto with args: ["https://stg.my.deliverit.com.au/deployment-log"]
[2025-07-02_16-10-57-095] Calling page.waitForTimeout with args: [10000]
[2025-07-02_16-11-07-101] Calling page.getByRole with args: ["cell",{"name":"Single_Item_-_Advance-FIREFOX-1366x768-2025-07-02_16-10-13-735"}]
[2025-07-02_16-11-07-103] Calling locator.count with args: []
[2025-07-02_16-11-07-106] Calling page.waitForTimeout with args: [5000]
[2025-07-02_16-11-07-156] → locator.count returned: 1
[2025-07-02_16-11-07-157] Calling locator.isVisible with args: []
[2025-07-02_16-11-07-180] → locator.isVisible returned: true
[2025-07-02_16-11-07-180] Calling locator.click with args: []
[2025-07-02_16-11-12-118] Calling page.locator with args: ["span.styles_id-value__MH_QF"]
[2025-07-02_16-11-12-123] Calling locator.textContent with args: []
[2025-07-02_16-11-12-161] → locator.textContent returned: "DYP-uwll2d9hqlqd84hij89aykxw11016"
