[2025-07-02_16-11-15-293] Calling page.goto with args: ["https://stg.my.deliverit.com.au/"]
[2025-07-02_16-11-17-741] Calling page.getByRole with args: ["textbox",{"name":"Email"}]
[2025-07-02_16-11-17-742] Calling locator.click with args: []
[2025-07-02_16-11-17-856] Calling page.getByRole with args: ["textbox",{"name":"Email"}]
[2025-07-02_16-11-17-857] Calling locator.fill with args: ["vin.cuenza@easypos.com.ph"]
[2025-07-02_16-11-17-873] Calling page.getByRole with args: ["textbox",{"name":"Password"}]
[2025-07-02_16-11-17-874] Calling locator.click with args: []
[2025-07-02_16-11-17-932] Calling page.getByRole with args: ["textbox",{"name":"Password"}]
[2025-07-02_16-11-17-932] Calling locator.fill with args: ["Aa1234567890!"]
[2025-07-02_16-11-17-948] Calling page.getByRole with args: ["button",{"name":"Sign in"}]
[2025-07-02_16-11-17-948] Calling locator.click with args: []
[2025-07-02_16-11-18-013] Calling page.waitForTimeout with args: [10000]
[2025-07-02_16-11-28-027] Calling page.locator with args: ["#btn-store-selector"]
[2025-07-02_16-11-28-028] Calling locator.nth with args: [0]
[2025-07-02_16-11-28-028] Calling locator.click with args: []
[2025-07-02_16-11-29-181] Calling page.getByRole with args: ["searchbox",{"name":"Search"}]
[2025-07-02_16-11-29-181] Calling locator.click with args: []
[2025-07-02_16-11-29-335] Calling page.viewportSize with args: []
[2025-07-02_16-11-29-336] Calling page.getByRole with args: ["searchbox",{"name":"Search"}]
[2025-07-02_16-11-29-337] Calling locator.fill with args: ["VS Test Store 01"]
[2025-07-02_16-11-29-368] Calling page.getByRole with args: ["button",{"name":"VS Test Store 01"}]
[2025-07-02_16-11-29-368] Calling locator.click with args: []
[2025-07-02_16-11-29-451] Calling page.waitForTimeout with args: [10000]
[2025-07-02_16-11-39-458] Calling page.getByRole with args: ["textbox",{"name":"Search PLU / Item Name here"}]
[2025-07-02_16-11-39-460] Calling locator.click with args: []
[2025-07-02_16-11-39-499] Calling page.getByRole with args: ["textbox",{"name":"Search PLU / Item Name here"}]
[2025-07-02_16-11-39-499] Calling locator.fill with args: ["STP05"]
[2025-07-02_16-11-39-515] Calling page.locator with args: ["xpath=//div[@id=\"row-0\"]"]
[2025-07-02_16-11-39-515] Calling locator.nth with args: [0]
[2025-07-02_16-11-39-515] Calling locator.click with args: []
[2025-07-02_16-11-39-568] Calling page.getByRole with args: ["textbox",{"name":"Display Name"}]
[2025-07-02_16-11-39-569] Calling locator.click with args: []
[2025-07-02_16-11-41-500] Calling keyboard.press with args: ["r"]
[2025-07-02_16-11-41-520] Calling keyboard.press with args: ["q"]
[2025-07-02_16-11-41-533] Calling keyboard.press with args: ["u"]
[2025-07-02_16-11-41-546] Calling page.getByRole with args: ["textbox",{"name":"Print Name"}]
[2025-07-02_16-11-41-546] Calling locator.click with args: []
[2025-07-02_16-11-41-600] Calling keyboard.press with args: ["r"]
[2025-07-02_16-11-41-614] Calling keyboard.press with args: ["q"]
[2025-07-02_16-11-41-624] Calling keyboard.press with args: ["u"]
[2025-07-02_16-11-41-632] Calling page.getByRole with args: ["textbox",{"name":"Description"}]
[2025-07-02_16-11-41-632] Calling locator.click with args: []
[2025-07-02_16-11-41-683] Calling keyboard.press with args: ["r"]
[2025-07-02_16-11-41-698] Calling keyboard.press with args: ["q"]
[2025-07-02_16-11-41-710] Calling keyboard.press with args: ["u"]
[2025-07-02_16-11-41-719] Calling page.screenshot with args: [{"path":"screenshots/Single_Item_-_General_Info-EDGE-1920x1080-2025-07-02_16-11-41-719.jpg"}]
[2025-07-02_16-11-41-842] Calling page.getByRole with args: ["button",{"name":"Save"}]
[2025-07-02_16-11-41-842] Calling locator.click with args: []
[2025-07-02_16-11-41-953] Calling page.waitForTimeout with args: [10000]
[2025-07-02_16-11-51-957] Calling page.locator with args: ["xpath=//button[@id=\"deploy-button\"]"]
[2025-07-02_16-11-51-958] Calling locator.click with args: []
[2025-07-02_16-11-51-993] Calling page.getByRole with args: ["button",{"name":"Next"}]
[2025-07-02_16-11-51-993] Calling locator.click with args: []
[2025-07-02_16-11-52-397] Calling page.getByRole with args: ["button",{"name":"Next"}]
[2025-07-02_16-11-52-398] Calling locator.click with args: []
[2025-07-02_16-11-53-916] Calling page.getByRole with args: ["button",{"name":"Deploy (1)"}]
[2025-07-02_16-11-53-917] Calling locator.click with args: []
[2025-07-02_16-11-54-784] Calling page.getByRole with args: ["button"]
[2025-07-02_16-11-54-785] Calling locator.filter with args: [{"hasText":{}}]
[2025-07-02_16-11-54-785] Calling locator.click with args: []
[2025-07-02_16-11-55-219] Calling page.getByRole with args: ["textbox"]
[2025-07-02_16-11-55-221] Calling locator.press with args: ["ControlOrMeta+a"]
[2025-07-02_16-11-55-240] Calling page.getByRole with args: ["textbox"]
[2025-07-02_16-11-55-241] Calling locator.fill with args: ["Single_Item_-_General_Info-EDGE-1920x1080-2025-07-02_16-11-15-291"]
[2025-07-02_16-11-55-394] Calling page.getByRole with args: ["button"]
[2025-07-02_16-11-55-395] Calling locator.filter with args: [{"hasText":{}}]
[2025-07-02_16-11-55-396] Calling locator.click with args: []
[2025-07-02_16-11-55-484] Calling page.getByRole with args: ["button",{"name":"Continue Deploy"}]
[2025-07-02_16-11-55-484] Calling locator.click with args: []
[2025-07-02_16-11-55-560] Calling page.waitForTimeout with args: [5000]
[2025-07-02_16-12-00-566] Calling page.goto with args: ["https://stg.my.deliverit.com.au/deployment-log"]
[2025-07-02_16-12-00-828] Calling page.waitForTimeout with args: [10000]
[2025-07-02_16-12-10-837] Calling page.getByRole with args: ["cell",{"name":"Single_Item_-_General_Info-EDGE-1920x1080-2025-07-02_16-11-15-291"}]
[2025-07-02_16-12-10-838] Calling locator.count with args: []
[2025-07-02_16-12-10-839] Calling page.waitForTimeout with args: [5000]
[2025-07-02_16-12-10-869] → locator.count returned: 1
[2025-07-02_16-12-10-869] Calling locator.isVisible with args: []
[2025-07-02_16-12-10-879] → locator.isVisible returned: true
[2025-07-02_16-12-10-879] Calling locator.click with args: []
[2025-07-02_16-12-15-854] Calling page.locator with args: ["span.styles_id-value__MH_QF"]
[2025-07-02_16-12-15-855] Calling locator.textContent with args: []
[2025-07-02_16-12-15-860] → locator.textContent returned: "DYP-tbydefb8c84eyimsq63ak53711014"
