[2025-07-02_16-08-15-913] Calling page.goto with args: ["https://stg.my.deliverit.com.au/"]
[2025-07-02_16-08-17-582] Calling page.getByRole with args: ["textbox",{"name":"Email"}]
[2025-07-02_16-08-17-583] Calling locator.click with args: []
[2025-07-02_16-08-17-889] Calling page.getByRole with args: ["textbox",{"name":"Email"}]
[2025-07-02_16-08-17-890] Calling locator.fill with args: ["vin.cuenza@easypos.com.ph"]
[2025-07-02_16-08-17-936] Calling page.getByRole with args: ["textbox",{"name":"Password"}]
[2025-07-02_16-08-17-937] Calling locator.click with args: []
[2025-07-02_16-08-18-101] Calling page.getByRole with args: ["textbox",{"name":"Password"}]
[2025-07-02_16-08-18-102] Calling locator.fill with args: ["Aa1234567890!"]
[2025-07-02_16-08-18-152] Calling page.getByRole with args: ["button",{"name":"Sign in"}]
[2025-07-02_16-08-18-153] Calling locator.click with args: []
[2025-07-02_16-08-18-443] Calling page.waitForTimeout with args: [10000]
[2025-07-02_16-08-28-470] Calling page.locator with args: ["#btn-store-selector"]
[2025-07-02_16-08-28-471] Calling locator.nth with args: [0]
[2025-07-02_16-08-28-472] Calling locator.click with args: []
[2025-07-02_16-08-28-648] Calling page.getByRole with args: ["searchbox",{"name":"Search"}]
[2025-07-02_16-08-28-649] Calling locator.click with args: []
[2025-07-02_16-08-28-830] Calling page.viewportSize with args: []
[2025-07-02_16-08-28-831] Calling page.waitForTimeout with args: [1000]
[2025-07-02_16-08-28-833] Calling page.getByRole with args: ["searchbox",{"name":"Search"}]
[2025-07-02_16-08-28-833] Calling locator.fill with args: ["VS Test Store 02"]
[2025-07-02_16-08-28-866] Calling page.getByRole with args: ["button",{"name":"VS Test Store 02"}]
[2025-07-02_16-08-28-866] Calling locator.click with args: []
[2025-07-02_16-08-29-044] Calling page.waitForTimeout with args: [10000]
[2025-07-02_16-08-39-053] Calling page.getByRole with args: ["textbox",{"name":"Search PLU / Item Name here"}]
[2025-07-02_16-08-39-056] Calling locator.click with args: []
[2025-07-02_16-08-39-142] Calling page.getByRole with args: ["textbox",{"name":"Search PLU / Item Name here"}]
[2025-07-02_16-08-39-143] Calling locator.fill with args: ["STP02"]
[2025-07-02_16-08-39-180] Calling page.locator with args: ["xpath=//div[@id=\"row-0\"]"]
[2025-07-02_16-08-39-181] Calling locator.nth with args: [0]
[2025-07-02_16-08-39-181] Calling locator.click with args: []
[2025-07-02_16-08-39-268] Calling page.waitForTimeout with args: [500]
[2025-07-02_16-08-39-778] Calling page.screenshot with args: [{"path":"screenshots/Single_Item_-_ALL-FIREFOX-1680x1050-2025-07-02_16-08-39-778.jpg"}]
[2025-07-02_16-08-39-908] Calling page.getByRole with args: ["textbox",{"name":"Display Name"}]
[2025-07-02_16-08-39-909] Calling locator.click with args: []
[2025-07-02_16-08-40-901] Calling keyboard.press with args: ["q"]
[2025-07-02_16-08-40-942] Calling keyboard.press with args: ["m"]
[2025-07-02_16-08-40-965] Calling keyboard.press with args: ["k"]
[2025-07-02_16-08-40-992] Calling page.getByRole with args: ["textbox",{"name":"Print Name"}]
[2025-07-02_16-08-40-993] Calling locator.click with args: []
[2025-07-02_16-08-41-080] Calling keyboard.press with args: ["q"]
[2025-07-02_16-08-41-103] Calling keyboard.press with args: ["m"]
[2025-07-02_16-08-41-115] Calling keyboard.press with args: ["k"]
[2025-07-02_16-08-41-132] Calling page.getByRole with args: ["textbox",{"name":"Description"}]
[2025-07-02_16-08-41-132] Calling locator.click with args: []
[2025-07-02_16-08-41-231] Calling keyboard.press with args: ["q"]
[2025-07-02_16-08-41-270] Calling keyboard.press with args: ["m"]
[2025-07-02_16-08-41-287] Calling keyboard.press with args: ["k"]
[2025-07-02_16-08-41-305] Calling page.screenshot with args: [{"path":"screenshots/Single_Item_-_ALL-FIREFOX-1680x1050-2025-07-02_16-08-41-304.jpg"}]
[2025-07-02_16-08-41-443] Calling page.getByRole with args: ["tab",{"name":"Pricing"}]
[2025-07-02_16-08-41-443] Calling locator.click with args: []
[2025-07-02_16-08-41-503] Calling page.screenshot with args: [{"path":"screenshots/Single_Item_-_ALL-FIREFOX-1680x1050-2025-07-02_16-08-41-503.jpg"}]
[2025-07-02_16-08-41-636] Calling page.locator with args: ["input[name=\"applyAll\"]"]
[2025-07-02_16-08-41-636] Calling locator.check with args: []
[2025-07-02_16-08-41-729] Calling page.locator with args: ["input[name=\"SellPrice\"]"]
[2025-07-02_16-08-41-729] Calling locator.inputValue with args: []
[2025-07-02_16-08-41-745] → locator.inputValue returned: "0"
[2025-07-02_16-08-41-746] Calling page.locator with args: ["input[name=\"SellPrice\"]"]
[2025-07-02_16-08-41-746] Calling locator.fill with args: ["1"]
[2025-07-02_16-08-41-778] Calling page.screenshot with args: [{"path":"screenshots/Single_Item_-_ALL-FIREFOX-1680x1050-2025-07-02_16-08-41-778.jpg"}]
[2025-07-02_16-08-41-919] Calling page.locator with args: ["#tabs-edit-menu-item-tab-extras"]
[2025-07-02_16-08-41-920] Calling locator.click with args: []
[2025-07-02_16-08-41-986] Calling page.screenshot with args: [{"path":"screenshots/Single_Item_-_ALL-FIREFOX-1680x1050-2025-07-02_16-08-41-986.jpg"}]
[2025-07-02_16-08-42-111] Calling page.locator with args: ["label[for='extras-selected-0']"]
[2025-07-02_16-08-42-112] Calling locator.isVisible with args: []
[2025-07-02_16-08-42-120] → locator.isVisible returned: true
[2025-07-02_16-08-42-120] Calling locator.click with args: []
[2025-07-02_16-08-42-214] Calling locator.isVisible with args: []
[2025-07-02_16-08-42-222] → locator.isVisible returned: true
[2025-07-02_16-08-42-222] Calling locator.click with args: []
[2025-07-02_16-08-42-318] Calling locator.isVisible with args: []
[2025-07-02_16-08-42-325] → locator.isVisible returned: true
[2025-07-02_16-08-42-326] Calling locator.click with args: []
[2025-07-02_16-08-42-415] Calling page.getByRole with args: ["combobox"]
[2025-07-02_16-08-42-415] Calling locator.click with args: []
[2025-07-02_16-08-42-541] Calling page.getByRole with args: ["combobox"]
[2025-07-02_16-08-42-542] Calling locator.locator with args: ["option"]
[2025-07-02_16-08-42-542] Calling locator.allTextContents with args: []
[2025-07-02_16-08-42-581] Calling locator.selectOption with args: [{"label":"Pizza (52)"}]
[2025-07-02_16-08-42-611] Calling page.locator with args: ["label[for='extras-0']"]
[2025-07-02_16-08-42-612] Calling locator.click with args: []
[2025-07-02_16-08-42-724] Calling page.locator with args: ["label[for='extras-1']"]
[2025-07-02_16-08-42-725] Calling locator.click with args: []
[2025-07-02_16-08-42-827] Calling page.locator with args: ["label[for='extras-2']"]
[2025-07-02_16-08-42-828] Calling locator.click with args: []
[2025-07-02_16-08-42-929] Calling page.locator with args: ["label[for='extras-3']"]
[2025-07-02_16-08-42-930] Calling locator.click with args: []
[2025-07-02_16-08-43-060] Calling page.locator with args: ["label[for='extras-4']"]
[2025-07-02_16-08-43-061] Calling locator.click with args: []
[2025-07-02_16-08-43-169] Calling page.screenshot with args: [{"path":"screenshots/Single_Item_-_ALL-FIREFOX-1680x1050-2025-07-02_16-08-43-169.jpg"}]
[2025-07-02_16-08-43-292] Calling page.locator with args: ["#tabs-edit-menu-item-tab-item_options"]
[2025-07-02_16-08-43-292] Calling locator.click with args: []
[2025-07-02_16-08-43-402] Calling page.waitForTimeout with args: [3000]
[2025-07-02_16-08-46-411] Calling page.screenshot with args: [{"path":"screenshots/Single_Item_-_ALL-FIREFOX-1680x1050-2025-07-02_16-08-46-410.jpg"}]
[2025-07-02_16-08-46-573] Calling page.locator with args: ["div.col-2.modal-item-option-right-button > button"]
[2025-07-02_16-08-46-573] Calling locator.nth with args: [0]
[2025-07-02_16-08-46-574] Calling locator.count with args: []
[2025-07-02_16-08-46-582] → locator.count returned: 1
[2025-07-02_16-08-46-582] Calling locator.isVisible with args: []
[2025-07-02_16-08-46-590] → locator.isVisible returned: true
[2025-07-02_16-08-46-591] Calling locator.click with args: []
[2025-07-02_16-08-46-679] Calling page.locator with args: ["div.col-2.modal-item-option-right-button > button"]
[2025-07-02_16-08-46-679] Calling locator.nth with args: [0]
[2025-07-02_16-08-46-680] Calling locator.count with args: []
[2025-07-02_16-08-46-687] → locator.count returned: 1
[2025-07-02_16-08-46-687] Calling locator.isVisible with args: []
[2025-07-02_16-08-46-698] → locator.isVisible returned: true
[2025-07-02_16-08-46-698] Calling locator.click with args: []
[2025-07-02_16-08-46-778] Calling page.locator with args: ["div.col-2.modal-item-option-right-button > button"]
[2025-07-02_16-08-46-779] Calling locator.nth with args: [0]
[2025-07-02_16-08-46-779] Calling locator.count with args: []
[2025-07-02_16-08-46-785] → locator.count returned: 1
[2025-07-02_16-08-46-785] Calling locator.isVisible with args: []
[2025-07-02_16-08-46-794] → locator.isVisible returned: true
[2025-07-02_16-08-46-794] Calling locator.click with args: []
[2025-07-02_16-08-46-901] Calling page.screenshot with args: [{"path":"screenshots/Single_Item_-_ALL-FIREFOX-1680x1050-2025-07-02_16-08-46-900.jpg"}]
[2025-07-02_16-08-47-027] Calling page.locator with args: ["div.col-2.modal-item-option-left-button > button"]
[2025-07-02_16-08-47-027] Calling locator.count with args: []
[2025-07-02_16-08-47-033] → locator.count returned: 6
[2025-07-02_16-08-47-033] Calling page.locator with args: ["div.col-2.modal-item-option-left-button > button"]
[2025-07-02_16-08-47-033] Calling locator.nth with args: [0]
[2025-07-02_16-08-47-034] Calling locator.click with args: []
[2025-07-02_16-08-47-119] Calling page.locator with args: ["div.col-2.modal-item-option-left-button > button"]
[2025-07-02_16-08-47-119] Calling locator.count with args: []
[2025-07-02_16-08-47-129] → locator.count returned: 5
[2025-07-02_16-08-47-130] Calling page.locator with args: ["div.col-2.modal-item-option-left-button > button"]
[2025-07-02_16-08-47-130] Calling locator.nth with args: [0]
[2025-07-02_16-08-47-131] Calling locator.click with args: []
[2025-07-02_16-08-47-202] Calling page.locator with args: ["div.col-2.modal-item-option-left-button > button"]
[2025-07-02_16-08-47-202] Calling locator.count with args: []
[2025-07-02_16-08-47-212] → locator.count returned: 4
[2025-07-02_16-08-47-213] Calling page.locator with args: ["div.col-2.modal-item-option-left-button > button"]
[2025-07-02_16-08-47-213] Calling locator.nth with args: [0]
[2025-07-02_16-08-47-213] Calling locator.click with args: []
[2025-07-02_16-08-47-302] Calling page.locator with args: ["div.col-2.modal-item-option-left-button > button"]
[2025-07-02_16-08-47-302] Calling locator.count with args: []
[2025-07-02_16-08-47-315] → locator.count returned: 3
[2025-07-02_16-08-47-315] Calling page.screenshot with args: [{"path":"screenshots/Single_Item_-_ALL-FIREFOX-1680x1050-2025-07-02_16-08-47-315.jpg"}]
[2025-07-02_16-08-47-465] Calling page.getByRole with args: ["button",{"name":"Save"}]
[2025-07-02_16-08-47-465] Calling locator.click with args: []
[2025-07-02_16-08-47-663] Calling page.waitForTimeout with args: [10000]
[2025-07-02_16-08-57-677] Calling page.locator with args: ["xpath=//button[@id=\"deploy-button\"]"]
[2025-07-02_16-08-57-678] Calling locator.click with args: []
