[2025-07-02_16-16-24-583] Calling page.goto with args: ["https://stg.my.deliverit.com.au/"]
[2025-07-02_16-16-26-161] Calling page.getByRole with args: ["textbox",{"name":"Email"}]
[2025-07-02_16-16-26-161] Calling locator.click with args: []
[2025-07-02_16-16-26-297] Calling page.getByRole with args: ["textbox",{"name":"Email"}]
[2025-07-02_16-16-26-298] Calling locator.fill with args: ["vin.cuenza@easypos.com.ph"]
[2025-07-02_16-16-26-322] Calling page.getByRole with args: ["textbox",{"name":"Password"}]
[2025-07-02_16-16-26-323] Calling locator.click with args: []
[2025-07-02_16-16-26-364] Calling page.getByRole with args: ["textbox",{"name":"Password"}]
[2025-07-02_16-16-26-364] Calling locator.fill with args: ["Aa1234567890!"]
[2025-07-02_16-16-26-377] Calling page.getByRole with args: ["button",{"name":"Sign in"}]
[2025-07-02_16-16-26-377] Calling locator.click with args: []
[2025-07-02_16-16-26-424] Calling page.waitForTimeout with args: [10000]
[2025-07-02_16-16-36-437] Calling page.locator with args: ["#btn-store-selector"]
[2025-07-02_16-16-36-438] Calling locator.nth with args: [0]
[2025-07-02_16-16-36-438] Calling locator.click with args: []
[2025-07-02_16-16-36-575] Calling page.getByRole with args: ["searchbox",{"name":"Search"}]
[2025-07-02_16-16-36-576] Calling locator.click with args: []
[2025-07-02_16-16-36-762] Calling page.viewportSize with args: []
[2025-07-02_16-16-36-762] Calling page.waitForTimeout with args: [2000]
[2025-07-02_16-16-36-764] Calling page.getByRole with args: ["searchbox",{"name":"Search"}]
[2025-07-02_16-16-36-764] Calling locator.fill with args: ["VS Test Store 03"]
[2025-07-02_16-16-36-780] Calling page.getByRole with args: ["button",{"name":"VS Test Store 03"}]
[2025-07-02_16-16-36-781] Calling locator.click with args: []
[2025-07-02_16-16-36-880] Calling page.waitForTimeout with args: [10000]
[2025-07-02_16-16-46-882] Calling page.getByRole with args: ["textbox",{"name":"Search PLU / Item Name here"}]
[2025-07-02_16-16-46-883] Calling locator.click with args: []
[2025-07-02_16-16-46-912] Calling page.getByRole with args: ["textbox",{"name":"Search PLU / Item Name here"}]
[2025-07-02_16-16-46-912] Calling locator.fill with args: ["STP05"]
[2025-07-02_16-16-46-925] Calling page.locator with args: ["xpath=//div[@id=\"row-0\"]"]
[2025-07-02_16-16-46-926] Calling locator.nth with args: [0]
[2025-07-02_16-16-46-926] Calling locator.click with args: []
[2025-07-02_16-16-46-968] Calling page.getByRole with args: ["tab",{"name":"Advanced"}]
[2025-07-02_16-16-46-969] Calling locator.click with args: []
[2025-07-02_16-16-48-892] Calling page.locator with args: ["input[name=\"visual_tag\"]"]
[2025-07-02_16-16-48-892] Calling locator.click with args: []
[2025-07-02_16-16-48-928] Calling keyboard.press with args: ["g"]
[2025-07-02_16-16-48-939] Calling keyboard.press with args: ["i"]
[2025-07-02_16-16-48-949] Calling keyboard.press with args: ["f"]
[2025-07-02_16-16-48-959] Calling page.getByRole with args: ["button",{"name":"Save"}]
[2025-07-02_16-16-48-959] Calling locator.click with args: []
[2025-07-02_16-16-49-014] Calling page.waitForTimeout with args: [10000]
[2025-07-02_16-16-59-028] Calling page.locator with args: ["xpath=//button[@id=\"deploy-button\"]"]
[2025-07-02_16-16-59-029] Calling locator.click with args: []
[2025-07-02_16-16-59-092] Calling page.getByRole with args: ["button",{"name":"Next"}]
[2025-07-02_16-16-59-092] Calling locator.click with args: []
[2025-07-02_16-16-59-548] Calling page.getByRole with args: ["button",{"name":"Next"}]
[2025-07-02_16-16-59-548] Calling locator.click with args: []
[2025-07-02_16-17-00-945] Calling page.getByRole with args: ["button",{"name":"Deploy (1)"}]
[2025-07-02_16-17-00-946] Calling locator.click with args: []
[2025-07-02_16-17-01-847] Calling page.getByRole with args: ["button"]
[2025-07-02_16-17-01-847] Calling locator.filter with args: [{"hasText":{}}]
[2025-07-02_16-17-01-848] Calling locator.click with args: []
[2025-07-02_16-17-02-296] Calling page.getByRole with args: ["textbox"]
[2025-07-02_16-17-02-297] Calling locator.press with args: ["ControlOrMeta+a"]
[2025-07-02_16-17-02-318] Calling page.getByRole with args: ["textbox"]
[2025-07-02_16-17-02-318] Calling locator.fill with args: ["Single_Item_-_Advance-EDGE-1366x768-2025-07-02_16-16-24-583"]
[2025-07-02_16-17-02-466] Calling page.getByRole with args: ["button"]
[2025-07-02_16-17-02-466] Calling locator.filter with args: [{"hasText":{}}]
[2025-07-02_16-17-02-467] Calling locator.click with args: []
[2025-07-02_16-17-02-521] Calling page.getByRole with args: ["button",{"name":"Continue Deploy"}]
[2025-07-02_16-17-02-522] Calling locator.click with args: []
[2025-07-02_16-17-02-563] Calling page.waitForTimeout with args: [5000]
[2025-07-02_16-17-07-575] Calling page.goto with args: ["https://stg.my.deliverit.com.au/deployment-log"]
[2025-07-02_16-17-07-873] Calling page.waitForTimeout with args: [10000]
[2025-07-02_16-17-17-892] Calling page.getByRole with args: ["cell",{"name":"Single_Item_-_Advance-EDGE-1366x768-2025-07-02_16-16-24-583"}]
[2025-07-02_16-17-17-893] Calling locator.count with args: []
[2025-07-02_16-17-17-898] Calling page.waitForTimeout with args: [5000]
[2025-07-02_16-17-17-937] → locator.count returned: 1
[2025-07-02_16-17-17-938] Calling locator.isVisible with args: []
[2025-07-02_16-17-17-945] → locator.isVisible returned: true
[2025-07-02_16-17-17-946] Calling locator.click with args: []
[2025-07-02_16-17-22-909] Calling page.locator with args: ["span.styles_id-value__MH_QF"]
[2025-07-02_16-17-22-910] Calling locator.textContent with args: []
[2025-07-02_16-17-22-928] → locator.textContent returned: "DYP-ckfcnm7w2hubm2cjmv5obk6911016"
