[2025-07-02_16-06-10-418] Calling page.goto with args: ["https://stg.my.deliverit.com.au/"]
[2025-07-02_16-06-11-263] Calling page.getByRole with args: ["textbox",{"name":"Email"}]
[2025-07-02_16-06-11-264] Calling locator.click with args: []
[2025-07-02_16-06-11-398] Calling page.getByRole with args: ["textbox",{"name":"Email"}]
[2025-07-02_16-06-11-398] Calling locator.fill with args: ["vin.cuenza@easypos.com.ph"]
[2025-07-02_16-06-11-437] Calling page.getByRole with args: ["textbox",{"name":"Password"}]
[2025-07-02_16-06-11-441] Calling locator.click with args: []
[2025-07-02_16-06-11-587] Calling page.getByRole with args: ["textbox",{"name":"Password"}]
[2025-07-02_16-06-11-587] Calling locator.fill with args: ["Aa1234567890!"]
[2025-07-02_16-06-11-620] Calling page.getByRole with args: ["button",{"name":"Sign in"}]
[2025-07-02_16-06-11-621] Calling locator.click with args: []
[2025-07-02_16-06-11-786] Calling page.waitForTimeout with args: [10000]
[2025-07-02_16-06-21-798] Calling page.locator with args: ["#btn-store-selector"]
[2025-07-02_16-06-21-799] Calling locator.nth with args: [0]
[2025-07-02_16-06-21-800] Calling locator.click with args: []
[2025-07-02_16-06-22-110] Calling page.getByRole with args: ["searchbox",{"name":"Search"}]
[2025-07-02_16-06-22-110] Calling locator.click with args: []
[2025-07-02_16-06-22-331] Calling page.viewportSize with args: []
[2025-07-02_16-06-22-332] Calling page.getByRole with args: ["searchbox",{"name":"Search"}]
[2025-07-02_16-06-22-332] Calling locator.fill with args: ["VS Test Store 01"]
[2025-07-02_16-06-22-369] Calling page.getByRole with args: ["button",{"name":"VS Test Store 01"}]
[2025-07-02_16-06-22-369] Calling locator.click with args: []
[2025-07-02_16-06-22-512] Calling page.waitForTimeout with args: [10000]
[2025-07-02_16-06-32-519] Calling page.getByRole with args: ["textbox",{"name":"Search PLU / Item Name here"}]
[2025-07-02_16-06-32-521] Calling locator.click with args: []
[2025-07-02_16-06-32-607] Calling page.getByRole with args: ["textbox",{"name":"Search PLU / Item Name here"}]
[2025-07-02_16-06-32-607] Calling locator.fill with args: ["STP04"]
[2025-07-02_16-06-32-645] Calling page.locator with args: ["xpath=//div[@id=\"row-0\"]"]
[2025-07-02_16-06-32-645] Calling locator.nth with args: [0]
[2025-07-02_16-06-32-646] Calling locator.click with args: []
[2025-07-02_16-06-32-731] Calling page.getByRole with args: ["tab",{"name":"Advanced"}]
[2025-07-02_16-06-32-732] Calling locator.click with args: []
[2025-07-02_16-06-34-169] Calling page.locator with args: ["input[name=\"visual_tag\"]"]
[2025-07-02_16-06-34-169] Calling locator.click with args: []
[2025-07-02_16-06-34-236] Calling keyboard.press with args: ["z"]
[2025-07-02_16-06-34-265] Calling keyboard.press with args: ["d"]
[2025-07-02_16-06-34-292] Calling keyboard.press with args: ["v"]
[2025-07-02_16-06-34-302] Calling page.getByRole with args: ["button",{"name":"Save"}]
[2025-07-02_16-06-34-303] Calling locator.click with args: []
[2025-07-02_16-06-34-452] Calling page.waitForTimeout with args: [10000]
[2025-07-02_16-06-44-456] Calling page.locator with args: ["xpath=//button[@id=\"deploy-button\"]"]
[2025-07-02_16-06-44-458] Calling locator.click with args: []
[2025-07-02_16-06-44-517] Calling page.getByRole with args: ["button",{"name":"Next"}]
[2025-07-02_16-06-44-517] Calling locator.click with args: []
[2025-07-02_16-06-44-895] Calling page.getByRole with args: ["button",{"name":"Next"}]
[2025-07-02_16-06-44-896] Calling locator.click with args: []
[2025-07-02_16-06-45-928] Calling page.getByRole with args: ["button",{"name":"Deploy (1)"}]
[2025-07-02_16-06-45-929] Calling locator.click with args: []
[2025-07-02_16-06-46-421] Calling page.getByRole with args: ["button"]
[2025-07-02_16-06-46-422] Calling locator.filter with args: [{"hasText":{}}]
[2025-07-02_16-06-46-423] Calling locator.click with args: []
[2025-07-02_16-06-46-777] Calling page.getByRole with args: ["textbox"]
[2025-07-02_16-06-46-777] Calling locator.press with args: ["ControlOrMeta+a"]
[2025-07-02_16-06-46-812] Calling page.getByRole with args: ["textbox"]
[2025-07-02_16-06-46-813] Calling locator.fill with args: ["Single_Item_-_Advance-FIREFOX-1920x1080-2025-07-02_16-06-10-418"]
[2025-07-02_16-06-46-974] Calling page.getByRole with args: ["button"]
[2025-07-02_16-06-46-974] Calling locator.filter with args: [{"hasText":{}}]
[2025-07-02_16-06-46-975] Calling locator.click with args: []
[2025-07-02_16-06-47-047] Calling page.getByRole with args: ["button",{"name":"Continue Deploy"}]
[2025-07-02_16-06-47-047] Calling locator.click with args: []
[2025-07-02_16-06-47-119] Calling page.waitForTimeout with args: [5000]
[2025-07-02_16-06-52-137] Calling page.goto with args: ["https://stg.my.deliverit.com.au/deployment-log"]
[2025-07-02_16-06-52-654] Calling page.waitForTimeout with args: [10000]
[2025-07-02_16-07-02-661] Calling page.getByRole with args: ["cell",{"name":"Single_Item_-_Advance-FIREFOX-1920x1080-2025-07-02_16-06-10-418"}]
[2025-07-02_16-07-02-662] Calling locator.count with args: []
[2025-07-02_16-07-02-664] Calling page.waitForTimeout with args: [5000]
[2025-07-02_16-07-02-756] → locator.count returned: 1
[2025-07-02_16-07-02-757] Calling locator.isVisible with args: []
[2025-07-02_16-07-02-801] → locator.isVisible returned: true
[2025-07-02_16-07-02-801] Calling locator.click with args: []
[2025-07-02_16-07-07-675] Calling page.locator with args: ["span.styles_id-value__MH_QF"]
[2025-07-02_16-07-07-676] Calling locator.textContent with args: []
[2025-07-02_16-07-07-684] → locator.textContent returned: "DYP-gy31mgt5cb9ddijk7bb4yibp11014"
