[2025-07-02_16-01-04-397] Calling page.goto with args: ["https://stg.my.deliverit.com.au/"]
[2025-07-02_16-01-04-968] Calling page.getByRole with args: ["textbox",{"name":"Email"}]
[2025-07-02_16-01-04-968] Calling locator.click with args: []
[2025-07-02_16-01-05-061] Calling page.getByRole with args: ["textbox",{"name":"Email"}]
[2025-07-02_16-01-05-062] Calling locator.fill with args: ["vin.cuenza@easypos.com.ph"]
[2025-07-02_16-01-05-076] Calling page.getByRole with args: ["textbox",{"name":"Password"}]
[2025-07-02_16-01-05-083] Calling locator.click with args: []
[2025-07-02_16-01-05-126] Calling page.getByRole with args: ["textbox",{"name":"Password"}]
[2025-07-02_16-01-05-126] Calling locator.fill with args: ["Aa1234567890!"]
[2025-07-02_16-01-05-136] Calling page.getByRole with args: ["button",{"name":"Sign in"}]
[2025-07-02_16-01-05-137] Calling locator.click with args: []
[2025-07-02_16-01-05-222] Calling page.waitForTimeout with args: [10000]
[2025-07-02_16-01-15-231] Calling page.locator with args: ["#btn-store-selector"]
[2025-07-02_16-01-15-231] Calling locator.nth with args: [0]
[2025-07-02_16-01-15-232] Calling locator.click with args: []
[2025-07-02_16-01-15-409] Calling page.getByRole with args: ["searchbox",{"name":"Search"}]
[2025-07-02_16-01-15-409] Calling locator.click with args: []
[2025-07-02_16-01-15-607] Calling page.viewportSize with args: []
[2025-07-02_16-01-15-607] Calling page.getByRole with args: ["searchbox",{"name":"Search"}]
[2025-07-02_16-01-15-608] Calling locator.fill with args: ["VS Test Store 01"]
[2025-07-02_16-01-15-663] Calling page.getByRole with args: ["button",{"name":"VS Test Store 01"}]
[2025-07-02_16-01-15-664] Calling locator.click with args: []
[2025-07-02_16-01-15-729] Calling page.waitForTimeout with args: [10000]
[2025-07-02_16-01-25-737] Calling page.getByRole with args: ["textbox",{"name":"Search PLU / Item Name here"}]
[2025-07-02_16-01-25-738] Calling locator.click with args: []
[2025-07-02_16-01-25-757] Calling page.getByRole with args: ["textbox",{"name":"Search PLU / Item Name here"}]
[2025-07-02_16-01-25-758] Calling locator.fill with args: ["STP05"]
[2025-07-02_16-01-25-776] Calling page.locator with args: ["xpath=//div[@id=\"row-0\"]"]
[2025-07-02_16-01-25-777] Calling locator.nth with args: [0]
[2025-07-02_16-01-25-777] Calling locator.click with args: []
[2025-07-02_16-01-25-840] Calling page.waitForTimeout with args: [500]
[2025-07-02_16-01-26-343] Calling page.screenshot with args: [{"path":"screenshots/Single_Item_-_ALL-CHROMIUM-1920x1080-2025-07-02_16-01-26-342.jpg"}]
[2025-07-02_16-01-26-579] Calling page.getByRole with args: ["textbox",{"name":"Display Name"}]
[2025-07-02_16-01-26-580] Calling locator.click with args: []
[2025-07-02_16-01-27-441] Calling keyboard.press with args: ["w"]
[2025-07-02_16-01-27-465] Calling keyboard.press with args: ["l"]
[2025-07-02_16-01-27-487] Calling keyboard.press with args: ["n"]
[2025-07-02_16-01-27-504] Calling page.getByRole with args: ["textbox",{"name":"Print Name"}]
[2025-07-02_16-01-27-504] Calling locator.click with args: []
[2025-07-02_16-01-27-562] Calling keyboard.press with args: ["w"]
[2025-07-02_16-01-27-582] Calling keyboard.press with args: ["l"]
[2025-07-02_16-01-27-596] Calling keyboard.press with args: ["n"]
[2025-07-02_16-01-27-610] Calling page.getByRole with args: ["textbox",{"name":"Description"}]
[2025-07-02_16-01-27-611] Calling locator.click with args: []
[2025-07-02_16-01-27-779] Calling keyboard.press with args: ["w"]
[2025-07-02_16-01-27-815] Calling keyboard.press with args: ["l"]
[2025-07-02_16-01-27-834] Calling keyboard.press with args: ["n"]
[2025-07-02_16-01-27-883] Calling page.screenshot with args: [{"path":"screenshots/Single_Item_-_ALL-CHROMIUM-1920x1080-2025-07-02_16-01-27-883.jpg"}]
[2025-07-02_16-01-28-199] Calling page.getByRole with args: ["tab",{"name":"Pricing"}]
[2025-07-02_16-01-28-200] Calling locator.click with args: []
[2025-07-02_16-01-28-263] Calling page.screenshot with args: [{"path":"screenshots/Single_Item_-_ALL-CHROMIUM-1920x1080-2025-07-02_16-01-28-263.jpg"}]
[2025-07-02_16-01-28-464] Calling page.locator with args: ["input[name=\"applyAll\"]"]
[2025-07-02_16-01-28-464] Calling locator.check with args: []
[2025-07-02_16-01-28-583] Calling page.locator with args: ["input[name=\"SellPrice\"]"]
[2025-07-02_16-01-28-584] Calling locator.inputValue with args: []
[2025-07-02_16-01-28-591] → locator.inputValue returned: "0"
[2025-07-02_16-01-28-592] Calling page.locator with args: ["input[name=\"SellPrice\"]"]
[2025-07-02_16-01-28-592] Calling locator.fill with args: ["5"]
[2025-07-02_16-01-28-626] Calling page.screenshot with args: [{"path":"screenshots/Single_Item_-_ALL-CHROMIUM-1920x1080-2025-07-02_16-01-28-626.jpg"}]
[2025-07-02_16-01-28-860] Calling page.locator with args: ["#tabs-edit-menu-item-tab-extras"]
[2025-07-02_16-01-28-861] Calling locator.click with args: []
[2025-07-02_16-01-28-953] Calling page.screenshot with args: [{"path":"screenshots/Single_Item_-_ALL-CHROMIUM-1920x1080-2025-07-02_16-01-28-953.jpg"}]
[2025-07-02_16-01-29-133] Calling page.locator with args: ["label[for='extras-selected-0']"]
[2025-07-02_16-01-29-133] Calling locator.isVisible with args: []
[2025-07-02_16-01-29-140] → locator.isVisible returned: false
[2025-07-02_16-01-29-140] Calling locator.isVisible with args: []
[2025-07-02_16-01-29-145] → locator.isVisible returned: false
[2025-07-02_16-01-29-146] Calling locator.isVisible with args: []
[2025-07-02_16-01-29-150] → locator.isVisible returned: false
[2025-07-02_16-01-29-151] Calling page.getByRole with args: ["combobox"]
[2025-07-02_16-01-29-151] Calling locator.click with args: []
[2025-07-02_16-01-29-246] Calling page.getByRole with args: ["combobox"]
[2025-07-02_16-01-29-246] Calling locator.locator with args: ["option"]
[2025-07-02_16-01-29-247] Calling locator.allTextContents with args: []
[2025-07-02_16-01-29-272] Calling locator.selectOption with args: [{"label":"Gelato (11)"}]
[2025-07-02_16-01-29-288] Calling page.locator with args: ["label[for='extras-0']"]
[2025-07-02_16-01-29-289] Calling locator.click with args: []
[2025-07-02_16-01-29-394] Calling page.locator with args: ["label[for='extras-1']"]
[2025-07-02_16-01-29-394] Calling locator.click with args: []
[2025-07-02_16-01-29-492] Calling page.locator with args: ["label[for='extras-2']"]
[2025-07-02_16-01-29-492] Calling locator.click with args: []
[2025-07-02_16-01-29-590] Calling page.locator with args: ["label[for='extras-3']"]
[2025-07-02_16-01-29-591] Calling locator.click with args: []
[2025-07-02_16-01-29-697] Calling page.locator with args: ["label[for='extras-4']"]
[2025-07-02_16-01-29-698] Calling locator.click with args: []
[2025-07-02_16-01-29-786] Calling page.screenshot with args: [{"path":"screenshots/Single_Item_-_ALL-CHROMIUM-1920x1080-2025-07-02_16-01-29-786.jpg"}]
[2025-07-02_16-01-30-016] Calling page.locator with args: ["#tabs-edit-menu-item-tab-item_options"]
[2025-07-02_16-01-30-017] Calling locator.click with args: []
[2025-07-02_16-01-30-092] Calling page.waitForTimeout with args: [3000]
[2025-07-02_16-01-33-105] Calling page.screenshot with args: [{"path":"screenshots/Single_Item_-_ALL-CHROMIUM-1920x1080-2025-07-02_16-01-33-105.jpg"}]
[2025-07-02_16-01-33-295] Calling page.locator with args: ["div.col-2.modal-item-option-right-button > button"]
[2025-07-02_16-01-33-296] Calling locator.nth with args: [0]
[2025-07-02_16-01-33-296] Calling locator.count with args: []
[2025-07-02_16-01-33-304] → locator.count returned: 1
[2025-07-02_16-01-33-304] Calling locator.isVisible with args: []
[2025-07-02_16-01-33-312] → locator.isVisible returned: true
[2025-07-02_16-01-33-313] Calling locator.click with args: []
[2025-07-02_16-01-33-403] Calling page.locator with args: ["div.col-2.modal-item-option-right-button > button"]
[2025-07-02_16-01-33-404] Calling locator.nth with args: [0]
[2025-07-02_16-01-33-405] Calling locator.count with args: []
[2025-07-02_16-01-33-412] → locator.count returned: 1
[2025-07-02_16-01-33-413] Calling locator.isVisible with args: []
[2025-07-02_16-01-33-422] → locator.isVisible returned: true
[2025-07-02_16-01-33-423] Calling locator.click with args: []
[2025-07-02_16-01-33-496] Calling page.locator with args: ["div.col-2.modal-item-option-right-button > button"]
[2025-07-02_16-01-33-496] Calling locator.nth with args: [0]
[2025-07-02_16-01-33-496] Calling locator.count with args: []
[2025-07-02_16-01-33-502] → locator.count returned: 1
[2025-07-02_16-01-33-502] Calling locator.isVisible with args: []
[2025-07-02_16-01-33-530] → locator.isVisible returned: true
[2025-07-02_16-01-33-531] Calling locator.click with args: []
[2025-07-02_16-01-33-594] Calling page.screenshot with args: [{"path":"screenshots/Single_Item_-_ALL-CHROMIUM-1920x1080-2025-07-02_16-01-33-594.jpg"}]
[2025-07-02_16-01-33-738] Calling page.locator with args: ["div.col-2.modal-item-option-left-button > button"]
[2025-07-02_16-01-33-738] Calling locator.count with args: []
[2025-07-02_16-01-33-743] → locator.count returned: 6
[2025-07-02_16-01-33-743] Calling page.locator with args: ["div.col-2.modal-item-option-left-button > button"]
[2025-07-02_16-01-33-743] Calling locator.nth with args: [0]
[2025-07-02_16-01-33-744] Calling locator.click with args: []
[2025-07-02_16-01-33-850] Calling page.locator with args: ["div.col-2.modal-item-option-left-button > button"]
[2025-07-02_16-01-33-851] Calling locator.count with args: []
[2025-07-02_16-01-33-861] → locator.count returned: 5
[2025-07-02_16-01-33-862] Calling page.locator with args: ["div.col-2.modal-item-option-left-button > button"]
[2025-07-02_16-01-33-863] Calling locator.nth with args: [0]
[2025-07-02_16-01-33-863] Calling locator.click with args: []
[2025-07-02_16-01-33-940] Calling page.locator with args: ["div.col-2.modal-item-option-left-button > button"]
[2025-07-02_16-01-33-941] Calling locator.count with args: []
[2025-07-02_16-01-33-947] → locator.count returned: 4
[2025-07-02_16-01-33-948] Calling page.locator with args: ["div.col-2.modal-item-option-left-button > button"]
[2025-07-02_16-01-33-948] Calling locator.nth with args: [0]
[2025-07-02_16-01-33-948] Calling locator.click with args: []
[2025-07-02_16-01-34-022] Calling page.locator with args: ["div.col-2.modal-item-option-left-button > button"]
[2025-07-02_16-01-34-023] Calling locator.count with args: []
[2025-07-02_16-01-34-029] → locator.count returned: 3
[2025-07-02_16-01-34-030] Calling page.screenshot with args: [{"path":"screenshots/Single_Item_-_ALL-CHROMIUM-1920x1080-2025-07-02_16-01-34-030.jpg"}]
[2025-07-02_16-01-34-190] Calling page.getByRole with args: ["button",{"name":"Save"}]
[2025-07-02_16-01-34-190] Calling locator.click with args: []
[2025-07-02_16-01-34-282] Calling page.waitForTimeout with args: [10000]
[2025-07-02_16-01-44-288] Calling page.locator with args: ["xpath=//button[@id=\"deploy-button\"]"]
[2025-07-02_16-01-44-289] Calling locator.click with args: []
[2025-07-02_16-01-44-379] Calling page.getByRole with args: ["button",{"name":"Next"}]
[2025-07-02_16-01-44-380] Calling locator.click with args: []
[2025-07-02_16-01-44-901] Calling page.getByRole with args: ["button",{"name":"Next"}]
[2025-07-02_16-01-44-902] Calling locator.click with args: []
[2025-07-02_16-01-46-377] Calling page.getByRole with args: ["button",{"name":"Deploy (1)"}]
[2025-07-02_16-01-46-378] Calling locator.click with args: []
[2025-07-02_16-01-47-351] Calling page.getByRole with args: ["button"]
[2025-07-02_16-01-47-352] Calling locator.filter with args: [{"hasText":{}}]
[2025-07-02_16-01-47-353] Calling locator.click with args: []
[2025-07-02_16-01-47-513] Calling page.getByRole with args: ["textbox"]
[2025-07-02_16-01-47-513] Calling locator.press with args: ["ControlOrMeta+a"]
[2025-07-02_16-01-47-530] Calling page.getByRole with args: ["textbox"]
[2025-07-02_16-01-47-530] Calling locator.fill with args: ["Single_Item_-_ALL-CHROMIUM-1920x1080-2025-07-02_16-01-04-397"]
[2025-07-02_16-01-47-693] Calling page.getByRole with args: ["button"]
[2025-07-02_16-01-47-693] Calling locator.filter with args: [{"hasText":{}}]
[2025-07-02_16-01-47-694] Calling locator.click with args: []
[2025-07-02_16-01-47-913] Calling page.getByRole with args: ["button",{"name":"Continue Deploy"}]
[2025-07-02_16-01-47-914] Calling locator.click with args: []
[2025-07-02_16-01-48-126] Calling page.waitForTimeout with args: [5000]
[2025-07-02_16-01-53-129] Calling page.goto with args: ["https://stg.my.deliverit.com.au/deployment-log"]
[2025-07-02_16-01-53-633] Calling page.waitForTimeout with args: [10000]
[2025-07-02_16-02-03-638] Calling page.getByRole with args: ["cell",{"name":"Single_Item_-_ALL-CHROMIUM-1920x1080-2025-07-02_16-01-04-397"}]
[2025-07-02_16-02-03-639] Calling locator.count with args: []
[2025-07-02_16-02-03-642] Calling page.waitForTimeout with args: [5000]
[2025-07-02_16-02-03-661] → locator.count returned: 1
[2025-07-02_16-02-03-662] Calling locator.isVisible with args: []
[2025-07-02_16-02-03-669] → locator.isVisible returned: true
[2025-07-02_16-02-03-670] Calling locator.click with args: []
[2025-07-02_16-02-08-650] Calling page.locator with args: ["span.styles_id-value__MH_QF"]
[2025-07-02_16-02-08-650] Calling locator.textContent with args: []
[2025-07-02_16-02-08-655] → locator.textContent returned: "DYP-s4kddc1xzsm0et6nmq30c7cs11014"
