[2025-07-02_16-08-09-890] Calling page.goto with args: ["https://stg.my.deliverit.com.au/"]
[2025-07-02_16-08-10-821] Calling page.getByRole with args: ["textbox",{"name":"Email"}]
[2025-07-02_16-08-10-823] Calling locator.click with args: []
[2025-07-02_16-08-10-927] Calling page.getByRole with args: ["textbox",{"name":"Email"}]
[2025-07-02_16-08-10-927] Calling locator.fill with args: ["vin.cuenza@easypos.com.ph"]
[2025-07-02_16-08-10-951] Calling page.getByRole with args: ["textbox",{"name":"Password"}]
[2025-07-02_16-08-10-951] Calling locator.click with args: []
[2025-07-02_16-08-11-038] Calling page.getByRole with args: ["textbox",{"name":"Password"}]
[2025-07-02_16-08-11-039] Calling locator.fill with args: ["Aa1234567890!"]
[2025-07-02_16-08-11-063] Calling page.getByRole with args: ["button",{"name":"Sign in"}]
[2025-07-02_16-08-11-063] Calling locator.click with args: []
[2025-07-02_16-08-11-175] Calling page.waitForTimeout with args: [10000]
[2025-07-02_16-08-21-186] Calling page.locator with args: ["#btn-store-selector"]
[2025-07-02_16-08-21-186] Calling locator.nth with args: [0]
[2025-07-02_16-08-21-187] Calling locator.click with args: []
[2025-07-02_16-08-21-580] Calling page.getByRole with args: ["searchbox",{"name":"Search"}]
[2025-07-02_16-08-21-581] Calling locator.click with args: []
[2025-07-02_16-08-21-776] Calling page.viewportSize with args: []
[2025-07-02_16-08-21-777] Calling page.waitForTimeout with args: [1000]
[2025-07-02_16-08-21-781] Calling page.getByRole with args: ["searchbox",{"name":"Search"}]
[2025-07-02_16-08-21-782] Calling locator.fill with args: ["VS Test Store 02"]
[2025-07-02_16-08-21-833] Calling page.getByRole with args: ["button",{"name":"VS Test Store 02"}]
[2025-07-02_16-08-21-833] Calling locator.click with args: []
[2025-07-02_16-08-21-995] Calling page.waitForTimeout with args: [10000]
[2025-07-02_16-08-32-000] Calling page.getByRole with args: ["textbox",{"name":"Search PLU / Item Name here"}]
[2025-07-02_16-08-32-001] Calling locator.click with args: []
[2025-07-02_16-08-32-101] Calling page.getByRole with args: ["textbox",{"name":"Search PLU / Item Name here"}]
[2025-07-02_16-08-32-101] Calling locator.fill with args: ["STP05"]
[2025-07-02_16-08-32-144] Calling page.locator with args: ["xpath=//div[@id=\"row-0\"]"]
[2025-07-02_16-08-32-144] Calling locator.nth with args: [0]
[2025-07-02_16-08-32-144] Calling locator.click with args: []
[2025-07-02_16-08-32-251] Calling page.locator with args: ["#tabs-edit-menu-item-tab-item_options"]
[2025-07-02_16-08-32-251] Calling locator.click with args: []
[2025-07-02_16-08-33-744] Calling page.waitForTimeout with args: [3000]
[2025-07-02_16-08-36-755] Calling page.screenshot with args: [{"path":"screenshots/Single_Item_-_Modifiers-FIREFOX-1680x1050-2025-07-02_16-08-36-755.jpg"}]
[2025-07-02_16-08-36-878] Calling page.locator with args: ["div.col-2.modal-item-option-right-button > button"]
[2025-07-02_16-08-36-879] Calling locator.nth with args: [0]
[2025-07-02_16-08-36-879] Calling locator.count with args: []
[2025-07-02_16-08-36-885] → locator.count returned: 1
[2025-07-02_16-08-36-885] Calling locator.isVisible with args: []
[2025-07-02_16-08-36-895] → locator.isVisible returned: true
[2025-07-02_16-08-36-896] Calling locator.click with args: []
[2025-07-02_16-08-36-969] Calling page.locator with args: ["div.col-2.modal-item-option-right-button > button"]
[2025-07-02_16-08-36-970] Calling locator.nth with args: [0]
[2025-07-02_16-08-36-970] Calling locator.count with args: []
[2025-07-02_16-08-36-979] → locator.count returned: 1
[2025-07-02_16-08-36-979] Calling locator.isVisible with args: []
[2025-07-02_16-08-36-985] → locator.isVisible returned: true
[2025-07-02_16-08-36-985] Calling locator.click with args: []
[2025-07-02_16-08-37-068] Calling page.locator with args: ["div.col-2.modal-item-option-right-button > button"]
[2025-07-02_16-08-37-068] Calling locator.nth with args: [0]
[2025-07-02_16-08-37-069] Calling locator.count with args: []
[2025-07-02_16-08-37-078] → locator.count returned: 1
[2025-07-02_16-08-37-078] Calling locator.isVisible with args: []
[2025-07-02_16-08-37-086] → locator.isVisible returned: true
[2025-07-02_16-08-37-087] Calling locator.click with args: []
[2025-07-02_16-08-37-192] Calling page.screenshot with args: [{"path":"screenshots/Single_Item_-_Modifiers-FIREFOX-1680x1050-2025-07-02_16-08-37-191.jpg"}]
[2025-07-02_16-08-37-321] Calling page.locator with args: ["div.col-2.modal-item-option-left-button > button"]
[2025-07-02_16-08-37-322] Calling locator.count with args: []
[2025-07-02_16-08-37-331] → locator.count returned: 6
[2025-07-02_16-08-37-332] Calling page.locator with args: ["div.col-2.modal-item-option-left-button > button"]
[2025-07-02_16-08-37-332] Calling locator.nth with args: [0]
[2025-07-02_16-08-37-332] Calling locator.click with args: []
[2025-07-02_16-08-37-458] Calling page.locator with args: ["div.col-2.modal-item-option-left-button > button"]
[2025-07-02_16-08-37-458] Calling locator.count with args: []
[2025-07-02_16-08-37-467] → locator.count returned: 5
[2025-07-02_16-08-37-468] Calling page.locator with args: ["div.col-2.modal-item-option-left-button > button"]
[2025-07-02_16-08-37-468] Calling locator.nth with args: [0]
[2025-07-02_16-08-37-468] Calling locator.click with args: []
[2025-07-02_16-08-37-529] Calling page.locator with args: ["div.col-2.modal-item-option-left-button > button"]
[2025-07-02_16-08-37-529] Calling locator.count with args: []
[2025-07-02_16-08-37-534] → locator.count returned: 4
[2025-07-02_16-08-37-534] Calling page.locator with args: ["div.col-2.modal-item-option-left-button > button"]
[2025-07-02_16-08-37-535] Calling locator.nth with args: [0]
[2025-07-02_16-08-37-535] Calling locator.click with args: []
[2025-07-02_16-08-37-665] Calling page.locator with args: ["div.col-2.modal-item-option-left-button > button"]
[2025-07-02_16-08-37-666] Calling locator.count with args: []
[2025-07-02_16-08-37-680] → locator.count returned: 3
[2025-07-02_16-08-37-681] Calling page.screenshot with args: [{"path":"screenshots/Single_Item_-_Modifiers-FIREFOX-1680x1050-2025-07-02_16-08-37-680.jpg"}]
[2025-07-02_16-08-37-797] Calling page.getByRole with args: ["button",{"name":"Save"}]
[2025-07-02_16-08-37-798] Calling locator.click with args: []
[2025-07-02_16-08-37-929] Calling page.waitForTimeout with args: [10000]
[2025-07-02_16-08-47-933] Calling page.locator with args: ["xpath=//button[@id=\"deploy-button\"]"]
[2025-07-02_16-08-47-934] Calling locator.click with args: []
[2025-07-02_16-08-48-000] Calling page.getByRole with args: ["button",{"name":"Next"}]
[2025-07-02_16-08-48-000] Calling locator.click with args: []
[2025-07-02_16-08-48-448] Calling page.getByRole with args: ["button",{"name":"Next"}]
[2025-07-02_16-08-48-449] Calling locator.click with args: []
[2025-07-02_16-08-49-986] Calling page.getByRole with args: ["button",{"name":"Deploy (1)"}]
[2025-07-02_16-08-49-987] Calling locator.click with args: []
[2025-07-02_16-08-50-448] Calling page.getByRole with args: ["button"]
[2025-07-02_16-08-50-449] Calling locator.filter with args: [{"hasText":{}}]
[2025-07-02_16-08-50-450] Calling locator.click with args: []
[2025-07-02_16-08-50-939] Calling page.getByRole with args: ["textbox"]
[2025-07-02_16-08-50-940] Calling locator.press with args: ["ControlOrMeta+a"]
[2025-07-02_16-08-50-981] Calling page.getByRole with args: ["textbox"]
[2025-07-02_16-08-50-982] Calling locator.fill with args: ["Single_Item_-_Modifiers-FIREFOX-1680x1050-2025-07-02_16-08-09-889"]
[2025-07-02_16-08-51-046] Calling page.getByRole with args: ["button"]
[2025-07-02_16-08-51-047] Calling locator.filter with args: [{"hasText":{}}]
[2025-07-02_16-08-51-047] Calling locator.click with args: []
[2025-07-02_16-08-51-260] Calling page.getByRole with args: ["button",{"name":"Continue Deploy"}]
[2025-07-02_16-08-51-261] Calling locator.click with args: []
[2025-07-02_16-08-51-316] Calling page.waitForTimeout with args: [5000]
[2025-07-02_16-08-56-332] Calling page.goto with args: ["https://stg.my.deliverit.com.au/deployment-log"]
[2025-07-02_16-08-56-774] Calling page.waitForTimeout with args: [10000]
[2025-07-02_16-09-06-796] Calling page.getByRole with args: ["cell",{"name":"Single_Item_-_Modifiers-FIREFOX-1680x1050-2025-07-02_16-08-09-889"}]
[2025-07-02_16-09-06-797] Calling locator.count with args: []
[2025-07-02_16-09-06-800] Calling page.waitForTimeout with args: [5000]
[2025-07-02_16-09-06-859] → locator.count returned: 1
[2025-07-02_16-09-06-859] Calling locator.isVisible with args: []
[2025-07-02_16-09-06-891] → locator.isVisible returned: true
[2025-07-02_16-09-06-891] Calling locator.click with args: []
[2025-07-02_16-09-11-807] Calling page.locator with args: ["span.styles_id-value__MH_QF"]
[2025-07-02_16-09-11-808] Calling locator.textContent with args: []
[2025-07-02_16-09-11-814] → locator.textContent returned: "DYP-o5k1i8f76e1uhiqor4qp1a7j11015"
