[2025-07-02_16-14-21-692] Calling page.goto with args: ["https://stg.my.deliverit.com.au/"]
[2025-07-02_16-14-24-142] Calling page.getByRole with args: ["textbox",{"name":"Email"}]
[2025-07-02_16-14-24-143] Calling locator.click with args: []
[2025-07-02_16-14-24-371] Calling page.getByRole with args: ["textbox",{"name":"Email"}]
[2025-07-02_16-14-24-372] Calling locator.fill with args: ["vin.cuenza@easypos.com.ph"]
[2025-07-02_16-14-24-405] Calling page.getByRole with args: ["textbox",{"name":"Password"}]
[2025-07-02_16-14-24-406] Calling locator.click with args: []
[2025-07-02_16-14-24-473] Calling page.getByRole with args: ["textbox",{"name":"Password"}]
[2025-07-02_16-14-24-473] Calling locator.fill with args: ["Aa1234567890!"]
[2025-07-02_16-14-24-488] Calling page.getByRole with args: ["button",{"name":"Sign in"}]
[2025-07-02_16-14-24-489] Calling locator.click with args: []
[2025-07-02_16-14-24-556] Calling page.waitForTimeout with args: [10000]
[2025-07-02_16-14-34-577] Calling page.locator with args: ["#btn-store-selector"]
[2025-07-02_16-14-34-578] Calling locator.nth with args: [0]
[2025-07-02_16-14-34-579] Calling locator.click with args: []
[2025-07-02_16-14-36-236] Calling page.getByRole with args: ["searchbox",{"name":"Search"}]
[2025-07-02_16-14-36-237] Calling locator.click with args: []
[2025-07-02_16-14-36-426] Calling page.viewportSize with args: []
[2025-07-02_16-14-36-427] Calling page.waitForTimeout with args: [1000]
[2025-07-02_16-14-36-430] Calling page.getByRole with args: ["searchbox",{"name":"Search"}]
[2025-07-02_16-14-36-431] Calling locator.fill with args: ["VS Test Store 02"]
[2025-07-02_16-14-36-473] Calling page.getByRole with args: ["button",{"name":"VS Test Store 02"}]
[2025-07-02_16-14-36-474] Calling locator.click with args: []
[2025-07-02_16-14-36-596] Calling page.waitForTimeout with args: [10000]
[2025-07-02_16-14-46-609] Calling page.getByRole with args: ["textbox",{"name":"Search PLU / Item Name here"}]
[2025-07-02_16-14-46-610] Calling locator.click with args: []
[2025-07-02_16-14-46-635] Calling page.getByRole with args: ["textbox",{"name":"Search PLU / Item Name here"}]
[2025-07-02_16-14-46-635] Calling locator.fill with args: ["STP04"]
[2025-07-02_16-14-46-652] Calling page.locator with args: ["xpath=//div[@id=\"row-0\"]"]
[2025-07-02_16-14-46-652] Calling locator.nth with args: [0]
[2025-07-02_16-14-46-653] Calling locator.click with args: []
[2025-07-02_16-14-46-707] Calling page.locator with args: ["#tabs-edit-menu-item-tab-item_options"]
[2025-07-02_16-14-46-708] Calling locator.click with args: []
[2025-07-02_16-14-48-594] Calling page.waitForTimeout with args: [3000]
[2025-07-02_16-14-51-609] Calling page.screenshot with args: [{"path":"screenshots/Single_Item_-_Modifiers-EDGE-1680x1050-2025-07-02_16-14-51-609.jpg"}]
[2025-07-02_16-14-51-746] Calling page.locator with args: ["div.col-2.modal-item-option-right-button > button"]
[2025-07-02_16-14-51-746] Calling locator.nth with args: [0]
[2025-07-02_16-14-51-746] Calling locator.count with args: []
[2025-07-02_16-14-51-753] → locator.count returned: 1
[2025-07-02_16-14-51-753] Calling locator.isVisible with args: []
[2025-07-02_16-14-51-758] → locator.isVisible returned: true
[2025-07-02_16-14-51-759] Calling locator.click with args: []
[2025-07-02_16-14-51-806] Calling page.locator with args: ["div.col-2.modal-item-option-right-button > button"]
[2025-07-02_16-14-51-807] Calling locator.nth with args: [0]
[2025-07-02_16-14-51-807] Calling locator.count with args: []
[2025-07-02_16-14-51-820] → locator.count returned: 1
[2025-07-02_16-14-51-820] Calling locator.isVisible with args: []
[2025-07-02_16-14-51-826] → locator.isVisible returned: true
[2025-07-02_16-14-51-826] Calling locator.click with args: []
[2025-07-02_16-14-51-868] Calling page.locator with args: ["div.col-2.modal-item-option-right-button > button"]
[2025-07-02_16-14-51-868] Calling locator.nth with args: [0]
[2025-07-02_16-14-51-869] Calling locator.count with args: []
[2025-07-02_16-14-51-873] → locator.count returned: 1
[2025-07-02_16-14-51-873] Calling locator.isVisible with args: []
[2025-07-02_16-14-51-877] → locator.isVisible returned: true
[2025-07-02_16-14-51-877] Calling locator.click with args: []
[2025-07-02_16-14-51-938] Calling page.screenshot with args: [{"path":"screenshots/Single_Item_-_Modifiers-EDGE-1680x1050-2025-07-02_16-14-51-938.jpg"}]
[2025-07-02_16-14-52-078] Calling page.locator with args: ["div.col-2.modal-item-option-left-button > button"]
[2025-07-02_16-14-52-079] Calling locator.count with args: []
[2025-07-02_16-14-52-089] → locator.count returned: 3
[2025-07-02_16-14-52-089] Calling page.screenshot with args: [{"path":"screenshots/Single_Item_-_Modifiers-EDGE-1680x1050-2025-07-02_16-14-52-089.jpg"}]
[2025-07-02_16-14-52-191] Calling page.getByRole with args: ["button",{"name":"Save"}]
[2025-07-02_16-14-52-192] Calling locator.click with args: []
[2025-07-02_16-14-52-256] Calling page.waitForTimeout with args: [10000]
[2025-07-02_16-15-02-266] Calling page.locator with args: ["xpath=//button[@id=\"deploy-button\"]"]
[2025-07-02_16-15-02-267] Calling locator.click with args: []
[2025-07-02_16-15-02-298] Calling page.getByRole with args: ["button",{"name":"Next"}]
[2025-07-02_16-15-02-299] Calling locator.click with args: []
[2025-07-02_16-15-02-838] Calling page.getByRole with args: ["button",{"name":"Next"}]
[2025-07-02_16-15-02-839] Calling locator.click with args: []
[2025-07-02_16-15-04-269] Calling page.getByRole with args: ["button",{"name":"Deploy (1)"}]
[2025-07-02_16-15-04-269] Calling locator.click with args: []
[2025-07-02_16-15-05-195] Calling page.getByRole with args: ["button"]
[2025-07-02_16-15-05-196] Calling locator.filter with args: [{"hasText":{}}]
[2025-07-02_16-15-05-197] Calling locator.click with args: []
[2025-07-02_16-15-05-615] Calling page.getByRole with args: ["textbox"]
[2025-07-02_16-15-05-616] Calling locator.press with args: ["ControlOrMeta+a"]
[2025-07-02_16-15-05-634] Calling page.getByRole with args: ["textbox"]
[2025-07-02_16-15-05-635] Calling locator.fill with args: ["Single_Item_-_Modifiers-EDGE-1680x1050-2025-07-02_16-14-21-690"]
[2025-07-02_16-15-05-799] Calling page.getByRole with args: ["button"]
[2025-07-02_16-15-05-799] Calling locator.filter with args: [{"hasText":{}}]
[2025-07-02_16-15-05-800] Calling locator.click with args: []
[2025-07-02_16-15-05-867] Calling page.getByRole with args: ["button",{"name":"Continue Deploy"}]
[2025-07-02_16-15-05-867] Calling locator.click with args: []
[2025-07-02_16-15-05-904] Calling page.waitForTimeout with args: [5000]
[2025-07-02_16-15-10-914] Calling page.goto with args: ["https://stg.my.deliverit.com.au/deployment-log"]
[2025-07-02_16-15-11-368] Calling page.waitForTimeout with args: [10000]
[2025-07-02_16-15-21-389] Calling page.getByRole with args: ["cell",{"name":"Single_Item_-_Modifiers-EDGE-1680x1050-2025-07-02_16-14-21-690"}]
[2025-07-02_16-15-21-391] Calling locator.count with args: []
[2025-07-02_16-15-21-400] Calling page.waitForTimeout with args: [5000]
[2025-07-02_16-15-21-442] → locator.count returned: 1
[2025-07-02_16-15-21-442] Calling locator.isVisible with args: []
[2025-07-02_16-15-21-450] → locator.isVisible returned: true
[2025-07-02_16-15-21-451] Calling locator.click with args: []
[2025-07-02_16-15-26-420] Calling page.locator with args: ["span.styles_id-value__MH_QF"]
[2025-07-02_16-15-26-421] Calling locator.textContent with args: []
[2025-07-02_16-15-26-426] → locator.textContent returned: "DYP-asiiyr1uuz2u5o89xfvmd4le11015"
