[2025-07-02_16-14-22-428] Calling page.goto with args: ["https://stg.my.deliverit.com.au/"]
[2025-07-02_16-14-24-193] Calling page.getByRole with args: ["textbox",{"name":"Email"}]
[2025-07-02_16-14-24-194] Calling locator.click with args: []
[2025-07-02_16-14-24-331] Calling page.getByRole with args: ["textbox",{"name":"Email"}]
[2025-07-02_16-14-24-331] Calling locator.fill with args: ["vin.cuenza@easypos.com.ph"]
[2025-07-02_16-14-24-368] Calling page.getByRole with args: ["textbox",{"name":"Password"}]
[2025-07-02_16-14-24-369] Calling locator.click with args: []
[2025-07-02_16-14-24-443] Calling page.getByRole with args: ["textbox",{"name":"Password"}]
[2025-07-02_16-14-24-443] Calling locator.fill with args: ["Aa1234567890!"]
[2025-07-02_16-14-24-461] Calling page.getByRole with args: ["button",{"name":"Sign in"}]
[2025-07-02_16-14-24-462] Calling locator.click with args: []
[2025-07-02_16-14-24-534] Calling page.waitForTimeout with args: [10000]
[2025-07-02_16-14-34-544] Calling page.locator with args: ["#btn-store-selector"]
[2025-07-02_16-14-34-546] Calling locator.nth with args: [0]
[2025-07-02_16-14-34-548] Calling locator.click with args: []
[2025-07-02_16-14-37-074] Calling page.getByRole with args: ["searchbox",{"name":"Search"}]
[2025-07-02_16-14-37-074] Calling locator.click with args: []
[2025-07-02_16-14-37-261] Calling page.viewportSize with args: []
[2025-07-02_16-14-37-261] Calling page.waitForTimeout with args: [1000]
[2025-07-02_16-14-37-263] Calling page.getByRole with args: ["searchbox",{"name":"Search"}]
[2025-07-02_16-14-37-263] Calling locator.fill with args: ["VS Test Store 02"]
[2025-07-02_16-14-37-281] Calling page.getByRole with args: ["button",{"name":"VS Test Store 02"}]
[2025-07-02_16-14-37-282] Calling locator.click with args: []
[2025-07-02_16-14-37-381] Calling page.waitForTimeout with args: [10000]
[2025-07-02_16-14-47-392] Calling page.getByRole with args: ["textbox",{"name":"Search PLU / Item Name here"}]
[2025-07-02_16-14-47-393] Calling locator.click with args: []
[2025-07-02_16-14-47-464] Calling page.getByRole with args: ["textbox",{"name":"Search PLU / Item Name here"}]
[2025-07-02_16-14-47-466] Calling locator.fill with args: ["STP04"]
[2025-07-02_16-14-47-500] Calling page.locator with args: ["xpath=//div[@id=\"row-0\"]"]
[2025-07-02_16-14-47-501] Calling locator.nth with args: [0]
[2025-07-02_16-14-47-501] Calling locator.click with args: []
[2025-07-02_16-14-47-552] Calling page.waitForTimeout with args: [500]
[2025-07-02_16-14-48-059] Calling page.screenshot with args: [{"path":"screenshots/Single_Item_-_ALL-EDGE-1680x1050-2025-07-02_16-14-48-058.jpg"}]
[2025-07-02_16-14-48-183] Calling page.getByRole with args: ["textbox",{"name":"Display Name"}]
[2025-07-02_16-14-48-184] Calling locator.click with args: []
[2025-07-02_16-14-49-062] Calling keyboard.press with args: ["y"]
[2025-07-02_16-14-49-079] Calling keyboard.press with args: ["k"]
[2025-07-02_16-14-49-093] Calling keyboard.press with args: ["b"]
[2025-07-02_16-14-49-107] Calling page.getByRole with args: ["textbox",{"name":"Print Name"}]
[2025-07-02_16-14-49-108] Calling locator.click with args: []
[2025-07-02_16-14-49-216] Calling keyboard.press with args: ["y"]
[2025-07-02_16-14-49-233] Calling keyboard.press with args: ["k"]
[2025-07-02_16-14-49-243] Calling keyboard.press with args: ["b"]
[2025-07-02_16-14-49-255] Calling page.getByRole with args: ["textbox",{"name":"Description"}]
[2025-07-02_16-14-49-256] Calling locator.click with args: []
[2025-07-02_16-14-49-296] Calling keyboard.press with args: ["y"]
[2025-07-02_16-14-49-311] Calling keyboard.press with args: ["k"]
[2025-07-02_16-14-49-321] Calling keyboard.press with args: ["b"]
[2025-07-02_16-14-49-332] Calling page.screenshot with args: [{"path":"screenshots/Single_Item_-_ALL-EDGE-1680x1050-2025-07-02_16-14-49-331.jpg"}]
[2025-07-02_16-14-49-460] Calling page.getByRole with args: ["tab",{"name":"Pricing"}]
[2025-07-02_16-14-49-461] Calling locator.click with args: []
[2025-07-02_16-14-49-558] Calling page.screenshot with args: [{"path":"screenshots/Single_Item_-_ALL-EDGE-1680x1050-2025-07-02_16-14-49-557.jpg"}]
[2025-07-02_16-14-49-718] Calling page.locator with args: ["input[name=\"applyAll\"]"]
[2025-07-02_16-14-49-718] Calling locator.check with args: []
[2025-07-02_16-14-49-813] Calling page.locator with args: ["input[name=\"SellPrice\"]"]
[2025-07-02_16-14-49-815] Calling locator.inputValue with args: []
[2025-07-02_16-14-49-822] → locator.inputValue returned: "0"
[2025-07-02_16-14-49-823] Calling page.locator with args: ["input[name=\"SellPrice\"]"]
[2025-07-02_16-14-49-823] Calling locator.fill with args: ["4"]
[2025-07-02_16-14-49-846] Calling page.screenshot with args: [{"path":"screenshots/Single_Item_-_ALL-EDGE-1680x1050-2025-07-02_16-14-49-846.jpg"}]
[2025-07-02_16-14-49-948] Calling page.locator with args: ["#tabs-edit-menu-item-tab-extras"]
[2025-07-02_16-14-49-948] Calling locator.click with args: []
[2025-07-02_16-14-50-001] Calling page.screenshot with args: [{"path":"screenshots/Single_Item_-_ALL-EDGE-1680x1050-2025-07-02_16-14-50-001.jpg"}]
[2025-07-02_16-14-50-081] Calling page.locator with args: ["label[for='extras-selected-0']"]
[2025-07-02_16-14-50-081] Calling locator.isVisible with args: []
[2025-07-02_16-14-50-086] → locator.isVisible returned: true
[2025-07-02_16-14-50-086] Calling locator.click with args: []
[2025-07-02_16-14-50-144] Calling locator.isVisible with args: []
[2025-07-02_16-14-50-148] → locator.isVisible returned: true
[2025-07-02_16-14-50-148] Calling locator.click with args: []
[2025-07-02_16-14-50-208] Calling locator.isVisible with args: []
[2025-07-02_16-14-50-213] → locator.isVisible returned: true
[2025-07-02_16-14-50-214] Calling locator.click with args: []
[2025-07-02_16-14-50-274] Calling page.getByRole with args: ["combobox"]
[2025-07-02_16-14-50-274] Calling locator.click with args: []
[2025-07-02_16-14-50-326] Calling page.getByRole with args: ["combobox"]
[2025-07-02_16-14-50-327] Calling locator.locator with args: ["option"]
[2025-07-02_16-14-50-327] Calling locator.allTextContents with args: []
[2025-07-02_16-14-50-350] Calling locator.selectOption with args: [{"label":"Pizza (52)"}]
[2025-07-02_16-14-50-366] Calling page.locator with args: ["label[for='extras-0']"]
[2025-07-02_16-14-50-366] Calling locator.click with args: []
[2025-07-02_16-14-50-430] Calling page.locator with args: ["label[for='extras-1']"]
[2025-07-02_16-14-50-430] Calling locator.click with args: []
[2025-07-02_16-14-50-475] Calling page.locator with args: ["label[for='extras-2']"]
[2025-07-02_16-14-50-476] Calling locator.click with args: []
[2025-07-02_16-14-50-528] Calling page.locator with args: ["label[for='extras-3']"]
[2025-07-02_16-14-50-529] Calling locator.click with args: []
[2025-07-02_16-14-50-626] Calling page.locator with args: ["label[for='extras-4']"]
[2025-07-02_16-14-50-626] Calling locator.click with args: []
[2025-07-02_16-14-50-675] Calling page.screenshot with args: [{"path":"screenshots/Single_Item_-_ALL-EDGE-1680x1050-2025-07-02_16-14-50-675.jpg"}]
[2025-07-02_16-14-50-761] Calling page.locator with args: ["#tabs-edit-menu-item-tab-item_options"]
[2025-07-02_16-14-50-762] Calling locator.click with args: []
[2025-07-02_16-14-50-849] Calling page.waitForTimeout with args: [3000]
[2025-07-02_16-14-53-855] Calling page.screenshot with args: [{"path":"screenshots/Single_Item_-_ALL-EDGE-1680x1050-2025-07-02_16-14-53-854.jpg"}]
[2025-07-02_16-14-53-977] Calling page.locator with args: ["div.col-2.modal-item-option-right-button > button"]
[2025-07-02_16-14-53-978] Calling locator.nth with args: [0]
[2025-07-02_16-14-53-978] Calling locator.count with args: []
[2025-07-02_16-14-53-991] → locator.count returned: 1
[2025-07-02_16-14-53-991] Calling locator.isVisible with args: []
[2025-07-02_16-14-53-999] → locator.isVisible returned: true
[2025-07-02_16-14-53-999] Calling locator.click with args: []
[2025-07-02_16-14-54-034] Calling page.locator with args: ["div.col-2.modal-item-option-right-button > button"]
[2025-07-02_16-14-54-035] Calling locator.nth with args: [0]
[2025-07-02_16-14-54-035] Calling locator.count with args: []
[2025-07-02_16-14-54-052] → locator.count returned: 1
[2025-07-02_16-14-54-053] Calling locator.isVisible with args: []
[2025-07-02_16-14-54-062] → locator.isVisible returned: true
[2025-07-02_16-14-54-062] Calling locator.click with args: []
[2025-07-02_16-14-54-175] Calling page.locator with args: ["div.col-2.modal-item-option-right-button > button"]
[2025-07-02_16-14-54-175] Calling locator.nth with args: [0]
[2025-07-02_16-14-54-176] Calling locator.count with args: []
[2025-07-02_16-14-54-190] → locator.count returned: 1
[2025-07-02_16-14-54-191] Calling locator.isVisible with args: []
[2025-07-02_16-14-54-202] → locator.isVisible returned: true
[2025-07-02_16-14-54-210] Calling locator.click with args: []
[2025-07-02_16-14-54-309] Calling page.screenshot with args: [{"path":"screenshots/Single_Item_-_ALL-EDGE-1680x1050-2025-07-02_16-14-54-308.jpg"}]
[2025-07-02_16-14-54-407] Calling page.locator with args: ["div.col-2.modal-item-option-left-button > button"]
[2025-07-02_16-14-54-408] Calling locator.count with args: []
[2025-07-02_16-14-54-414] → locator.count returned: 3
[2025-07-02_16-14-54-414] Calling page.screenshot with args: [{"path":"screenshots/Single_Item_-_ALL-EDGE-1680x1050-2025-07-02_16-14-54-414.jpg"}]
[2025-07-02_16-14-54-512] Calling page.getByRole with args: ["button",{"name":"Save"}]
[2025-07-02_16-14-54-513] Calling locator.click with args: []
[2025-07-02_16-14-54-602] Calling page.waitForTimeout with args: [10000]
[2025-07-02_16-15-04-604] Calling page.locator with args: ["xpath=//button[@id=\"deploy-button\"]"]
[2025-07-02_16-15-04-605] Calling locator.click with args: []
[2025-07-02_16-15-04-636] Calling page.getByRole with args: ["button",{"name":"Next"}]
[2025-07-02_16-15-04-637] Calling locator.click with args: []
[2025-07-02_16-15-05-030] Calling page.getByRole with args: ["button",{"name":"Next"}]
[2025-07-02_16-15-05-030] Calling locator.click with args: []
[2025-07-02_16-15-05-983] Calling page.getByRole with args: ["button",{"name":"Deploy (1)"}]
[2025-07-02_16-15-05-984] Calling locator.click with args: []
[2025-07-02_16-15-06-868] Calling page.getByRole with args: ["button"]
[2025-07-02_16-15-06-868] Calling locator.filter with args: [{"hasText":{}}]
[2025-07-02_16-15-06-869] Calling locator.click with args: []
[2025-07-02_16-15-07-287] Calling page.getByRole with args: ["textbox"]
[2025-07-02_16-15-07-288] Calling locator.press with args: ["ControlOrMeta+a"]
[2025-07-02_16-15-07-302] Calling page.getByRole with args: ["textbox"]
[2025-07-02_16-15-07-303] Calling locator.fill with args: ["Single_Item_-_ALL-EDGE-1680x1050-2025-07-02_16-14-22-428"]
[2025-07-02_16-15-07-460] Calling page.getByRole with args: ["button"]
[2025-07-02_16-15-07-461] Calling locator.filter with args: [{"hasText":{}}]
[2025-07-02_16-15-07-462] Calling locator.click with args: []
[2025-07-02_16-15-07-528] Calling page.getByRole with args: ["button",{"name":"Continue Deploy"}]
[2025-07-02_16-15-07-528] Calling locator.click with args: []
[2025-07-02_16-15-07-600] Calling page.waitForTimeout with args: [5000]
[2025-07-02_16-15-12-605] Calling page.goto with args: ["https://stg.my.deliverit.com.au/deployment-log"]
[2025-07-02_16-15-12-928] Calling page.waitForTimeout with args: [10000]
[2025-07-02_16-15-22-937] Calling page.getByRole with args: ["cell",{"name":"Single_Item_-_ALL-EDGE-1680x1050-2025-07-02_16-14-22-428"}]
[2025-07-02_16-15-22-939] Calling locator.count with args: []
[2025-07-02_16-15-22-946] Calling page.waitForTimeout with args: [5000]
[2025-07-02_16-15-23-039] → locator.count returned: 1
[2025-07-02_16-15-23-040] Calling locator.isVisible with args: []
[2025-07-02_16-15-23-053] → locator.isVisible returned: true
[2025-07-02_16-15-23-054] Calling locator.click with args: []
[2025-07-02_16-15-27-975] Calling page.locator with args: ["span.styles_id-value__MH_QF"]
[2025-07-02_16-15-27-976] Calling locator.textContent with args: []
[2025-07-02_16-15-27-982] → locator.textContent returned: "DYP-vwk4c95ecssfsgnuoxbq2tr411015"
