[2025-07-02_16-12-18-280] Calling page.goto with args: ["https://stg.my.deliverit.com.au/"]
[2025-07-02_16-12-19-915] Calling page.getByRole with args: ["textbox",{"name":"Email"}]
[2025-07-02_16-12-19-917] Calling locator.click with args: []
[2025-07-02_16-12-20-087] Calling page.getByRole with args: ["textbox",{"name":"Email"}]
[2025-07-02_16-12-20-087] Calling locator.fill with args: ["vin.cuenza@easypos.com.ph"]
[2025-07-02_16-12-20-103] Calling page.getByRole with args: ["textbox",{"name":"Password"}]
[2025-07-02_16-12-20-104] Calling locator.click with args: []
[2025-07-02_16-12-20-148] Calling page.getByRole with args: ["textbox",{"name":"Password"}]
[2025-07-02_16-12-20-148] Calling locator.fill with args: ["Aa1234567890!"]
[2025-07-02_16-12-20-163] Calling page.getByRole with args: ["button",{"name":"Sign in"}]
[2025-07-02_16-12-20-164] Calling locator.click with args: []
[2025-07-02_16-12-20-235] Calling page.waitForTimeout with args: [10000]
[2025-07-02_16-12-30-249] Calling page.locator with args: ["#btn-store-selector"]
[2025-07-02_16-12-30-250] Calling locator.nth with args: [0]
[2025-07-02_16-12-30-250] Calling locator.click with args: []
[2025-07-02_16-12-31-380] Calling page.getByRole with args: ["searchbox",{"name":"Search"}]
[2025-07-02_16-12-31-381] Calling locator.click with args: []
[2025-07-02_16-12-31-513] Calling page.viewportSize with args: []
[2025-07-02_16-12-31-513] Calling page.getByRole with args: ["searchbox",{"name":"Search"}]
[2025-07-02_16-12-31-514] Calling locator.fill with args: ["VS Test Store 01"]
[2025-07-02_16-12-31-531] Calling page.getByRole with args: ["button",{"name":"VS Test Store 01"}]
[2025-07-02_16-12-31-531] Calling locator.click with args: []
[2025-07-02_16-12-31-650] Calling page.waitForTimeout with args: [10000]
[2025-07-02_16-12-41-655] Calling page.getByRole with args: ["textbox",{"name":"Search PLU / Item Name here"}]
[2025-07-02_16-12-41-655] Calling locator.click with args: []
[2025-07-02_16-12-41-681] Calling page.getByRole with args: ["textbox",{"name":"Search PLU / Item Name here"}]
[2025-07-02_16-12-41-682] Calling locator.fill with args: ["STP03"]
[2025-07-02_16-12-41-700] Calling page.locator with args: ["xpath=//div[@id=\"row-0\"]"]
[2025-07-02_16-12-41-700] Calling locator.nth with args: [0]
[2025-07-02_16-12-41-700] Calling locator.click with args: []
[2025-07-02_16-12-41-788] Calling page.waitForTimeout with args: [500]
[2025-07-02_16-12-42-312] Calling page.screenshot with args: [{"path":"screenshots/Single_Item_-_ALL-EDGE-1920x1080-2025-07-02_16-12-42-310.jpg"}]
[2025-07-02_16-12-42-501] Calling page.getByRole with args: ["textbox",{"name":"Display Name"}]
[2025-07-02_16-12-42-502] Calling locator.click with args: []
[2025-07-02_16-12-43-451] Calling keyboard.press with args: ["b"]
[2025-07-02_16-12-43-469] Calling keyboard.press with args: ["g"]
[2025-07-02_16-12-43-484] Calling keyboard.press with args: ["o"]
[2025-07-02_16-12-43-496] Calling page.getByRole with args: ["textbox",{"name":"Print Name"}]
[2025-07-02_16-12-43-497] Calling locator.click with args: []
[2025-07-02_16-12-43-579] Calling keyboard.press with args: ["b"]
[2025-07-02_16-12-43-598] Calling keyboard.press with args: ["g"]
[2025-07-02_16-12-43-608] Calling keyboard.press with args: ["o"]
[2025-07-02_16-12-43-618] Calling page.getByRole with args: ["textbox",{"name":"Description"}]
[2025-07-02_16-12-43-619] Calling locator.click with args: []
[2025-07-02_16-12-43-681] Calling keyboard.press with args: ["b"]
[2025-07-02_16-12-43-699] Calling keyboard.press with args: ["g"]
[2025-07-02_16-12-43-708] Calling keyboard.press with args: ["o"]
[2025-07-02_16-12-43-715] Calling page.screenshot with args: [{"path":"screenshots/Single_Item_-_ALL-EDGE-1920x1080-2025-07-02_16-12-43-715.jpg"}]
[2025-07-02_16-12-43-842] Calling page.getByRole with args: ["tab",{"name":"Pricing"}]
[2025-07-02_16-12-43-843] Calling locator.click with args: []
[2025-07-02_16-12-43-908] Calling page.screenshot with args: [{"path":"screenshots/Single_Item_-_ALL-EDGE-1920x1080-2025-07-02_16-12-43-908.jpg"}]
[2025-07-02_16-12-43-993] Calling page.locator with args: ["input[name=\"applyAll\"]"]
[2025-07-02_16-12-43-993] Calling locator.check with args: []
[2025-07-02_16-12-44-068] Calling page.locator with args: ["input[name=\"SellPrice\"]"]
[2025-07-02_16-12-44-069] Calling locator.inputValue with args: []
[2025-07-02_16-12-44-080] → locator.inputValue returned: "0"
[2025-07-02_16-12-44-080] Calling page.locator with args: ["input[name=\"SellPrice\"]"]
[2025-07-02_16-12-44-081] Calling locator.fill with args: ["10"]
[2025-07-02_16-12-44-123] Calling page.screenshot with args: [{"path":"screenshots/Single_Item_-_ALL-EDGE-1920x1080-2025-07-02_16-12-44-122.jpg"}]
[2025-07-02_16-12-44-210] Calling page.locator with args: ["#tabs-edit-menu-item-tab-extras"]
[2025-07-02_16-12-44-211] Calling locator.click with args: []
[2025-07-02_16-12-44-251] Calling page.screenshot with args: [{"path":"screenshots/Single_Item_-_ALL-EDGE-1920x1080-2025-07-02_16-12-44-250.jpg"}]
[2025-07-02_16-12-44-346] Calling page.locator with args: ["label[for='extras-selected-0']"]
[2025-07-02_16-12-44-346] Calling locator.isVisible with args: []
[2025-07-02_16-12-44-352] → locator.isVisible returned: false
[2025-07-02_16-12-44-352] Calling locator.isVisible with args: []
[2025-07-02_16-12-44-359] → locator.isVisible returned: false
[2025-07-02_16-12-44-359] Calling locator.isVisible with args: []
[2025-07-02_16-12-44-363] → locator.isVisible returned: false
[2025-07-02_16-12-44-364] Calling page.getByRole with args: ["combobox"]
[2025-07-02_16-12-44-364] Calling locator.click with args: []
[2025-07-02_16-12-44-437] Calling page.getByRole with args: ["combobox"]
[2025-07-02_16-12-44-437] Calling locator.locator with args: ["option"]
[2025-07-02_16-12-44-438] Calling locator.allTextContents with args: []
[2025-07-02_16-12-44-471] Calling locator.selectOption with args: [{"label":"Gelato (11)"}]
[2025-07-02_16-12-44-493] Calling page.locator with args: ["label[for='extras-0']"]
[2025-07-02_16-12-44-494] Calling locator.click with args: []
[2025-07-02_16-12-44-573] Calling page.locator with args: ["label[for='extras-1']"]
[2025-07-02_16-12-44-574] Calling locator.click with args: []
[2025-07-02_16-12-44-630] Calling page.locator with args: ["label[for='extras-2']"]
[2025-07-02_16-12-44-630] Calling locator.click with args: []
[2025-07-02_16-12-44-693] Calling page.locator with args: ["label[for='extras-3']"]
[2025-07-02_16-12-44-694] Calling locator.click with args: []
[2025-07-02_16-12-44-740] Calling page.locator with args: ["label[for='extras-4']"]
[2025-07-02_16-12-44-741] Calling locator.click with args: []
[2025-07-02_16-12-44-827] Calling page.screenshot with args: [{"path":"screenshots/Single_Item_-_ALL-EDGE-1920x1080-2025-07-02_16-12-44-827.jpg"}]
[2025-07-02_16-12-44-961] Calling page.locator with args: ["#tabs-edit-menu-item-tab-item_options"]
[2025-07-02_16-12-44-961] Calling locator.click with args: []
[2025-07-02_16-12-45-001] Calling page.waitForTimeout with args: [3000]
[2025-07-02_16-12-48-009] Calling page.screenshot with args: [{"path":"screenshots/Single_Item_-_ALL-EDGE-1920x1080-2025-07-02_16-12-48-008.jpg"}]
[2025-07-02_16-12-48-153] Calling page.locator with args: ["div.col-2.modal-item-option-right-button > button"]
[2025-07-02_16-12-48-154] Calling locator.nth with args: [0]
[2025-07-02_16-12-48-154] Calling locator.count with args: []
[2025-07-02_16-12-48-160] → locator.count returned: 1
[2025-07-02_16-12-48-161] Calling locator.isVisible with args: []
[2025-07-02_16-12-48-165] → locator.isVisible returned: true
[2025-07-02_16-12-48-165] Calling locator.click with args: []
[2025-07-02_16-12-48-195] Calling page.locator with args: ["div.col-2.modal-item-option-right-button > button"]
[2025-07-02_16-12-48-196] Calling locator.nth with args: [0]
[2025-07-02_16-12-48-196] Calling locator.count with args: []
[2025-07-02_16-12-48-199] → locator.count returned: 1
[2025-07-02_16-12-48-200] Calling locator.isVisible with args: []
[2025-07-02_16-12-48-203] → locator.isVisible returned: true
[2025-07-02_16-12-48-204] Calling locator.click with args: []
[2025-07-02_16-12-48-245] Calling page.locator with args: ["div.col-2.modal-item-option-right-button > button"]
[2025-07-02_16-12-48-245] Calling locator.nth with args: [0]
[2025-07-02_16-12-48-246] Calling locator.count with args: []
[2025-07-02_16-12-48-249] → locator.count returned: 1
[2025-07-02_16-12-48-250] Calling locator.isVisible with args: []
[2025-07-02_16-12-48-254] → locator.isVisible returned: true
[2025-07-02_16-12-48-254] Calling locator.click with args: []
[2025-07-02_16-12-48-332] Calling page.screenshot with args: [{"path":"screenshots/Single_Item_-_ALL-EDGE-1920x1080-2025-07-02_16-12-48-332.jpg"}]
[2025-07-02_16-12-48-459] Calling page.locator with args: ["div.col-2.modal-item-option-left-button > button"]
[2025-07-02_16-12-48-459] Calling locator.count with args: []
[2025-07-02_16-12-48-465] → locator.count returned: 6
[2025-07-02_16-12-48-465] Calling page.locator with args: ["div.col-2.modal-item-option-left-button > button"]
[2025-07-02_16-12-48-465] Calling locator.nth with args: [0]
[2025-07-02_16-12-48-466] Calling locator.click with args: []
[2025-07-02_16-12-48-523] Calling page.locator with args: ["div.col-2.modal-item-option-left-button > button"]
[2025-07-02_16-12-48-523] Calling locator.count with args: []
[2025-07-02_16-12-48-527] → locator.count returned: 5
[2025-07-02_16-12-48-527] Calling page.locator with args: ["div.col-2.modal-item-option-left-button > button"]
[2025-07-02_16-12-48-527] Calling locator.nth with args: [0]
[2025-07-02_16-12-48-527] Calling locator.click with args: []
[2025-07-02_16-12-48-570] Calling page.locator with args: ["div.col-2.modal-item-option-left-button > button"]
[2025-07-02_16-12-48-570] Calling locator.count with args: []
[2025-07-02_16-12-48-573] → locator.count returned: 4
[2025-07-02_16-12-48-574] Calling page.locator with args: ["div.col-2.modal-item-option-left-button > button"]
[2025-07-02_16-12-48-574] Calling locator.nth with args: [0]
[2025-07-02_16-12-48-574] Calling locator.click with args: []
[2025-07-02_16-12-48-620] Calling page.locator with args: ["div.col-2.modal-item-option-left-button > button"]
[2025-07-02_16-12-48-620] Calling locator.count with args: []
[2025-07-02_16-12-48-625] → locator.count returned: 3
[2025-07-02_16-12-48-625] Calling page.screenshot with args: [{"path":"screenshots/Single_Item_-_ALL-EDGE-1920x1080-2025-07-02_16-12-48-625.jpg"}]
[2025-07-02_16-12-48-709] Calling page.getByRole with args: ["button",{"name":"Save"}]
[2025-07-02_16-12-48-709] Calling locator.click with args: []
[2025-07-02_16-12-48-777] Calling page.waitForTimeout with args: [10000]
[2025-07-02_16-12-58-788] Calling page.locator with args: ["xpath=//button[@id=\"deploy-button\"]"]
[2025-07-02_16-12-58-789] Calling locator.click with args: []
[2025-07-02_16-12-58-818] Calling page.getByRole with args: ["button",{"name":"Next"}]
[2025-07-02_16-12-58-819] Calling locator.click with args: []
[2025-07-02_16-12-59-245] Calling page.getByRole with args: ["button",{"name":"Next"}]
[2025-07-02_16-12-59-245] Calling locator.click with args: []
[2025-07-02_16-13-00-680] Calling page.getByRole with args: ["button",{"name":"Deploy (1)"}]
[2025-07-02_16-13-00-681] Calling locator.click with args: []
[2025-07-02_16-13-01-619] Calling page.getByRole with args: ["button"]
[2025-07-02_16-13-01-619] Calling locator.filter with args: [{"hasText":{}}]
[2025-07-02_16-13-01-620] Calling locator.click with args: []
[2025-07-02_16-13-02-081] Calling page.getByRole with args: ["textbox"]
[2025-07-02_16-13-02-082] Calling locator.press with args: ["ControlOrMeta+a"]
[2025-07-02_16-13-02-096] Calling page.getByRole with args: ["textbox"]
[2025-07-02_16-13-02-097] Calling locator.fill with args: ["Single_Item_-_ALL-EDGE-1920x1080-2025-07-02_16-12-18-279"]
[2025-07-02_16-13-02-245] Calling page.getByRole with args: ["button"]
[2025-07-02_16-13-02-246] Calling locator.filter with args: [{"hasText":{}}]
[2025-07-02_16-13-02-246] Calling locator.click with args: []
[2025-07-02_16-13-02-306] Calling page.getByRole with args: ["button",{"name":"Continue Deploy"}]
[2025-07-02_16-13-02-306] Calling locator.click with args: []
[2025-07-02_16-13-02-347] Calling page.waitForTimeout with args: [5000]
[2025-07-02_16-13-07-353] Calling page.goto with args: ["https://stg.my.deliverit.com.au/deployment-log"]
[2025-07-02_16-13-07-639] Calling page.waitForTimeout with args: [10000]
[2025-07-02_16-13-17-654] Calling page.getByRole with args: ["cell",{"name":"Single_Item_-_ALL-EDGE-1920x1080-2025-07-02_16-12-18-279"}]
[2025-07-02_16-13-17-656] Calling locator.count with args: []
[2025-07-02_16-13-17-659] Calling page.waitForTimeout with args: [5000]
[2025-07-02_16-13-17-684] → locator.count returned: 1
[2025-07-02_16-13-17-684] Calling locator.isVisible with args: []
[2025-07-02_16-13-17-693] → locator.isVisible returned: true
[2025-07-02_16-13-17-693] Calling locator.click with args: []
[2025-07-02_16-13-22-672] Calling page.locator with args: ["span.styles_id-value__MH_QF"]
[2025-07-02_16-13-22-673] Calling locator.textContent with args: []
[2025-07-02_16-13-22-680] → locator.textContent returned: "DYP-zx8s16eap53rzxck134q684z11014"
