[2025-07-02_16-14-21-848] Calling page.goto with args: ["https://stg.my.deliverit.com.au/"]
[2025-07-02_16-14-24-197] Calling page.getByRole with args: ["textbox",{"name":"Email"}]
[2025-07-02_16-14-24-198] Calling locator.click with args: []
[2025-07-02_16-14-24-334] Calling page.getByRole with args: ["textbox",{"name":"Email"}]
[2025-07-02_16-14-24-335] Calling locator.fill with args: ["vin.cuenza@easypos.com.ph"]
[2025-07-02_16-14-24-362] Calling page.getByRole with args: ["textbox",{"name":"Password"}]
[2025-07-02_16-14-24-363] Calling locator.click with args: []
[2025-07-02_16-14-24-443] Calling page.getByRole with args: ["textbox",{"name":"Password"}]
[2025-07-02_16-14-24-444] Calling locator.fill with args: ["Aa1234567890!"]
[2025-07-02_16-14-24-464] Calling page.getByRole with args: ["button",{"name":"Sign in"}]
[2025-07-02_16-14-24-465] Calling locator.click with args: []
[2025-07-02_16-14-24-533] Calling page.waitForTimeout with args: [10000]
[2025-07-02_16-14-34-543] Calling page.locator with args: ["#btn-store-selector"]
[2025-07-02_16-14-34-545] Calling locator.nth with args: [0]
[2025-07-02_16-14-34-547] Calling locator.click with args: []
[2025-07-02_16-14-36-263] Calling page.getByRole with args: ["searchbox",{"name":"Search"}]
[2025-07-02_16-14-36-263] Calling locator.click with args: []
[2025-07-02_16-14-36-367] Calling page.viewportSize with args: []
[2025-07-02_16-14-36-367] Calling page.waitForTimeout with args: [1000]
[2025-07-02_16-14-36-369] Calling page.getByRole with args: ["searchbox",{"name":"Search"}]
[2025-07-02_16-14-36-370] Calling locator.fill with args: ["VS Test Store 02"]
[2025-07-02_16-14-36-393] Calling page.getByRole with args: ["button",{"name":"VS Test Store 02"}]
[2025-07-02_16-14-36-393] Calling locator.click with args: []
[2025-07-02_16-14-36-482] Calling page.waitForTimeout with args: [10000]
[2025-07-02_16-14-46-502] Calling page.getByRole with args: ["textbox",{"name":"Search PLU / Item Name here"}]
[2025-07-02_16-14-46-504] Calling locator.click with args: []
[2025-07-02_16-14-46-545] Calling page.getByRole with args: ["textbox",{"name":"Search PLU / Item Name here"}]
[2025-07-02_16-14-46-546] Calling locator.fill with args: ["STP04"]
[2025-07-02_16-14-46-562] Calling page.locator with args: ["xpath=//div[@id=\"row-0\"]"]
[2025-07-02_16-14-46-562] Calling locator.nth with args: [0]
[2025-07-02_16-14-46-562] Calling locator.click with args: []
[2025-07-02_16-14-46-623] Calling page.getByRole with args: ["tab",{"name":"Advanced"}]
[2025-07-02_16-14-46-623] Calling locator.click with args: []
[2025-07-02_16-14-48-534] Calling page.locator with args: ["input[name=\"visual_tag\"]"]
[2025-07-02_16-14-48-535] Calling locator.click with args: []
[2025-07-02_16-14-48-583] Calling keyboard.press with args: ["b"]
[2025-07-02_16-14-48-603] Calling keyboard.press with args: ["n"]
[2025-07-02_16-14-48-621] Calling keyboard.press with args: ["l"]
[2025-07-02_16-14-48-631] Calling page.getByRole with args: ["button",{"name":"Save"}]
[2025-07-02_16-14-48-632] Calling locator.click with args: []
[2025-07-02_16-14-48-711] Calling page.waitForTimeout with args: [10000]
[2025-07-02_16-14-58-718] Calling page.locator with args: ["xpath=//button[@id=\"deploy-button\"]"]
[2025-07-02_16-14-58-720] Calling locator.click with args: []
[2025-07-02_16-14-58-775] Calling page.getByRole with args: ["button",{"name":"Next"}]
[2025-07-02_16-14-58-776] Calling locator.click with args: []
[2025-07-02_16-14-59-229] Calling page.getByRole with args: ["button",{"name":"Next"}]
[2025-07-02_16-14-59-230] Calling locator.click with args: []
[2025-07-02_16-15-00-652] Calling page.getByRole with args: ["button",{"name":"Deploy (1)"}]
[2025-07-02_16-15-00-653] Calling locator.click with args: []
[2025-07-02_16-15-01-498] Calling page.getByRole with args: ["button"]
[2025-07-02_16-15-01-499] Calling locator.filter with args: [{"hasText":{}}]
[2025-07-02_16-15-01-499] Calling locator.click with args: []
[2025-07-02_16-15-01-963] Calling page.getByRole with args: ["textbox"]
[2025-07-02_16-15-01-963] Calling locator.press with args: ["ControlOrMeta+a"]
[2025-07-02_16-15-01-982] Calling page.getByRole with args: ["textbox"]
[2025-07-02_16-15-01-982] Calling locator.fill with args: ["Single_Item_-_Advance-EDGE-1680x1050-2025-07-02_16-14-21-848"]
[2025-07-02_16-15-02-128] Calling page.getByRole with args: ["button"]
[2025-07-02_16-15-02-128] Calling locator.filter with args: [{"hasText":{}}]
[2025-07-02_16-15-02-129] Calling locator.click with args: []
[2025-07-02_16-15-02-193] Calling page.getByRole with args: ["button",{"name":"Continue Deploy"}]
[2025-07-02_16-15-02-194] Calling locator.click with args: []
[2025-07-02_16-15-02-256] Calling page.waitForTimeout with args: [5000]
[2025-07-02_16-15-07-264] Calling page.goto with args: ["https://stg.my.deliverit.com.au/deployment-log"]
[2025-07-02_16-15-08-133] Calling page.waitForTimeout with args: [10000]
[2025-07-02_16-15-18-154] Calling page.getByRole with args: ["cell",{"name":"Single_Item_-_Advance-EDGE-1680x1050-2025-07-02_16-14-21-848"}]
[2025-07-02_16-15-18-155] Calling locator.count with args: []
[2025-07-02_16-15-18-160] Calling page.waitForTimeout with args: [5000]
[2025-07-02_16-15-18-205] → locator.count returned: 1
[2025-07-02_16-15-18-205] Calling locator.isVisible with args: []
[2025-07-02_16-15-18-212] → locator.isVisible returned: true
[2025-07-02_16-15-18-213] Calling locator.click with args: []
[2025-07-02_16-15-23-191] Calling page.locator with args: ["span.styles_id-value__MH_QF"]
[2025-07-02_16-15-23-192] Calling locator.textContent with args: []
[2025-07-02_16-15-23-211] → locator.textContent returned: "DYP-dfb3j9jcsn8ba4rvtor0rxqq11015"
