[2025-07-02_16-03-08-253] Calling page.goto with args: ["https://stg.my.deliverit.com.au/"]
[2025-07-02_16-03-08-810] Calling page.getByRole with args: ["textbox",{"name":"Email"}]
[2025-07-02_16-03-08-810] Calling locator.click with args: []
[2025-07-02_16-03-08-926] Calling page.getByRole with args: ["textbox",{"name":"Email"}]
[2025-07-02_16-03-08-927] Calling locator.fill with args: ["vin.cuenza@easypos.com.ph"]
[2025-07-02_16-03-08-941] Calling page.getByRole with args: ["textbox",{"name":"Password"}]
[2025-07-02_16-03-08-948] Calling locator.click with args: []
[2025-07-02_16-03-09-005] Calling page.getByRole with args: ["textbox",{"name":"Password"}]
[2025-07-02_16-03-09-006] Calling locator.fill with args: ["Aa1234567890!"]
[2025-07-02_16-03-09-025] Calling page.getByRole with args: ["button",{"name":"Sign in"}]
[2025-07-02_16-03-09-025] Calling locator.click with args: []
[2025-07-02_16-03-09-091] Calling page.waitForTimeout with args: [10000]
[2025-07-02_16-03-19-099] Calling page.locator with args: ["#btn-store-selector"]
[2025-07-02_16-03-19-099] Calling locator.nth with args: [0]
[2025-07-02_16-03-19-099] Calling locator.click with args: []
[2025-07-02_16-03-19-187] Calling page.getByRole with args: ["searchbox",{"name":"Search"}]
[2025-07-02_16-03-19-188] Calling locator.click with args: []
[2025-07-02_16-03-19-438] Calling page.viewportSize with args: []
[2025-07-02_16-03-19-439] Calling page.waitForTimeout with args: [2000]
[2025-07-02_16-03-19-440] Calling page.getByRole with args: ["searchbox",{"name":"Search"}]
[2025-07-02_16-03-19-441] Calling locator.fill with args: ["VS Test Store 03"]
[2025-07-02_16-03-19-461] Calling page.getByRole with args: ["button",{"name":"VS Test Store 03"}]
[2025-07-02_16-03-19-462] Calling locator.click with args: []
[2025-07-02_16-03-19-539] Calling page.waitForTimeout with args: [10000]
[2025-07-02_16-03-29-555] Calling page.getByRole with args: ["textbox",{"name":"Search PLU / Item Name here"}]
[2025-07-02_16-03-29-556] Calling locator.click with args: []
[2025-07-02_16-03-29-588] Calling page.getByRole with args: ["textbox",{"name":"Search PLU / Item Name here"}]
[2025-07-02_16-03-29-589] Calling locator.fill with args: ["STP02"]
[2025-07-02_16-03-29-608] Calling page.locator with args: ["xpath=//div[@id=\"row-0\"]"]
[2025-07-02_16-03-29-609] Calling locator.nth with args: [0]
[2025-07-02_16-03-29-609] Calling locator.click with args: []
[2025-07-02_16-03-29-670] Calling page.getByRole with args: ["textbox",{"name":"Display Name"}]
[2025-07-02_16-03-29-670] Calling locator.click with args: []
[2025-07-02_16-03-31-070] Calling keyboard.press with args: ["h"]
[2025-07-02_16-03-31-098] Calling keyboard.press with args: ["k"]
[2025-07-02_16-03-31-116] Calling keyboard.press with args: ["p"]
[2025-07-02_16-03-31-148] Calling page.getByRole with args: ["textbox",{"name":"Print Name"}]
[2025-07-02_16-03-31-149] Calling locator.click with args: []
[2025-07-02_16-03-31-221] Calling keyboard.press with args: ["h"]
[2025-07-02_16-03-31-242] Calling keyboard.press with args: ["k"]
[2025-07-02_16-03-31-255] Calling keyboard.press with args: ["p"]
[2025-07-02_16-03-31-264] Calling page.getByRole with args: ["textbox",{"name":"Description"}]
[2025-07-02_16-03-31-264] Calling locator.click with args: []
[2025-07-02_16-03-31-346] Calling keyboard.press with args: ["h"]
[2025-07-02_16-03-31-361] Calling keyboard.press with args: ["k"]
[2025-07-02_16-03-31-372] Calling keyboard.press with args: ["p"]
[2025-07-02_16-03-31-383] Calling page.screenshot with args: [{"path":"screenshots/Single_Item_-_General_Info-CHROMIUM-1366x768-2025-07-02_16-03-31-383.jpg"}]
[2025-07-02_16-03-31-518] Calling page.getByRole with args: ["button",{"name":"Save"}]
[2025-07-02_16-03-31-518] Calling locator.click with args: []
[2025-07-02_16-03-31-603] Calling page.waitForTimeout with args: [10000]
[2025-07-02_16-03-41-611] Calling page.locator with args: ["xpath=//button[@id=\"deploy-button\"]"]
[2025-07-02_16-03-41-612] Calling locator.click with args: []
[2025-07-02_16-03-41-644] Calling page.getByRole with args: ["button",{"name":"Next"}]
[2025-07-02_16-03-41-645] Calling locator.click with args: []
[2025-07-02_16-03-42-077] Calling page.getByRole with args: ["button",{"name":"Next"}]
[2025-07-02_16-03-42-078] Calling locator.click with args: []
[2025-07-02_16-03-43-466] Calling page.getByRole with args: ["button",{"name":"Deploy (1)"}]
[2025-07-02_16-03-43-467] Calling locator.click with args: []
[2025-07-02_16-03-44-336] Calling page.getByRole with args: ["button"]
[2025-07-02_16-03-44-336] Calling locator.filter with args: [{"hasText":{}}]
[2025-07-02_16-03-44-337] Calling locator.click with args: []
[2025-07-02_16-03-44-404] Calling page.getByRole with args: ["textbox"]
[2025-07-02_16-03-44-405] Calling locator.press with args: ["ControlOrMeta+a"]
[2025-07-02_16-03-44-451] Calling page.getByRole with args: ["textbox"]
[2025-07-02_16-03-44-452] Calling locator.fill with args: ["Single_Item_-_General_Info-CHROMIUM-1366x768-2025-07-02_16-03-08-252"]
[2025-07-02_16-03-44-535] Calling page.getByRole with args: ["button"]
[2025-07-02_16-03-44-535] Calling locator.filter with args: [{"hasText":{}}]
[2025-07-02_16-03-44-536] Calling locator.click with args: []
[2025-07-02_16-03-44-755] Calling page.getByRole with args: ["button",{"name":"Continue Deploy"}]
[2025-07-02_16-03-44-756] Calling locator.click with args: []
[2025-07-02_16-03-44-823] Calling page.waitForTimeout with args: [5000]
[2025-07-02_16-03-49-831] Calling page.goto with args: ["https://stg.my.deliverit.com.au/deployment-log"]
[2025-07-02_16-03-50-176] Calling page.waitForTimeout with args: [10000]
[2025-07-02_16-04-00-188] Calling page.getByRole with args: ["cell",{"name":"Single_Item_-_General_Info-CHROMIUM-1366x768-2025-07-02_16-03-08-252"}]
[2025-07-02_16-04-00-190] Calling locator.count with args: []
[2025-07-02_16-04-00-199] Calling page.waitForTimeout with args: [5000]
[2025-07-02_16-04-00-246] → locator.count returned: 1
[2025-07-02_16-04-00-246] Calling locator.isVisible with args: []
[2025-07-02_16-04-00-256] → locator.isVisible returned: true
[2025-07-02_16-04-00-257] Calling locator.click with args: []
[2025-07-02_16-04-05-218] Calling page.locator with args: ["span.styles_id-value__MH_QF"]
[2025-07-02_16-04-05-219] Calling locator.textContent with args: []
[2025-07-02_16-04-05-224] → locator.textContent returned: "DYP-cedxjolukb04wz5pbf3uh3ea11016"
