[2025-07-02_16-12-15-538] Calling page.goto with args: ["https://stg.my.deliverit.com.au/"]
[2025-07-02_16-12-17-063] Calling page.getByRole with args: ["textbox",{"name":"Email"}]
[2025-07-02_16-12-17-064] Calling locator.click with args: []
[2025-07-02_16-12-17-184] Calling page.getByRole with args: ["textbox",{"name":"Email"}]
[2025-07-02_16-12-17-185] Calling locator.fill with args: ["vin.cuenza@easypos.com.ph"]
[2025-07-02_16-12-17-202] Calling page.getByRole with args: ["textbox",{"name":"Password"}]
[2025-07-02_16-12-17-203] Calling locator.click with args: []
[2025-07-02_16-12-17-246] Calling page.getByRole with args: ["textbox",{"name":"Password"}]
[2025-07-02_16-12-17-247] Calling locator.fill with args: ["Aa1234567890!"]
[2025-07-02_16-12-17-259] Calling page.getByRole with args: ["button",{"name":"Sign in"}]
[2025-07-02_16-12-17-259] Calling locator.click with args: []
[2025-07-02_16-12-17-316] Calling page.waitForTimeout with args: [10000]
[2025-07-02_16-12-27-328] Calling page.locator with args: ["#btn-store-selector"]
[2025-07-02_16-12-27-330] Calling locator.nth with args: [0]
[2025-07-02_16-12-27-331] Calling locator.click with args: []
[2025-07-02_16-12-29-036] Calling page.getByRole with args: ["searchbox",{"name":"Search"}]
[2025-07-02_16-12-29-039] Calling locator.click with args: []
[2025-07-02_16-12-29-276] Calling page.viewportSize with args: []
[2025-07-02_16-12-29-277] Calling page.getByRole with args: ["searchbox",{"name":"Search"}]
[2025-07-02_16-12-29-277] Calling locator.fill with args: ["VS Test Store 01"]
[2025-07-02_16-12-29-302] Calling page.getByRole with args: ["button",{"name":"VS Test Store 01"}]
[2025-07-02_16-12-29-303] Calling locator.click with args: []
[2025-07-02_16-12-29-364] Calling page.waitForTimeout with args: [10000]
[2025-07-02_16-12-39-388] Calling page.getByRole with args: ["textbox",{"name":"Search PLU / Item Name here"}]
[2025-07-02_16-12-39-395] Calling locator.click with args: []
[2025-07-02_16-12-39-463] Calling page.getByRole with args: ["textbox",{"name":"Search PLU / Item Name here"}]
[2025-07-02_16-12-39-463] Calling locator.fill with args: ["STP03"]
[2025-07-02_16-12-39-479] Calling page.locator with args: ["xpath=//div[@id=\"row-0\"]"]
[2025-07-02_16-12-39-479] Calling locator.nth with args: [0]
[2025-07-02_16-12-39-479] Calling locator.click with args: []
[2025-07-02_16-12-39-518] Calling page.locator with args: ["#tabs-edit-menu-item-tab-item_options"]
[2025-07-02_16-12-39-519] Calling locator.click with args: []
[2025-07-02_16-12-40-943] Calling page.waitForTimeout with args: [3000]
[2025-07-02_16-12-43-955] Calling page.screenshot with args: [{"path":"screenshots/Single_Item_-_Modifiers-EDGE-1920x1080-2025-07-02_16-12-43-954.jpg"}]
[2025-07-02_16-12-44-046] Calling page.locator with args: ["div.col-2.modal-item-option-right-button > button"]
[2025-07-02_16-12-44-047] Calling locator.nth with args: [0]
[2025-07-02_16-12-44-047] Calling locator.count with args: []
[2025-07-02_16-12-44-053] → locator.count returned: 1
[2025-07-02_16-12-44-054] Calling locator.isVisible with args: []
[2025-07-02_16-12-44-061] → locator.isVisible returned: true
[2025-07-02_16-12-44-061] Calling locator.click with args: []
[2025-07-02_16-12-44-153] Calling page.locator with args: ["div.col-2.modal-item-option-right-button > button"]
[2025-07-02_16-12-44-154] Calling locator.nth with args: [0]
[2025-07-02_16-12-44-154] Calling locator.count with args: []
[2025-07-02_16-12-44-168] → locator.count returned: 1
[2025-07-02_16-12-44-168] Calling locator.isVisible with args: []
[2025-07-02_16-12-44-175] → locator.isVisible returned: true
[2025-07-02_16-12-44-177] Calling locator.click with args: []
[2025-07-02_16-12-44-216] Calling page.locator with args: ["div.col-2.modal-item-option-right-button > button"]
[2025-07-02_16-12-44-216] Calling locator.nth with args: [0]
[2025-07-02_16-12-44-217] Calling locator.count with args: []
[2025-07-02_16-12-44-234] → locator.count returned: 1
[2025-07-02_16-12-44-234] Calling locator.isVisible with args: []
[2025-07-02_16-12-44-241] → locator.isVisible returned: true
[2025-07-02_16-12-44-242] Calling locator.click with args: []
[2025-07-02_16-12-44-281] Calling page.screenshot with args: [{"path":"screenshots/Single_Item_-_Modifiers-EDGE-1920x1080-2025-07-02_16-12-44-281.jpg"}]
[2025-07-02_16-12-44-364] Calling page.locator with args: ["div.col-2.modal-item-option-left-button > button"]
[2025-07-02_16-12-44-365] Calling locator.count with args: []
[2025-07-02_16-12-44-369] → locator.count returned: 6
[2025-07-02_16-12-44-370] Calling page.locator with args: ["div.col-2.modal-item-option-left-button > button"]
[2025-07-02_16-12-44-370] Calling locator.nth with args: [0]
[2025-07-02_16-12-44-371] Calling locator.click with args: []
[2025-07-02_16-12-44-444] Calling page.locator with args: ["div.col-2.modal-item-option-left-button > button"]
[2025-07-02_16-12-44-444] Calling locator.count with args: []
[2025-07-02_16-12-44-453] → locator.count returned: 5
[2025-07-02_16-12-44-454] Calling page.locator with args: ["div.col-2.modal-item-option-left-button > button"]
[2025-07-02_16-12-44-455] Calling locator.nth with args: [0]
[2025-07-02_16-12-44-455] Calling locator.click with args: []
[2025-07-02_16-12-44-498] Calling page.locator with args: ["div.col-2.modal-item-option-left-button > button"]
[2025-07-02_16-12-44-499] Calling locator.count with args: []
[2025-07-02_16-12-44-503] → locator.count returned: 4
[2025-07-02_16-12-44-504] Calling page.locator with args: ["div.col-2.modal-item-option-left-button > button"]
[2025-07-02_16-12-44-504] Calling locator.nth with args: [0]
[2025-07-02_16-12-44-504] Calling locator.click with args: []
[2025-07-02_16-12-44-561] Calling page.locator with args: ["div.col-2.modal-item-option-left-button > button"]
[2025-07-02_16-12-44-561] Calling locator.count with args: []
[2025-07-02_16-12-44-566] → locator.count returned: 3
[2025-07-02_16-12-44-566] Calling page.screenshot with args: [{"path":"screenshots/Single_Item_-_Modifiers-EDGE-1920x1080-2025-07-02_16-12-44-566.jpg"}]
[2025-07-02_16-12-44-654] Calling page.getByRole with args: ["button",{"name":"Save"}]
[2025-07-02_16-12-44-655] Calling locator.click with args: []
[2025-07-02_16-12-44-722] Calling page.waitForTimeout with args: [10000]
[2025-07-02_16-12-54-737] Calling page.locator with args: ["xpath=//button[@id=\"deploy-button\"]"]
[2025-07-02_16-12-54-737] Calling locator.click with args: []
[2025-07-02_16-12-54-768] Calling page.getByRole with args: ["button",{"name":"Next"}]
[2025-07-02_16-12-54-768] Calling locator.click with args: []
[2025-07-02_16-12-55-182] Calling page.getByRole with args: ["button",{"name":"Next"}]
[2025-07-02_16-12-55-182] Calling locator.click with args: []
[2025-07-02_16-12-56-177] Calling page.getByRole with args: ["button",{"name":"Deploy (1)"}]
[2025-07-02_16-12-56-179] Calling locator.click with args: []
[2025-07-02_16-12-57-133] Calling page.getByRole with args: ["button"]
[2025-07-02_16-12-57-134] Calling locator.filter with args: [{"hasText":{}}]
[2025-07-02_16-12-57-134] Calling locator.click with args: []
[2025-07-02_16-12-57-571] Calling page.getByRole with args: ["textbox"]
[2025-07-02_16-12-57-572] Calling locator.press with args: ["ControlOrMeta+a"]
[2025-07-02_16-12-57-605] Calling page.getByRole with args: ["textbox"]
[2025-07-02_16-12-57-606] Calling locator.fill with args: ["Single_Item_-_Modifiers-EDGE-1920x1080-2025-07-02_16-12-15-538"]
[2025-07-02_16-12-57-749] Calling page.getByRole with args: ["button"]
[2025-07-02_16-12-57-750] Calling locator.filter with args: [{"hasText":{}}]
[2025-07-02_16-12-57-751] Calling locator.click with args: []
[2025-07-02_16-12-57-843] Calling page.getByRole with args: ["button",{"name":"Continue Deploy"}]
[2025-07-02_16-12-57-843] Calling locator.click with args: []
[2025-07-02_16-12-57-881] Calling page.waitForTimeout with args: [5000]
[2025-07-02_16-13-02-889] Calling page.goto with args: ["https://stg.my.deliverit.com.au/deployment-log"]
[2025-07-02_16-13-03-238] Calling page.waitForTimeout with args: [10000]
[2025-07-02_16-13-13-251] Calling page.getByRole with args: ["cell",{"name":"Single_Item_-_Modifiers-EDGE-1920x1080-2025-07-02_16-12-15-538"}]
[2025-07-02_16-13-13-252] Calling locator.count with args: []
[2025-07-02_16-13-13-258] Calling page.waitForTimeout with args: [5000]
[2025-07-02_16-13-13-304] → locator.count returned: 1
[2025-07-02_16-13-13-304] Calling locator.isVisible with args: []
[2025-07-02_16-13-13-311] → locator.isVisible returned: true
[2025-07-02_16-13-13-311] Calling locator.click with args: []
[2025-07-02_16-13-18-282] Calling page.locator with args: ["span.styles_id-value__MH_QF"]
[2025-07-02_16-13-18-283] Calling locator.textContent with args: []
[2025-07-02_16-13-18-292] → locator.textContent returned: "DYP-dnf3at6txefx1j8dccm57b3m11014"
