[2025-07-02_16-04-08-242] Calling page.goto with args: ["https://stg.my.deliverit.com.au/"]
[2025-07-02_16-04-08-834] Calling page.getByRole with args: ["textbox",{"name":"Email"}]
[2025-07-02_16-04-08-835] Calling locator.click with args: []
[2025-07-02_16-04-08-959] Calling page.getByRole with args: ["textbox",{"name":"Email"}]
[2025-07-02_16-04-08-959] Calling locator.fill with args: ["vin.cuenza@easypos.com.ph"]
[2025-07-02_16-04-08-973] Calling page.getByRole with args: ["textbox",{"name":"Password"}]
[2025-07-02_16-04-08-974] Calling locator.click with args: []
[2025-07-02_16-04-09-020] Calling page.getByRole with args: ["textbox",{"name":"Password"}]
[2025-07-02_16-04-09-020] Calling locator.fill with args: ["Aa1234567890!"]
[2025-07-02_16-04-09-028] Calling page.getByRole with args: ["button",{"name":"Sign in"}]
[2025-07-02_16-04-09-029] Calling locator.click with args: []
[2025-07-02_16-04-09-084] Calling page.waitForTimeout with args: [10000]
[2025-07-02_16-04-19-086] Calling page.locator with args: ["#btn-store-selector"]
[2025-07-02_16-04-19-086] Calling locator.nth with args: [0]
[2025-07-02_16-04-19-087] Calling locator.click with args: []
[2025-07-02_16-04-19-292] Calling page.getByRole with args: ["searchbox",{"name":"Search"}]
[2025-07-02_16-04-19-292] Calling locator.click with args: []
[2025-07-02_16-04-19-489] Calling page.viewportSize with args: []
[2025-07-02_16-04-19-490] Calling page.waitForTimeout with args: [2000]
[2025-07-02_16-04-19-492] Calling page.getByRole with args: ["searchbox",{"name":"Search"}]
[2025-07-02_16-04-19-492] Calling locator.fill with args: ["VS Test Store 03"]
[2025-07-02_16-04-19-512] Calling page.getByRole with args: ["button",{"name":"VS Test Store 03"}]
[2025-07-02_16-04-19-513] Calling locator.click with args: []
[2025-07-02_16-04-19-568] Calling page.waitForTimeout with args: [10000]
[2025-07-02_16-04-29-585] Calling page.getByRole with args: ["textbox",{"name":"Search PLU / Item Name here"}]
[2025-07-02_16-04-29-585] Calling locator.click with args: []
[2025-07-02_16-04-29-620] Calling page.getByRole with args: ["textbox",{"name":"Search PLU / Item Name here"}]
[2025-07-02_16-04-29-621] Calling locator.fill with args: ["STP01"]
[2025-07-02_16-04-29-638] Calling page.locator with args: ["xpath=//div[@id=\"row-0\"]"]
[2025-07-02_16-04-29-638] Calling locator.nth with args: [0]
[2025-07-02_16-04-29-638] Calling locator.click with args: []
[2025-07-02_16-04-29-697] Calling page.getByRole with args: ["tab",{"name":"Advanced"}]
[2025-07-02_16-04-29-697] Calling locator.click with args: []
[2025-07-02_16-04-31-622] Calling page.locator with args: ["input[name=\"visual_tag\"]"]
[2025-07-02_16-04-31-622] Calling locator.click with args: []
[2025-07-02_16-04-31-690] Calling keyboard.press with args: ["l"]
[2025-07-02_16-04-31-707] Calling keyboard.press with args: ["k"]
[2025-07-02_16-04-31-719] Calling keyboard.press with args: ["e"]
[2025-07-02_16-04-31-730] Calling page.getByRole with args: ["button",{"name":"Save"}]
[2025-07-02_16-04-31-730] Calling locator.click with args: []
[2025-07-02_16-04-31-836] Calling page.waitForTimeout with args: [10000]
[2025-07-02_16-04-41-853] Calling page.locator with args: ["xpath=//button[@id=\"deploy-button\"]"]
[2025-07-02_16-04-41-854] Calling locator.click with args: []
[2025-07-02_16-04-41-891] Calling page.getByRole with args: ["button",{"name":"Next"}]
[2025-07-02_16-04-41-891] Calling locator.click with args: []
[2025-07-02_16-04-42-303] Calling page.getByRole with args: ["button",{"name":"Next"}]
[2025-07-02_16-04-42-303] Calling locator.click with args: []
[2025-07-02_16-04-43-858] Calling page.getByRole with args: ["button",{"name":"Deploy (1)"}]
[2025-07-02_16-04-43-858] Calling locator.click with args: []
[2025-07-02_16-04-44-743] Calling page.getByRole with args: ["button"]
[2025-07-02_16-04-44-744] Calling locator.filter with args: [{"hasText":{}}]
[2025-07-02_16-04-44-745] Calling locator.click with args: []
[2025-07-02_16-04-45-234] Calling page.getByRole with args: ["textbox"]
[2025-07-02_16-04-45-235] Calling locator.press with args: ["ControlOrMeta+a"]
[2025-07-02_16-04-45-265] Calling page.getByRole with args: ["textbox"]
[2025-07-02_16-04-45-266] Calling locator.fill with args: ["Single_Item_-_Advance-CHROMIUM-1366x768-2025-07-02_16-04-08-242"]
[2025-07-02_16-04-45-419] Calling page.getByRole with args: ["button"]
[2025-07-02_16-04-45-420] Calling locator.filter with args: [{"hasText":{}}]
[2025-07-02_16-04-45-421] Calling locator.click with args: []
[2025-07-02_16-04-45-501] Calling page.getByRole with args: ["button",{"name":"Continue Deploy"}]
[2025-07-02_16-04-45-501] Calling locator.click with args: []
[2025-07-02_16-04-45-581] Calling page.waitForTimeout with args: [5000]
[2025-07-02_16-04-50-597] Calling page.goto with args: ["https://stg.my.deliverit.com.au/deployment-log"]
[2025-07-02_16-04-50-886] Calling page.waitForTimeout with args: [10000]
[2025-07-02_16-05-00-890] Calling page.getByRole with args: ["cell",{"name":"Single_Item_-_Advance-CHROMIUM-1366x768-2025-07-02_16-04-08-242"}]
[2025-07-02_16-05-00-890] Calling locator.count with args: []
[2025-07-02_16-05-00-892] Calling page.waitForTimeout with args: [5000]
[2025-07-02_16-05-00-918] → locator.count returned: 1
[2025-07-02_16-05-00-919] Calling locator.isVisible with args: []
[2025-07-02_16-05-00-926] → locator.isVisible returned: true
[2025-07-02_16-05-00-927] Calling locator.click with args: []
[2025-07-02_16-05-05-907] Calling page.locator with args: ["span.styles_id-value__MH_QF"]
[2025-07-02_16-05-05-908] Calling locator.textContent with args: []
[2025-07-02_16-05-05-915] → locator.textContent returned: "DYP-qhr4m4inqvya8h19nnibclml11016"
