[2025-07-02_16-07-06-796] Calling page.goto with args: ["https://stg.my.deliverit.com.au/"]
[2025-07-02_16-07-07-998] Calling page.getByRole with args: ["textbox",{"name":"Email"}]
[2025-07-02_16-07-07-998] Calling locator.click with args: []
[2025-07-02_16-07-08-103] Calling page.getByRole with args: ["textbox",{"name":"Email"}]
[2025-07-02_16-07-08-104] Calling locator.fill with args: ["vin.cuenza@easypos.com.ph"]
[2025-07-02_16-07-08-131] Calling page.getByRole with args: ["textbox",{"name":"Password"}]
[2025-07-02_16-07-08-131] Calling locator.click with args: []
[2025-07-02_16-07-08-248] Calling page.getByRole with args: ["textbox",{"name":"Password"}]
[2025-07-02_16-07-08-249] Calling locator.fill with args: ["Aa1234567890!"]
[2025-07-02_16-07-08-279] Calling page.getByRole with args: ["button",{"name":"Sign in"}]
[2025-07-02_16-07-08-280] Calling locator.click with args: []
[2025-07-02_16-07-08-378] Calling page.waitForTimeout with args: [10000]
[2025-07-02_16-07-18-384] Calling page.locator with args: ["#btn-store-selector"]
[2025-07-02_16-07-18-385] Calling locator.nth with args: [0]
[2025-07-02_16-07-18-387] Calling locator.click with args: []
[2025-07-02_16-07-18-600] Calling page.getByRole with args: ["searchbox",{"name":"Search"}]
[2025-07-02_16-07-18-601] Calling locator.click with args: []
[2025-07-02_16-07-18-801] Calling page.viewportSize with args: []
[2025-07-02_16-07-18-801] Calling page.waitForTimeout with args: [1000]
[2025-07-02_16-07-18-803] Calling page.getByRole with args: ["searchbox",{"name":"Search"}]
[2025-07-02_16-07-18-804] Calling locator.fill with args: ["VS Test Store 02"]
[2025-07-02_16-07-18-846] Calling page.getByRole with args: ["button",{"name":"VS Test Store 02"}]
[2025-07-02_16-07-18-846] Calling locator.click with args: []
[2025-07-02_16-07-18-979] Calling page.waitForTimeout with args: [10000]
[2025-07-02_16-07-28-990] Calling page.getByRole with args: ["textbox",{"name":"Search PLU / Item Name here"}]
[2025-07-02_16-07-28-990] Calling locator.click with args: []
[2025-07-02_16-07-29-075] Calling page.getByRole with args: ["textbox",{"name":"Search PLU / Item Name here"}]
[2025-07-02_16-07-29-075] Calling locator.fill with args: ["STP04"]
[2025-07-02_16-07-29-109] Calling page.locator with args: ["xpath=//div[@id=\"row-0\"]"]
[2025-07-02_16-07-29-109] Calling locator.nth with args: [0]
[2025-07-02_16-07-29-110] Calling locator.click with args: []
[2025-07-02_16-07-29-193] Calling page.getByRole with args: ["textbox",{"name":"Display Name"}]
[2025-07-02_16-07-29-194] Calling locator.click with args: []
[2025-07-02_16-07-30-681] Calling keyboard.press with args: ["i"]
[2025-07-02_16-07-30-714] Calling keyboard.press with args: ["g"]
[2025-07-02_16-07-30-730] Calling keyboard.press with args: ["j"]
[2025-07-02_16-07-30-748] Calling page.getByRole with args: ["textbox",{"name":"Print Name"}]
[2025-07-02_16-07-30-748] Calling locator.click with args: []
[2025-07-02_16-07-30-814] Calling keyboard.press with args: ["i"]
[2025-07-02_16-07-30-833] Calling keyboard.press with args: ["g"]
[2025-07-02_16-07-30-845] Calling keyboard.press with args: ["j"]
[2025-07-02_16-07-30-858] Calling page.getByRole with args: ["textbox",{"name":"Description"}]
[2025-07-02_16-07-30-858] Calling locator.click with args: []
[2025-07-02_16-07-30-932] Calling keyboard.press with args: ["i"]
[2025-07-02_16-07-30-951] Calling keyboard.press with args: ["g"]
[2025-07-02_16-07-30-964] Calling keyboard.press with args: ["j"]
[2025-07-02_16-07-30-979] Calling page.screenshot with args: [{"path":"screenshots/Single_Item_-_General_Info-FIREFOX-1680x1050-2025-07-02_16-07-30-979.jpg"}]
[2025-07-02_16-07-31-108] Calling page.getByRole with args: ["button",{"name":"Save"}]
[2025-07-02_16-07-31-108] Calling locator.click with args: []
[2025-07-02_16-07-31-210] Calling page.waitForTimeout with args: [10000]
[2025-07-02_16-07-41-224] Calling page.locator with args: ["xpath=//button[@id=\"deploy-button\"]"]
[2025-07-02_16-07-41-226] Calling locator.click with args: []
[2025-07-02_16-07-41-305] Calling page.getByRole with args: ["button",{"name":"Next"}]
[2025-07-02_16-07-41-305] Calling locator.click with args: []
[2025-07-02_16-07-41-661] Calling page.getByRole with args: ["button",{"name":"Next"}]
[2025-07-02_16-07-41-661] Calling locator.click with args: []
[2025-07-02_16-07-43-179] Calling page.getByRole with args: ["button",{"name":"Deploy (1)"}]
[2025-07-02_16-07-43-180] Calling locator.click with args: []
[2025-07-02_16-07-44-169] Calling page.getByRole with args: ["button"]
[2025-07-02_16-07-44-170] Calling locator.filter with args: [{"hasText":{}}]
[2025-07-02_16-07-44-170] Calling locator.click with args: []
[2025-07-02_16-07-44-703] Calling page.getByRole with args: ["textbox"]
[2025-07-02_16-07-44-703] Calling locator.press with args: ["ControlOrMeta+a"]
[2025-07-02_16-07-44-731] Calling page.getByRole with args: ["textbox"]
[2025-07-02_16-07-44-732] Calling locator.fill with args: ["Single_Item_-_General_Info-FIREFOX-1680x1050-2025-07-02_16-07-06-795"]
[2025-07-02_16-07-44-912] Calling page.getByRole with args: ["button"]
[2025-07-02_16-07-44-914] Calling locator.filter with args: [{"hasText":{}}]
[2025-07-02_16-07-44-916] Calling locator.click with args: []
[2025-07-02_16-07-45-011] Calling page.getByRole with args: ["button",{"name":"Continue Deploy"}]
[2025-07-02_16-07-45-012] Calling locator.click with args: []
[2025-07-02_16-07-45-082] Calling page.waitForTimeout with args: [5000]
[2025-07-02_16-07-50-095] Calling page.goto with args: ["https://stg.my.deliverit.com.au/deployment-log"]
[2025-07-02_16-07-50-621] Calling page.waitForTimeout with args: [10000]
[2025-07-02_16-08-00-632] Calling page.getByRole with args: ["cell",{"name":"Single_Item_-_General_Info-FIREFOX-1680x1050-2025-07-02_16-07-06-795"}]
[2025-07-02_16-08-00-632] Calling locator.count with args: []
[2025-07-02_16-08-00-634] Calling page.waitForTimeout with args: [5000]
[2025-07-02_16-08-00-691] → locator.count returned: 1
[2025-07-02_16-08-00-692] Calling locator.isVisible with args: []
[2025-07-02_16-08-00-715] → locator.isVisible returned: true
[2025-07-02_16-08-00-715] Calling locator.click with args: []
[2025-07-02_16-08-05-651] Calling page.locator with args: ["span.styles_id-value__MH_QF"]
[2025-07-02_16-08-05-652] Calling locator.textContent with args: []
[2025-07-02_16-08-05-662] → locator.textContent returned: "DYP-rrd5xcezdnri7sxktflo7u8611015"
